mode: atomic
quizapp/cmd/cleanup/main.go:100.3,100.9 1 0
quizapp/cmd/cleanup/main.go:104.2,106.59 3 0
quizapp/cmd/cleanup/main.go:106.59,108.3 1 0
quizapp/cmd/cleanup/main.go:110.2,111.107 2 0
quizapp/cmd/cleanup/main.go:16.122,18.33 2 0
quizapp/cmd/cleanup/main.go:21.13,29.11 4 0
quizapp/cmd/cleanup/main.go:29.11,40.3 10 0
quizapp/cmd/cleanup/main.go:43.2,44.16 2 0
quizapp/cmd/cleanup/main.go:44.16,45.56 1 0
quizapp/cmd/cleanup/main.go:49.2,50.16 2 0
quizapp/cmd/cleanup/main.go:50.16,51.62 1 0
quizapp/cmd/cleanup/main.go:53.15,54.16 1 0
quizapp/cmd/cleanup/main.go:53.2,53.15 1 0
quizapp/cmd/cleanup/main.go:54.16,55.54 1 0
quizapp/cmd/cleanup/main.go:55.54,57.5 1 0
quizapp/cmd/cleanup/main.go:59.16,60.54 1 0
quizapp/cmd/cleanup/main.go:59.3,59.16 1 0
quizapp/cmd/cleanup/main.go:60.54,62.5 1 0
quizapp/cmd/cleanup/main.go:67.2,71.16 3 0
quizapp/cmd/cleanup/main.go:71.16,73.3 1 0
quizapp/cmd/cleanup/main.go:74.15,75.36 1 0
quizapp/cmd/cleanup/main.go:74.2,74.15 1 0
quizapp/cmd/cleanup/main.go:75.36,77.4 1 0
quizapp/cmd/cleanup/main.go:81.2,83.16 2 0
quizapp/cmd/cleanup/main.go:83.16,86.17 2 0
quizapp/cmd/cleanup/main.go:86.17,88.4 1 0
quizapp/cmd/cleanup/main.go:90.3,95.17 5 0
quizapp/cmd/cleanup/main.go:95.17,97.4 1 0
quizapp/cmd/cleanup/main.go:97.9,99.4 1 0
quizapp/cmd/cli-worker/main.go:100.2,101.21 2 0
quizapp/cmd/cli-worker/main.go:101.21,102.50 1 0
quizapp/cmd/cli-worker/main.go:102.50,104.38 2 0
quizapp/cmd/cli-worker/main.go:109.2,113.16 3 0
quizapp/cmd/cli-worker/main.go:113.16,115.57 2 0
quizapp/cmd/cli-worker/main.go:117.15,118.36 1 0
quizapp/cmd/cli-worker/main.go:117.2,117.15 1 0
quizapp/cmd/cli-worker/main.go:118.36,120.4 1 0
quizapp/cmd/cli-worker/main.go:124.2,133.16 7 0
quizapp/cmd/cli-worker/main.go:133.16,135.46 2 0
quizapp/cmd/cli-worker/main.go:137.17,139.40 2 0
quizapp/cmd/cli-worker/main.go:137.2,137.17 1 0
quizapp/cmd/cli-worker/main.go:141.2,144.23 2 0
quizapp/cmd/cli-worker/main.go:144.23,149.3 4 0
quizapp/cmd/cli-worker/main.go:150.20,153.3 2 0
quizapp/cmd/cli-worker/main.go:150.2,150.20 1 0
quizapp/cmd/cli-worker/main.go:154.21,156.43 1 0
quizapp/cmd/cli-worker/main.go:154.2,154.21 1 0
quizapp/cmd/cli-worker/main.go:156.43,157.90 1 0
quizapp/cmd/cli-worker/main.go:157.90,159.51 2 0
quizapp/cmd/cli-worker/main.go:161.29,163.101 1 0
quizapp/cmd/cli-worker/main.go:161.9,161.29 1 0
quizapp/cmd/cli-worker/main.go:163.101,165.51 2 0
quizapp/cmd/cli-worker/main.go:171.2,171.51 1 0
quizapp/cmd/cli-worker/main.go:171.51,174.3 2 0
quizapp/cmd/cli-worker/main.go:177.2,178.21 2 0
quizapp/cmd/cli-worker/main.go:178.21,180.3 1 0
quizapp/cmd/cli-worker/main.go:182.2,183.18 2 0
quizapp/cmd/cli-worker/main.go:183.18,185.3 1 0
quizapp/cmd/cli-worker/main.go:188.2,188.25 1 0
quizapp/cmd/cli-worker/main.go:188.25,190.105 2 0
quizapp/cmd/cli-worker/main.go:192.2,192.22 1 0
quizapp/cmd/cli-worker/main.go:192.22,194.94 2 0
quizapp/cmd/cli-worker/main.go:198.2,204.18 7 0
quizapp/cmd/cli-worker/main.go:20.13,38.11 4 0
quizapp/cmd/cli-worker/main.go:204.18,206.3 1 0
quizapp/cmd/cli-worker/main.go:207.2,207.59 1 0
quizapp/cmd/cli-worker/main.go:207.59,209.3 1 0
quizapp/cmd/cli-worker/main.go:210.2,210.53 1 0
quizapp/cmd/cli-worker/main.go:210.53,212.3 1 0
quizapp/cmd/cli-worker/main.go:213.2,240.16 10 0
quizapp/cmd/cli-worker/main.go:240.16,244.3 3 0
quizapp/cmd/cli-worker/main.go:246.2,247.36 2 0
quizapp/cmd/cli-worker/main.go:250.60,251.41 1 0
quizapp/cmd/cli-worker/main.go:251.41,252.43 1 0
quizapp/cmd/cli-worker/main.go:252.43,254.4 1 0
quizapp/cmd/cli-worker/main.go:256.2,256.14 1 0
quizapp/cmd/cli-worker/main.go:259.69,260.43 1 0
quizapp/cmd/cli-worker/main.go:260.43,261.45 1 0
quizapp/cmd/cli-worker/main.go:261.45,263.4 1 0
quizapp/cmd/cli-worker/main.go:265.2,265.14 1 0
quizapp/cmd/cli-worker/main.go:268.37,269.40 1 0
quizapp/cmd/cli-worker/main.go:269.40,272.3 2 0
quizapp/cmd/cli-worker/main.go:273.2,287.44 14 0
quizapp/cmd/cli-worker/main.go:287.44,289.3 1 0
quizapp/cmd/cli-worker/main.go:290.2,290.28 1 0
quizapp/cmd/cli-worker/main.go:290.28,292.3 1 0
quizapp/cmd/cli-worker/main.go:292.8,294.3 1 0
quizapp/cmd/cli-worker/main.go:295.2,297.88 3 0
quizapp/cmd/cli-worker/main.go:38.11,41.3 2 0
quizapp/cmd/cli-worker/main.go:43.21,44.46 1 0
quizapp/cmd/cli-worker/main.go:43.2,43.21 1 0
quizapp/cmd/cli-worker/main.go:48.2,49.16 2 0
quizapp/cmd/cli-worker/main.go:49.16,50.56 1 0
quizapp/cmd/cli-worker/main.go:54.2,55.16 2 0
quizapp/cmd/cli-worker/main.go:55.16,56.62 1 0
quizapp/cmd/cli-worker/main.go:58.15,59.16 1 0
quizapp/cmd/cli-worker/main.go:58.2,58.15 1 0
quizapp/cmd/cli-worker/main.go:59.16,60.54 1 0
quizapp/cmd/cli-worker/main.go:60.54,62.5 1 0
quizapp/cmd/cli-worker/main.go:64.16,65.54 1 0
quizapp/cmd/cli-worker/main.go:64.3,64.16 1 0
quizapp/cmd/cli-worker/main.go:65.54,67.5 1 0
quizapp/cmd/cli-worker/main.go:71.2,86.12 4 0
quizapp/cmd/cli-worker/main.go:86.12,88.42 2 0
quizapp/cmd/cli-worker/main.go:92.18,93.58 1 0
quizapp/cmd/cli-worker/main.go:92.2,92.18 1 0
quizapp/cmd/cli-worker/main.go:93.58,95.35 2 0
quizapp/cmd/reset-db/main.go:100.2,108.101 6 0
quizapp/cmd/reset-db/main.go:108.101,110.3 1 0
quizapp/cmd/reset-db/main.go:112.2,121.72 10 0
quizapp/cmd/reset-db/main.go:124.26,127.6 2 0
quizapp/cmd/reset-db/main.go:127.6,130.17 3 0
quizapp/cmd/reset-db/main.go:130.17,132.12 2 0
quizapp/cmd/reset-db/main.go:135.3,137.19 2 0
quizapp/cmd/reset-db/main.go:138.14,139.15 1 0
quizapp/cmd/reset-db/main.go:140.17,141.16 1 0
quizapp/cmd/reset-db/main.go:142.11,143.66 1 0
quizapp/cmd/reset-db/main.go:148.41,150.32 1 0
quizapp/cmd/reset-db/main.go:150.32,152.22 2 0
quizapp/cmd/reset-db/main.go:152.22,154.4 1 0
quizapp/cmd/reset-db/main.go:156.2,156.12 1 0
quizapp/cmd/reset-db/main.go:18.122,20.33 2 0
quizapp/cmd/reset-db/main.go:23.13,28.16 3 0
quizapp/cmd/reset-db/main.go:28.16,29.56 1 0
quizapp/cmd/reset-db/main.go:33.2,34.16 2 0
quizapp/cmd/reset-db/main.go:34.16,35.62 1 0
quizapp/cmd/reset-db/main.go:37.15,38.16 1 0
quizapp/cmd/reset-db/main.go:37.2,37.15 1 0
quizapp/cmd/reset-db/main.go:38.16,39.54 1 0
quizapp/cmd/reset-db/main.go:39.54,41.5 1 0
quizapp/cmd/reset-db/main.go:43.16,44.54 1 0
quizapp/cmd/reset-db/main.go:43.3,43.16 1 0
quizapp/cmd/reset-db/main.go:44.54,46.5 1 0
quizapp/cmd/reset-db/main.go:50.2,62.27 11 0
quizapp/cmd/reset-db/main.go:62.27,64.3 1 0
quizapp/cmd/reset-db/main.go:66.2,70.21 3 0
quizapp/cmd/reset-db/main.go:70.21,73.3 2 0
quizapp/cmd/reset-db/main.go:76.2,80.16 3 0
quizapp/cmd/reset-db/main.go:80.16,82.3 1 0
quizapp/cmd/reset-db/main.go:83.15,84.36 1 0
quizapp/cmd/reset-db/main.go:83.2,83.15 1 0
quizapp/cmd/reset-db/main.go:84.36,86.4 1 0
quizapp/cmd/reset-db/main.go:90.2,96.55 4 0
quizapp/cmd/reset-db/main.go:96.55,98.3 1 0
quizapp/cmd/server/main.go:16.122,18.33 2 0
quizapp/cmd/server/main.go:21.13,25.16 3 0
quizapp/cmd/server/main.go:25.16,26.56 1 0
quizapp/cmd/server/main.go:30.2,31.16 2 0
quizapp/cmd/server/main.go:31.16,32.62 1 0
quizapp/cmd/server/main.go:34.15,35.16 1 0
quizapp/cmd/server/main.go:34.2,34.15 1 0
quizapp/cmd/server/main.go:35.16,36.54 1 0
quizapp/cmd/server/main.go:36.54,38.5 1 0
quizapp/cmd/server/main.go:40.16,41.54 1 0
quizapp/cmd/server/main.go:40.3,40.16 1 0
quizapp/cmd/server/main.go:41.54,43.5 1 0
quizapp/cmd/server/main.go:47.2,57.16 4 0
quizapp/cmd/server/main.go:57.16,59.3 1 0
quizapp/cmd/server/main.go:60.15,61.36 1 0
quizapp/cmd/server/main.go:60.2,60.15 1 0
quizapp/cmd/server/main.go:61.36,63.4 1 0
quizapp/cmd/server/main.go:67.2,77.101 7 0
quizapp/cmd/server/main.go:77.101,79.3 1 0
quizapp/cmd/server/main.go:82.2,94.51 3 0
quizapp/cmd/server/main.go:94.51,96.3 1 0
quizapp/cmd/setup-test-db/main.go:104.2,106.16 3 0
quizapp/cmd/setup-test-db/main.go:106.16,108.3 1 0
quizapp/cmd/setup-test-db/main.go:109.15,110.41 1 0
quizapp/cmd/setup-test-db/main.go:109.2,109.15 1 0
quizapp/cmd/setup-test-db/main.go:110.41,112.4 1 0
quizapp/cmd/setup-test-db/main.go:115.2,121.16 3 0
quizapp/cmd/setup-test-db/main.go:121.16,123.3 1 0
quizapp/cmd/setup-test-db/main.go:125.2,127.16 3 0
quizapp/cmd/setup-test-db/main.go:127.16,129.3 1 0
quizapp/cmd/setup-test-db/main.go:130.2,134.16 4 0
quizapp/cmd/setup-test-db/main.go:134.16,136.3 1 0
quizapp/cmd/setup-test-db/main.go:137.2,140.12 3 0
quizapp/cmd/setup-test-db/main.go:143.13,148.16 3 0
quizapp/cmd/setup-test-db/main.go:148.16,149.49 1 0
quizapp/cmd/setup-test-db/main.go:153.2,154.16 2 0
quizapp/cmd/setup-test-db/main.go:154.16,155.62 1 0
quizapp/cmd/setup-test-db/main.go:157.15,158.16 1 0
quizapp/cmd/setup-test-db/main.go:157.2,157.15 1 0
quizapp/cmd/setup-test-db/main.go:158.16,159.54 1 0
quizapp/cmd/setup-test-db/main.go:159.54,161.5 1 0
quizapp/cmd/setup-test-db/main.go:163.16,164.54 1 0
quizapp/cmd/setup-test-db/main.go:163.3,163.16 1 0
quizapp/cmd/setup-test-db/main.go:164.54,166.5 1 0
quizapp/cmd/setup-test-db/main.go:171.2,179.23 7 0
quizapp/cmd/setup-test-db/main.go:179.23,181.3 1 0
quizapp/cmd/setup-test-db/main.go:184.2,188.71 3 0
quizapp/cmd/setup-test-db/main.go:188.71,190.21 2 0
quizapp/cmd/setup-test-db/main.go:194.2,199.16 4 0
quizapp/cmd/setup-test-db/main.go:199.16,201.57 2 0
quizapp/cmd/setup-test-db/main.go:203.15,204.36 1 0
quizapp/cmd/setup-test-db/main.go:203.2,203.15 1 0
quizapp/cmd/setup-test-db/main.go:204.36,206.4 1 0
quizapp/cmd/setup-test-db/main.go:210.2,211.16 2 0
quizapp/cmd/setup-test-db/main.go:211.16,213.59 2 0
quizapp/cmd/setup-test-db/main.go:217.2,218.69 2 0
quizapp/cmd/setup-test-db/main.go:218.69,220.50 2 0
quizapp/cmd/setup-test-db/main.go:224.2,230.84 4 0
quizapp/cmd/setup-test-db/main.go:230.84,232.62 2 0
quizapp/cmd/setup-test-db/main.go:236.111,238.53 2 0
quizapp/cmd/setup-test-db/main.go:236.2,236.111 1 0
quizapp/cmd/setup-test-db/main.go:241.2,241.56 1 0
quizapp/cmd/setup-test-db/main.go:244.88,263.44 4 0
quizapp/cmd/setup-test-db/main.go:263.44,265.3 1 0
quizapp/cmd/setup-test-db/main.go:268.2,270.16 3 0
quizapp/cmd/setup-test-db/main.go:270.16,272.3 1 0
quizapp/cmd/setup-test-db/main.go:274.2,274.54 1 0
quizapp/cmd/setup-test-db/main.go:274.54,276.3 1 0
quizapp/cmd/setup-test-db/main.go:280.2,282.12 2 0
quizapp/cmd/setup-test-db/main.go:285.226,290.16 3 0
quizapp/cmd/setup-test-db/main.go:290.16,292.3 1 0
quizapp/cmd/setup-test-db/main.go:295.2,296.16 2 0
quizapp/cmd/setup-test-db/main.go:296.16,298.3 1 0
quizapp/cmd/setup-test-db/main.go:301.142,303.3 1 0
quizapp/cmd/setup-test-db/main.go:301.2,301.142 1 0
quizapp/cmd/setup-test-db/main.go:306.146,308.3 1 0
quizapp/cmd/setup-test-db/main.go:306.2,306.146 1 0
quizapp/cmd/setup-test-db/main.go:310.2,310.12 1 0
quizapp/cmd/setup-test-db/main.go:313.173,315.16 2 0
quizapp/cmd/setup-test-db/main.go:315.16,317.3 1 0
quizapp/cmd/setup-test-db/main.go:319.2,320.57 2 0
quizapp/cmd/setup-test-db/main.go:320.57,322.3 1 0
quizapp/cmd/setup-test-db/main.go:324.2,325.43 2 0
quizapp/cmd/setup-test-db/main.go:325.43,335.17 2 0
quizapp/cmd/setup-test-db/main.go:335.17,337.4 1 0
quizapp/cmd/setup-test-db/main.go:340.3,340.89 1 0
quizapp/cmd/setup-test-db/main.go:340.89,342.4 1 0
quizapp/cmd/setup-test-db/main.go:345.3,354.80 2 0
quizapp/cmd/setup-test-db/main.go:354.80,356.4 1 0
quizapp/cmd/setup-test-db/main.go:358.3,359.138 2 0
quizapp/cmd/setup-test-db/main.go:362.2,362.19 1 0
quizapp/cmd/setup-test-db/main.go:365.211,367.16 2 0
quizapp/cmd/setup-test-db/main.go:367.16,369.3 1 0
quizapp/cmd/setup-test-db/main.go:371.2,372.61 2 0
quizapp/cmd/setup-test-db/main.go:372.61,374.3 1 0
quizapp/cmd/setup-test-db/main.go:376.2,377.51 2 0
quizapp/cmd/setup-test-db/main.go:377.51,384.30 4 0
quizapp/cmd/setup-test-db/main.go:384.30,386.31 1 0
quizapp/cmd/setup-test-db/main.go:386.31,388.5 1 0
quizapp/cmd/setup-test-db/main.go:389.33,391.5 1 0
quizapp/cmd/setup-test-db/main.go:389.4,389.33 1 0
quizapp/cmd/setup-test-db/main.go:393.4,393.68 1 0
quizapp/cmd/setup-test-db/main.go:394.9,395.43 1 0
quizapp/cmd/setup-test-db/main.go:395.43,397.16 2 0
quizapp/cmd/setup-test-db/main.go:397.16,399.6 1 0
quizapp/cmd/setup-test-db/main.go:400.5,400.55 1 0
quizapp/cmd/setup-test-db/main.go:404.3,404.70 1 0
quizapp/cmd/setup-test-db/main.go:404.70,406.4 1 0
quizapp/cmd/setup-test-db/main.go:408.3,408.42 1 0
quizapp/cmd/setup-test-db/main.go:408.42,409.89 1 0
quizapp/cmd/setup-test-db/main.go:409.89,411.5 1 0
quizapp/cmd/setup-test-db/main.go:412.4,412.152 1 0
quizapp/cmd/setup-test-db/main.go:415.3,415.43 1 0
quizapp/cmd/setup-test-db/main.go:418.2,418.23 1 0
quizapp/cmd/setup-test-db/main.go:421.207,423.16 2 0
quizapp/cmd/setup-test-db/main.go:423.16,425.3 1 0
quizapp/cmd/setup-test-db/main.go:427.2,428.61 2 0
quizapp/cmd/setup-test-db/main.go:428.61,430.3 1 0
quizapp/cmd/setup-test-db/main.go:432.2,432.59 1 0
quizapp/cmd/setup-test-db/main.go:432.59,434.14 2 0
quizapp/cmd/setup-test-db/main.go:434.14,436.4 1 0
quizapp/cmd/setup-test-db/main.go:438.3,438.51 1 0
quizapp/cmd/setup-test-db/main.go:438.51,440.4 1 0
quizapp/cmd/setup-test-db/main.go:442.3,452.17 2 0
quizapp/cmd/setup-test-db/main.go:452.17,454.4 1 0
quizapp/cmd/setup-test-db/main.go:456.3,456.164 1 0
quizapp/cmd/setup-test-db/main.go:459.2,459.12 1 0
quizapp/cmd/setup-test-db/main.go:462.219,464.16 2 0
quizapp/cmd/setup-test-db/main.go:464.16,468.3 2 0
quizapp/cmd/setup-test-db/main.go:470.2,471.61 2 0
quizapp/cmd/setup-test-db/main.go:471.61,473.3 1 0
quizapp/cmd/setup-test-db/main.go:476.2,476.60 1 0
quizapp/cmd/setup-test-db/main.go:476.60,478.14 2 0
quizapp/cmd/setup-test-db/main.go:478.14,480.4 1 0
quizapp/cmd/setup-test-db/main.go:482.3,482.51 1 0
quizapp/cmd/setup-test-db/main.go:482.51,484.4 1 0
quizapp/cmd/setup-test-db/main.go:486.3,490.17 3 0
quizapp/cmd/setup-test-db/main.go:490.17,492.4 1 0
quizapp/cmd/setup-test-db/main.go:495.3,503.17 2 0
quizapp/cmd/setup-test-db/main.go:503.17,505.4 1 0
quizapp/cmd/setup-test-db/main.go:507.3,507.178 1 0
quizapp/cmd/setup-test-db/main.go:511.2,511.61 1 0
quizapp/cmd/setup-test-db/main.go:511.61,513.14 2 0
quizapp/cmd/setup-test-db/main.go:513.14,515.4 1 0
quizapp/cmd/setup-test-db/main.go:517.3,526.95 2 0
quizapp/cmd/setup-test-db/main.go:526.95,528.4 1 0
quizapp/cmd/setup-test-db/main.go:530.3,530.106 1 0
quizapp/cmd/setup-test-db/main.go:534.2,534.62 1 0
quizapp/cmd/setup-test-db/main.go:534.62,536.14 2 0
quizapp/cmd/setup-test-db/main.go:536.14,538.4 1 0
quizapp/cmd/setup-test-db/main.go:541.3,551.17 2 0
quizapp/cmd/setup-test-db/main.go:551.17,553.4 1 0
quizapp/cmd/setup-test-db/main.go:555.3,555.193 1 0
quizapp/cmd/setup-test-db/main.go:559.2,559.62 1 0
quizapp/cmd/setup-test-db/main.go:559.62,561.14 2 0
quizapp/cmd/setup-test-db/main.go:561.14,563.4 1 0
quizapp/cmd/setup-test-db/main.go:565.3,565.47 1 0
quizapp/cmd/setup-test-db/main.go:565.47,567.4 1 0
quizapp/cmd/setup-test-db/main.go:569.3,571.29 2 0
quizapp/cmd/setup-test-db/main.go:571.29,573.39 2 0
quizapp/cmd/setup-test-db/main.go:573.39,576.19 3 0
quizapp/cmd/setup-test-db/main.go:576.19,578.6 1 0
quizapp/cmd/setup-test-db/main.go:579.10,581.5 1 0
quizapp/cmd/setup-test-db/main.go:584.4,592.18 2 0
quizapp/cmd/setup-test-db/main.go:592.18,594.5 1 0
quizapp/cmd/setup-test-db/main.go:596.4,596.175 1 0
quizapp/cmd/setup-test-db/main.go:600.2,600.12 1 0
quizapp/cmd/setup-test-db/main.go:93.88,99.51 3 0
quizapp/cmd/setup-test-db/main.go:99.51,102.3 1 0
quizapp/cmd/worker/main.go:100.34,124.24 9 0
quizapp/cmd/worker/main.go:124.24,126.4 1 0
quizapp/cmd/worker/main.go:130.24,132.4 1 0
quizapp/cmd/worker/main.go:130.3,130.24 1 0
quizapp/cmd/worker/main.go:132.31,134.4 1 0
quizapp/cmd/worker/main.go:132.9,132.31 1 0
quizapp/cmd/worker/main.go:134.9,136.4 1 0
quizapp/cmd/worker/main.go:140.2,143.34 2 0
quizapp/cmd/worker/main.go:143.34,148.36 4 0
quizapp/cmd/worker/main.go:148.36,151.4 2 0
quizapp/cmd/worker/main.go:153.3,153.11 1 0
quizapp/cmd/worker/main.go:157.2,165.45 5 0
quizapp/cmd/worker/main.go:165.45,167.3 1 0
quizapp/cmd/worker/main.go:170.2,170.46 1 0
quizapp/cmd/worker/main.go:170.46,177.3 1 0
quizapp/cmd/worker/main.go:180.2,190.2 5 0
quizapp/cmd/worker/main.go:190.2,193.3 2 0
quizapp/cmd/worker/main.go:193.3,200.4 6 0
quizapp/cmd/worker/main.go:203.3,204.3 2 0
quizapp/cmd/worker/main.go:204.3,208.4 3 0
quizapp/cmd/worker/main.go:211.3,212.3 2 0
quizapp/cmd/worker/main.go:212.3,214.4 1 0
quizapp/cmd/worker/main.go:217.3,221.3 3 0
quizapp/cmd/worker/main.go:221.3,228.4 6 0
quizapp/cmd/worker/main.go:232.2,236.39 3 0
quizapp/cmd/worker/main.go:236.39,238.32 1 0
quizapp/cmd/worker/main.go:238.32,240.4 1 0
quizapp/cmd/worker/main.go:240.9,242.4 1 0
quizapp/cmd/worker/main.go:246.2,252.12 2 0
quizapp/cmd/worker/main.go:252.12,254.77 2 0
quizapp/cmd/worker/main.go:254.77,256.4 1 0
quizapp/cmd/worker/main.go:260.2,270.61 7 0
quizapp/cmd/worker/main.go:270.61,272.3 1 0
quizapp/cmd/worker/main.go:27.122,29.33 2 0
quizapp/cmd/worker/main.go:275.2,275.50 1 0
quizapp/cmd/worker/main.go:275.50,277.3 1 0
quizapp/cmd/worker/main.go:279.2,279.87 1 0
quizapp/cmd/worker/main.go:32.13,37.16 3 0
quizapp/cmd/worker/main.go:37.16,38.56 1 0
quizapp/cmd/worker/main.go:42.2,43.16 2 0
quizapp/cmd/worker/main.go:43.16,44.62 1 0
quizapp/cmd/worker/main.go:47.15,48.16 1 0
quizapp/cmd/worker/main.go:47.2,47.15 1 0
quizapp/cmd/worker/main.go:48.16,49.54 1 0
quizapp/cmd/worker/main.go:49.54,51.5 1 0
quizapp/cmd/worker/main.go:53.16,54.54 1 0
quizapp/cmd/worker/main.go:53.3,53.16 1 0
quizapp/cmd/worker/main.go:54.54,56.5 1 0
quizapp/cmd/worker/main.go:60.2,67.16 4 0
quizapp/cmd/worker/main.go:67.16,69.3 1 0
quizapp/cmd/worker/main.go:70.15,71.36 1 0
quizapp/cmd/worker/main.go:70.2,70.15 1 0
quizapp/cmd/worker/main.go:71.36,73.4 1 0
quizapp/cmd/worker/main.go:77.2,93.15 10 0
quizapp/cmd/worker/main.go:93.15,95.3 1 0
quizapp/cmd/worker/main.go:96.2,100.34 3 0
quizapp/internal/config/config.go:103.2,103.59 1 0
quizapp/internal/config/config.go:103.2,103.59 1 3
quizapp/internal/config/config.go:103.59,105.3 1 0
quizapp/internal/config/config.go:103.59,105.3 1 2
quizapp/internal/config/config.go:106.2,106.28 1 0
quizapp/internal/config/config.go:106.2,106.28 1 1
quizapp/internal/config/config.go:110.46,111.30 1 0
quizapp/internal/config/config.go:110.46,111.30 1 2
quizapp/internal/config/config.go:111.30,113.3 1 0
quizapp/internal/config/config.go:115.2,116.43 2 0
quizapp/internal/config/config.go:115.2,116.43 2 2
quizapp/internal/config/config.go:116.43,117.39 1 0
quizapp/internal/config/config.go:116.43,117.39 1 12
quizapp/internal/config/config.go:117.39,119.4 1 0
quizapp/internal/config/config.go:117.39,119.4 1 86
quizapp/internal/config/config.go:122.2,123.30 2 0
quizapp/internal/config/config.go:122.2,123.30 2 2
quizapp/internal/config/config.go:123.30,125.3 1 0
quizapp/internal/config/config.go:123.30,125.3 1 38
quizapp/internal/config/config.go:128.2,129.15 2 0
quizapp/internal/config/config.go:128.2,129.15 2 2
quizapp/internal/config/config.go:133.66,134.30 1 0
quizapp/internal/config/config.go:133.66,134.30 1 2
quizapp/internal/config/config.go:134.30,136.3 1 0
quizapp/internal/config/config.go:138.2,139.43 2 0
quizapp/internal/config/config.go:138.2,139.43 2 2
quizapp/internal/config/config.go:139.43,140.48 1 0
quizapp/internal/config/config.go:139.43,140.48 1 12
quizapp/internal/config/config.go:140.48,142.4 1 0
quizapp/internal/config/config.go:140.48,142.4 1 86
quizapp/internal/config/config.go:144.2,144.21 1 0
quizapp/internal/config/config.go:144.2,144.21 1 2
quizapp/internal/config/config.go:148.43,150.2 1 0
quizapp/internal/config/config.go:148.43,150.2 1 1
quizapp/internal/config/config.go:153.40,155.2 1 0
quizapp/internal/config/config.go:153.40,155.2 1 1
quizapp/internal/config/config.go:158.60,160.2 1 0
quizapp/internal/config/config.go:158.60,160.2 1 1
quizapp/internal/config/config.go:163.46,164.22 1 0
quizapp/internal/config/config.go:164.22,166.3 1 0
quizapp/internal/config/config.go:167.2,167.39 1 0
quizapp/internal/config/config.go:229.47,231.16 2 1
quizapp/internal/config/config.go:229.47,231.16 2 16
quizapp/internal/config/config.go:231.16,233.3 1 0
quizapp/internal/config/config.go:231.16,233.3 1 1
quizapp/internal/config/config.go:235.2,261.8 1 1
quizapp/internal/config/config.go:235.2,261.8 1 15
quizapp/internal/config/config.go:265.42,266.24 1 0
quizapp/internal/config/config.go:266.24,268.3 1 0
quizapp/internal/config/config.go:269.2,269.39 1 0
quizapp/internal/config/config.go:273.61,274.61 1 18
quizapp/internal/config/config.go:273.61,274.61 1 2
quizapp/internal/config/config.go:274.61,275.45 1 18
quizapp/internal/config/config.go:274.61,275.45 1 2
quizapp/internal/config/config.go:275.45,277.4 1 17
quizapp/internal/config/config.go:275.45,277.4 1 2
quizapp/internal/config/config.go:278.3,278.145 1 0
quizapp/internal/config/config.go:278.3,278.145 1 1
quizapp/internal/config/config.go:280.2,280.120 1 0
quizapp/internal/config/config.go:283.73,284.49 1 20
quizapp/internal/config/config.go:283.73,284.49 1 5
quizapp/internal/config/config.go:284.49,286.3 1 1
quizapp/internal/config/config.go:288.2,289.16 2 19
quizapp/internal/config/config.go:288.2,289.16 2 4
quizapp/internal/config/config.go:289.16,291.3 1 0
quizapp/internal/config/config.go:293.2,295.16 3 19
quizapp/internal/config/config.go:293.2,295.16 3 4
quizapp/internal/config/config.go:295.16,297.3 1 0
quizapp/internal/config/config.go:299.2,299.21 1 19
quizapp/internal/config/config.go:299.2,299.21 1 4
quizapp/internal/config/config.go:303.64,305.2 1 17
quizapp/internal/config/config.go:303.64,305.2 1 2
quizapp/internal/config/config.go:307.46,308.42 1 52
quizapp/internal/config/config.go:307.46,308.42 1 553
quizapp/internal/config/config.go:308.42,310.3 1 38
quizapp/internal/config/config.go:308.42,310.3 1 9
quizapp/internal/config/config.go:311.2,311.21 1 43
quizapp/internal/config/config.go:311.2,311.21 1 515
quizapp/internal/config/config.go:314.53,316.18 2 113
quizapp/internal/config/config.go:314.53,316.18 2 14
quizapp/internal/config/config.go:316.18,318.3 1 10
quizapp/internal/config/config.go:316.18,318.3 1 96
quizapp/internal/config/config.go:319.2,320.16 2 17
quizapp/internal/config/config.go:319.2,320.16 2 4
quizapp/internal/config/config.go:320.16,322.3 1 0
quizapp/internal/config/config.go:320.16,322.3 1 3
quizapp/internal/config/config.go:323.2,323.12 1 14
quizapp/internal/config/config.go:323.2,323.12 1 4
quizapp/internal/config/config.go:326.50,328.18 2 5
quizapp/internal/config/config.go:326.50,328.18 2 78
quizapp/internal/config/config.go:328.18,330.3 1 5
quizapp/internal/config/config.go:328.18,330.3 1 76
quizapp/internal/config/config.go:331.2,332.16 2 0
quizapp/internal/config/config.go:331.2,332.16 2 2
quizapp/internal/config/config.go:332.16,334.3 1 0
quizapp/internal/config/config.go:332.16,334.3 1 1
quizapp/internal/config/config.go:335.2,335.12 1 0
quizapp/internal/config/config.go:335.2,335.12 1 1
quizapp/internal/config/config.go:338.32,341.23 2 1
quizapp/internal/config/config.go:338.32,341.23 2 20
quizapp/internal/config/config.go:341.23,344.3 1 1
quizapp/internal/config/config.go:341.23,344.3 1 16
quizapp/internal/config/config.go:347.2,347.32 1 0
quizapp/internal/config/config.go:347.2,347.32 1 4
quizapp/internal/config/config.go:347.32,349.3 1 0
quizapp/internal/config/config.go:352.2,353.33 2 0
quizapp/internal/config/config.go:352.2,353.33 2 4
quizapp/internal/config/config.go:353.33,355.3 1 0
quizapp/internal/config/config.go:353.33,355.3 1 9
quizapp/internal/config/config.go:357.2,357.16 1 0
quizapp/internal/config/config.go:357.2,357.16 1 4
quizapp/internal/config/config.go:361.42,367.2 1 1
quizapp/internal/config/config.go:361.42,367.2 1 15
quizapp/internal/config/config.go:370.52,374.111 3 17
quizapp/internal/config/config.go:370.52,374.111 3 3
quizapp/internal/config/config.go:374.111,376.3 1 1
quizapp/internal/config/config.go:378.2,389.3 1 17
quizapp/internal/config/config.go:378.2,389.3 1 3
quizapp/internal/config/config.go:393.55,395.21 2 17
quizapp/internal/config/config.go:393.55,395.21 2 3
quizapp/internal/config/config.go:395.21,397.3 1 16
quizapp/internal/config/config.go:395.21,397.3 1 2
quizapp/internal/config/config.go:398.2,399.29 2 1
quizapp/internal/config/config.go:399.29,401.19 2 1
quizapp/internal/config/config.go:401.19,403.4 1 1
quizapp/internal/config/config.go:405.2,405.16 1 1
quizapp/internal/config/config.go:409.60,411.15 2 17
quizapp/internal/config/config.go:409.60,411.15 2 3
quizapp/internal/config/config.go:411.15,413.3 1 16
quizapp/internal/config/config.go:411.15,413.3 1 2
quizapp/internal/config/config.go:414.2,415.16 2 1
quizapp/internal/config/config.go:415.16,417.3 1 0
quizapp/internal/config/config.go:418.2,418.10 1 1
quizapp/internal/config/config.go:70.46,71.30 1 0
quizapp/internal/config/config.go:70.46,71.30 1 2
quizapp/internal/config/config.go:71.30,73.3 1 0
quizapp/internal/config/config.go:75.2,76.38 2 0
quizapp/internal/config/config.go:75.2,76.38 2 2
quizapp/internal/config/config.go:76.38,78.3 1 0
quizapp/internal/config/config.go:76.38,78.3 1 12
quizapp/internal/config/config.go:81.2,82.18 2 0
quizapp/internal/config/config.go:81.2,82.18 2 2
quizapp/internal/config/config.go:86.69,87.30 1 0
quizapp/internal/config/config.go:86.69,87.30 1 4
quizapp/internal/config/config.go:87.30,89.3 1 0
quizapp/internal/config/config.go:91.2,91.59 1 0
quizapp/internal/config/config.go:91.2,91.59 1 4
quizapp/internal/config/config.go:91.59,93.3 1 0
quizapp/internal/config/config.go:91.59,93.3 1 3
quizapp/internal/config/config.go:94.2,94.19 1 0
quizapp/internal/config/config.go:94.2,94.19 1 1
quizapp/internal/config/config.go:98.89,99.30 1 0
quizapp/internal/config/config.go:98.89,99.30 1 3
quizapp/internal/config/config.go:99.30,101.3 1 0
quizapp/internal/database/database.go:101.2,101.45 1 0
quizapp/internal/database/database.go:101.2,101.45 1 3
quizapp/internal/database/database.go:101.45,103.3 1 0
quizapp/internal/database/database.go:105.2,105.16 1 0
quizapp/internal/database/database.go:105.2,105.16 1 2
quizapp/internal/database/database.go:109.53,111.66 1 0
quizapp/internal/database/database.go:109.53,111.66 1 37
quizapp/internal/database/database.go:111.66,114.19 2 0
quizapp/internal/database/database.go:111.66,114.19 2 36
quizapp/internal/database/database.go:114.19,116.4 1 0
quizapp/internal/database/database.go:114.19,116.4 1 36
quizapp/internal/database/database.go:121.2,121.40 1 0
quizapp/internal/database/database.go:121.2,121.40 1 1
quizapp/internal/database/database.go:121.40,123.21 2 0
quizapp/internal/database/database.go:123.21,126.52 2 0
quizapp/internal/database/database.go:126.52,128.5 1 0
quizapp/internal/database/database.go:129.4,129.17 1 0
quizapp/internal/database/database.go:134.2,134.18 1 0
quizapp/internal/database/database.go:134.2,134.18 1 1
quizapp/internal/database/database.go:138.93,146.15 3 0
quizapp/internal/database/database.go:138.93,146.15 3 5
quizapp/internal/database/database.go:146.15,147.17 1 0
quizapp/internal/database/database.go:146.15,147.17 1 5
quizapp/internal/database/database.go:147.17,150.4 2 0
quizapp/internal/database/database.go:151.3,151.13 1 0
quizapp/internal/database/database.go:151.3,151.13 1 5
quizapp/internal/database/database.go:153.2,153.83 1 0
quizapp/internal/database/database.go:153.2,153.83 1 5
quizapp/internal/database/database.go:157.133,168.15 3 0
quizapp/internal/database/database.go:157.133,168.15 3 9
quizapp/internal/database/database.go:168.15,169.17 1 0
quizapp/internal/database/database.go:168.15,169.17 1 9
quizapp/internal/database/database.go:169.17,172.4 2 0
quizapp/internal/database/database.go:169.17,172.4 2 1
quizapp/internal/database/database.go:173.3,173.13 1 0
quizapp/internal/database/database.go:173.3,173.13 1 9
quizapp/internal/database/database.go:176.2,186.16 3 0
quizapp/internal/database/database.go:176.2,186.16 3 9
quizapp/internal/database/database.go:186.16,188.3 1 0
quizapp/internal/database/database.go:190.2,191.16 2 0
quizapp/internal/database/database.go:190.2,191.16 2 9
quizapp/internal/database/database.go:191.16,193.3 1 0
quizapp/internal/database/database.go:196.2,200.34 4 0
quizapp/internal/database/database.go:196.2,200.34 4 9
quizapp/internal/database/database.go:200.34,202.3 1 0
quizapp/internal/database/database.go:200.34,202.3 1 1
quizapp/internal/database/database.go:204.2,204.16 1 0
quizapp/internal/database/database.go:204.2,204.16 1 8
quizapp/internal/database/database.go:208.58,213.15 2 0
quizapp/internal/database/database.go:208.58,213.15 2 5
quizapp/internal/database/database.go:213.15,214.17 1 0
quizapp/internal/database/database.go:213.15,214.17 1 5
quizapp/internal/database/database.go:214.17,217.4 2 0
quizapp/internal/database/database.go:218.3,218.13 1 0
quizapp/internal/database/database.go:218.3,218.13 1 5
quizapp/internal/database/database.go:220.2,223.52 2 0
quizapp/internal/database/database.go:220.2,223.52 2 5
quizapp/internal/database/database.go:223.52,225.3 1 0
quizapp/internal/database/database.go:226.2,229.46 2 0
quizapp/internal/database/database.go:226.2,229.46 2 4
quizapp/internal/database/database.go:229.46,231.3 1 0
quizapp/internal/database/database.go:233.2,234.12 2 0
quizapp/internal/database/database.go:233.2,234.12 2 4
quizapp/internal/database/database.go:238.51,240.16 2 0
quizapp/internal/database/database.go:238.51,240.16 2 4
quizapp/internal/database/database.go:240.16,243.3 2 0
quizapp/internal/database/database.go:245.2,250.15 2 0
quizapp/internal/database/database.go:245.2,250.15 2 4
quizapp/internal/database/database.go:250.15,251.17 1 0
quizapp/internal/database/database.go:250.15,251.17 1 4
quizapp/internal/database/database.go:251.17,254.4 2 0
quizapp/internal/database/database.go:255.3,255.13 1 0
quizapp/internal/database/database.go:255.3,255.13 1 4
quizapp/internal/database/database.go:258.2,258.26 1 0
quizapp/internal/database/database.go:258.2,258.26 1 4
quizapp/internal/database/database.go:258.26,262.3 3 0
quizapp/internal/database/database.go:265.2,265.67 1 0
quizapp/internal/database/database.go:265.2,265.67 1 4
quizapp/internal/database/database.go:265.67,269.3 3 0
quizapp/internal/database/database.go:272.2,273.16 2 0
quizapp/internal/database/database.go:272.2,273.16 2 4
quizapp/internal/database/database.go:273.16,276.3 2 0
quizapp/internal/database/database.go:279.2,281.29 3 0
quizapp/internal/database/database.go:279.2,281.29 3 4
quizapp/internal/database/database.go:281.29,282.65 1 0
quizapp/internal/database/database.go:281.29,282.65 1 4
quizapp/internal/database/database.go:282.65,285.4 2 0
quizapp/internal/database/database.go:288.2,290.24 2 0
quizapp/internal/database/database.go:288.2,290.24 2 4
quizapp/internal/database/database.go:290.24,293.3 2 0
quizapp/internal/database/database.go:290.24,293.3 2 4
quizapp/internal/database/database.go:295.2,296.17 2 0
quizapp/internal/database/database.go:296.17,298.3 1 0
quizapp/internal/database/database.go:299.17,302.3 2 0
quizapp/internal/database/database.go:299.2,299.17 1 0
quizapp/internal/database/database.go:304.2,308.16 2 0
quizapp/internal/database/database.go:308.16,311.3 2 0
quizapp/internal/database/database.go:312.15,313.48 1 0
quizapp/internal/database/database.go:312.2,312.15 1 0
quizapp/internal/database/database.go:313.48,315.4 1 0
quizapp/internal/database/database.go:318.2,319.46 2 0
quizapp/internal/database/database.go:319.46,322.3 2 0
quizapp/internal/database/database.go:323.2,323.32 1 0
quizapp/internal/database/database.go:323.32,325.3 1 0
quizapp/internal/database/database.go:325.8,327.3 1 0
quizapp/internal/database/database.go:328.2,328.12 1 0
quizapp/internal/database/database.go:332.65,334.16 2 0
quizapp/internal/database/database.go:332.65,334.16 2 5
quizapp/internal/database/database.go:334.16,337.3 2 0
quizapp/internal/database/database.go:339.2,344.15 2 0
quizapp/internal/database/database.go:339.2,344.15 2 5
quizapp/internal/database/database.go:344.15,345.17 1 0
quizapp/internal/database/database.go:344.15,345.17 1 5
quizapp/internal/database/database.go:345.17,348.4 2 0
quizapp/internal/database/database.go:349.3,349.13 1 0
quizapp/internal/database/database.go:349.3,349.13 1 5
quizapp/internal/database/database.go:352.2,353.16 2 0
quizapp/internal/database/database.go:352.2,353.16 2 5
quizapp/internal/database/database.go:353.16,356.3 2 0
quizapp/internal/database/database.go:359.2,360.16 2 0
quizapp/internal/database/database.go:359.2,360.16 2 5
quizapp/internal/database/database.go:360.16,363.3 2 0
quizapp/internal/database/database.go:365.2,374.39 5 0
quizapp/internal/database/database.go:365.2,374.39 5 5
quizapp/internal/database/database.go:374.39,376.22 2 0
quizapp/internal/database/database.go:374.39,376.22 2 265
quizapp/internal/database/database.go:376.22,377.12 1 0
quizapp/internal/database/database.go:381.3,381.68 1 0
quizapp/internal/database/database.go:381.3,381.68 1 265
quizapp/internal/database/database.go:381.68,383.12 2 0
quizapp/internal/database/database.go:381.68,383.12 2 155
quizapp/internal/database/database.go:386.3,387.21 2 0
quizapp/internal/database/database.go:386.3,387.21 2 110
quizapp/internal/database/database.go:387.21,389.39 1 0
quizapp/internal/database/database.go:389.39,392.5 2 0
quizapp/internal/database/database.go:396.2,399.44 2 0
quizapp/internal/database/database.go:396.2,399.44 2 5
quizapp/internal/database/database.go:399.44,401.21 2 0
quizapp/internal/database/database.go:399.44,401.21 2 155
quizapp/internal/database/database.go:401.21,403.39 1 0
quizapp/internal/database/database.go:403.39,406.5 2 0
quizapp/internal/database/database.go:40.56,44.2 1 0
quizapp/internal/database/database.go:40.56,44.2 1 12
quizapp/internal/database/database.go:410.2,410.12 1 0
quizapp/internal/database/database.go:410.2,410.12 1 5
quizapp/internal/database/database.go:414.64,418.15 2 0
quizapp/internal/database/database.go:414.64,418.15 2 12
quizapp/internal/database/database.go:418.15,419.17 1 0
quizapp/internal/database/database.go:418.15,419.17 1 12
quizapp/internal/database/database.go:419.17,422.4 2 0
quizapp/internal/database/database.go:423.3,423.13 1 0
quizapp/internal/database/database.go:423.3,423.13 1 12
quizapp/internal/database/database.go:426.2,427.16 2 0
quizapp/internal/database/database.go:426.2,427.16 2 12
quizapp/internal/database/database.go:427.16,429.3 1 0
quizapp/internal/database/database.go:431.2,433.6 2 0
quizapp/internal/database/database.go:431.2,433.6 2 12
quizapp/internal/database/database.go:433.6,435.56 2 0
quizapp/internal/database/database.go:433.6,435.56 2 48
quizapp/internal/database/database.go:435.56,438.4 2 0
quizapp/internal/database/database.go:435.56,438.4 2 12
quizapp/internal/database/database.go:441.3,442.30 2 0
quizapp/internal/database/database.go:441.3,442.30 2 36
quizapp/internal/database/database.go:442.30,447.4 3 0
quizapp/internal/database/database.go:448.3,448.25 1 0
quizapp/internal/database/database.go:448.3,448.25 1 36
quizapp/internal/database/database.go:453.69,464.29 6 0
quizapp/internal/database/database.go:453.69,464.29 6 6
quizapp/internal/database/database.go:464.29,468.17 2 0
quizapp/internal/database/database.go:464.29,468.17 2 1410
quizapp/internal/database/database.go:468.17,469.12 1 0
quizapp/internal/database/database.go:468.17,469.12 1 6
quizapp/internal/database/database.go:473.3,473.36 1 0
quizapp/internal/database/database.go:473.3,473.36 1 1404
quizapp/internal/database/database.go:473.36,475.12 2 0
quizapp/internal/database/database.go:477.3,477.36 1 0
quizapp/internal/database/database.go:477.3,477.36 1 1404
quizapp/internal/database/database.go:477.36,479.12 2 0
quizapp/internal/database/database.go:481.16,482.12 1 0
quizapp/internal/database/database.go:481.3,481.16 1 0
quizapp/internal/database/database.go:481.3,481.16 1 1404
quizapp/internal/database/database.go:486.3,486.36 1 0
quizapp/internal/database/database.go:486.3,486.36 1 1404
quizapp/internal/database/database.go:486.36,487.12 1 0
quizapp/internal/database/database.go:486.36,487.12 1 156
quizapp/internal/database/database.go:490.3,490.44 1 0
quizapp/internal/database/database.go:490.3,490.44 1 1248
quizapp/internal/database/database.go:494.2,498.34 4 0
quizapp/internal/database/database.go:494.2,498.34 4 6
quizapp/internal/database/database.go:498.34,500.17 2 0
quizapp/internal/database/database.go:498.34,500.17 2 324
quizapp/internal/database/database.go:500.17,502.4 1 0
quizapp/internal/database/database.go:500.17,502.4 1 318
quizapp/internal/database/database.go:505.2,506.15 2 0
quizapp/internal/database/database.go:505.2,506.15 2 6
quizapp/internal/database/database.go:50.52,56.2 1 0
quizapp/internal/database/database.go:50.52,56.2 1 9
quizapp/internal/database/database.go:510.55,514.43 3 0
quizapp/internal/database/database.go:510.55,514.43 3 1
quizapp/internal/database/database.go:514.43,516.3 1 0
quizapp/internal/database/database.go:518.2,518.56 1 0
quizapp/internal/database/database.go:518.2,518.56 1 1
quizapp/internal/database/database.go:522.68,526.15 2 0
quizapp/internal/database/database.go:522.68,526.15 2 5
quizapp/internal/database/database.go:526.15,527.17 1 0
quizapp/internal/database/database.go:526.15,527.17 1 5
quizapp/internal/database/database.go:527.17,530.4 2 0
quizapp/internal/database/database.go:531.3,531.13 1 0
quizapp/internal/database/database.go:531.3,531.13 1 5
quizapp/internal/database/database.go:534.2,535.16 2 0
quizapp/internal/database/database.go:534.2,535.16 2 5
quizapp/internal/database/database.go:535.16,537.3 1 0
quizapp/internal/database/database.go:539.2,541.6 2 0
quizapp/internal/database/database.go:539.2,541.6 2 5
quizapp/internal/database/database.go:541.6,543.60 2 0
quizapp/internal/database/database.go:541.6,543.60 2 15
quizapp/internal/database/database.go:543.60,546.4 2 0
quizapp/internal/database/database.go:543.60,546.4 2 5
quizapp/internal/database/database.go:549.3,550.30 2 0
quizapp/internal/database/database.go:549.3,550.30 2 10
quizapp/internal/database/database.go:550.30,555.4 3 0
quizapp/internal/database/database.go:556.3,556.25 1 0
quizapp/internal/database/database.go:556.3,556.25 1 10
quizapp/internal/database/database.go:59.76,67.15 3 0
quizapp/internal/database/database.go:59.76,67.15 3 4
quizapp/internal/database/database.go:67.15,68.17 1 0
quizapp/internal/database/database.go:67.15,68.17 1 4
quizapp/internal/database/database.go:68.17,71.4 2 0
quizapp/internal/database/database.go:68.17,71.4 2 1
quizapp/internal/database/database.go:72.3,72.13 1 0
quizapp/internal/database/database.go:72.3,72.13 1 4
quizapp/internal/database/database.go:74.2,74.66 1 0
quizapp/internal/database/database.go:74.2,74.66 1 4
quizapp/internal/database/database.go:78.116,89.15 3 0
quizapp/internal/database/database.go:78.116,89.15 3 4
quizapp/internal/database/database.go:89.15,90.17 1 0
quizapp/internal/database/database.go:89.15,90.17 1 4
quizapp/internal/database/database.go:90.17,93.4 2 0
quizapp/internal/database/database.go:90.17,93.4 2 1
quizapp/internal/database/database.go:94.3,94.13 1 0
quizapp/internal/database/database.go:94.3,94.13 1 4
quizapp/internal/database/database.go:96.2,97.16 2 0
quizapp/internal/database/database.go:96.2,97.16 2 4
quizapp/internal/database/database.go:97.16,99.3 1 0
quizapp/internal/database/database.go:97.16,99.3 1 1
quizapp/internal/handlers/admin_handler.go:101.29,103.4 1 0
quizapp/internal/handlers/admin_handler.go:101.29,103.4 1 1
quizapp/internal/handlers/admin_handler.go:104.49,107.4 2 0
quizapp/internal/handlers/admin_handler.go:110.2,111.16 2 0
quizapp/internal/handlers/admin_handler.go:110.2,111.16 2 7
quizapp/internal/handlers/admin_handler.go:111.16,113.13 2 0
quizapp/internal/handlers/admin_handler.go:116.2,125.3 1 0
quizapp/internal/handlers/admin_handler.go:116.2,125.3 1 7
quizapp/internal/handlers/admin_handler.go:129.60,135.16 4 0
quizapp/internal/handlers/admin_handler.go:129.60,135.16 4 3
quizapp/internal/handlers/admin_handler.go:135.16,139.3 3 0
quizapp/internal/handlers/admin_handler.go:141.2,149.29 3 0
quizapp/internal/handlers/admin_handler.go:141.2,149.29 3 3
quizapp/internal/handlers/admin_handler.go:149.29,151.17 2 0
quizapp/internal/handlers/admin_handler.go:149.29,151.17 2 3
quizapp/internal/handlers/admin_handler.go:151.17,159.4 2 0
quizapp/internal/handlers/admin_handler.go:161.3,162.17 2 0
quizapp/internal/handlers/admin_handler.go:161.3,162.17 2 3
quizapp/internal/handlers/admin_handler.go:162.17,168.4 2 0
quizapp/internal/handlers/admin_handler.go:171.3,174.27 2 0
quizapp/internal/handlers/admin_handler.go:171.3,174.27 2 3
quizapp/internal/handlers/admin_handler.go:174.27,182.4 7 0
quizapp/internal/handlers/admin_handler.go:174.27,182.4 7 3
quizapp/internal/handlers/admin_handler.go:184.3,189.5 1 0
quizapp/internal/handlers/admin_handler.go:184.3,189.5 1 3
quizapp/internal/handlers/admin_handler.go:193.2,194.16 2 0
quizapp/internal/handlers/admin_handler.go:193.2,194.16 2 3
quizapp/internal/handlers/admin_handler.go:194.16,197.3 2 0
quizapp/internal/handlers/admin_handler.go:200.2,201.28 2 0
quizapp/internal/handlers/admin_handler.go:200.2,201.28 2 3
quizapp/internal/handlers/admin_handler.go:201.28,203.17 2 0
quizapp/internal/handlers/admin_handler.go:201.28,203.17 2 3
quizapp/internal/handlers/admin_handler.go:203.17,208.4 2 0
quizapp/internal/handlers/admin_handler.go:212.2,235.24 4 0
quizapp/internal/handlers/admin_handler.go:212.2,235.24 4 3
quizapp/internal/handlers/admin_handler.go:235.24,242.91 5 0
quizapp/internal/handlers/admin_handler.go:235.24,242.91 5 3
quizapp/internal/handlers/admin_handler.go:242.91,246.4 3 0
quizapp/internal/handlers/admin_handler.go:247.8,249.3 1 0
quizapp/internal/handlers/admin_handler.go:253.49,255.16 2 0
quizapp/internal/handlers/admin_handler.go:255.16,258.3 2 0
quizapp/internal/handlers/admin_handler.go:259.2,259.46 1 0
quizapp/internal/handlers/admin_handler.go:286.54,288.16 2 0
quizapp/internal/handlers/admin_handler.go:286.54,288.16 2 1
quizapp/internal/handlers/admin_handler.go:288.16,291.3 2 0
quizapp/internal/handlers/admin_handler.go:294.2,295.16 2 0
quizapp/internal/handlers/admin_handler.go:294.2,295.16 2 1
quizapp/internal/handlers/admin_handler.go:295.16,298.3 2 0
quizapp/internal/handlers/admin_handler.go:300.2,305.29 2 0
quizapp/internal/handlers/admin_handler.go:300.2,305.29 2 1
quizapp/internal/handlers/admin_handler.go:305.29,307.17 2 0
quizapp/internal/handlers/admin_handler.go:305.29,307.17 2 1
quizapp/internal/handlers/admin_handler.go:307.17,310.4 1 0
quizapp/internal/handlers/admin_handler.go:312.3,313.17 2 0
quizapp/internal/handlers/admin_handler.go:312.3,313.17 2 1
quizapp/internal/handlers/admin_handler.go:313.17,318.4 1 0
quizapp/internal/handlers/admin_handler.go:321.3,322.17 2 0
quizapp/internal/handlers/admin_handler.go:321.3,322.17 2 1
quizapp/internal/handlers/admin_handler.go:322.17,325.4 2 0
quizapp/internal/handlers/admin_handler.go:327.3,328.17 2 0
quizapp/internal/handlers/admin_handler.go:327.3,328.17 2 1
quizapp/internal/handlers/admin_handler.go:328.17,331.4 2 0
quizapp/internal/handlers/admin_handler.go:334.3,335.17 2 0
quizapp/internal/handlers/admin_handler.go:334.3,335.17 2 1
quizapp/internal/handlers/admin_handler.go:335.17,337.4 1 0
quizapp/internal/handlers/admin_handler.go:340.3,341.17 2 0
quizapp/internal/handlers/admin_handler.go:340.3,341.17 2 1
quizapp/internal/handlers/admin_handler.go:341.17,343.4 1 0
quizapp/internal/handlers/admin_handler.go:345.3,353.5 1 0
quizapp/internal/handlers/admin_handler.go:345.3,353.5 1 1
quizapp/internal/handlers/admin_handler.go:357.2,374.16 7 0
quizapp/internal/handlers/admin_handler.go:357.2,374.16 7 1
quizapp/internal/handlers/admin_handler.go:374.16,376.3 1 0
quizapp/internal/handlers/admin_handler.go:380.60,383.16 3 0
quizapp/internal/handlers/admin_handler.go:380.60,383.16 3 1
quizapp/internal/handlers/admin_handler.go:383.16,386.3 2 0
quizapp/internal/handlers/admin_handler.go:388.2,388.95 1 0
quizapp/internal/handlers/admin_handler.go:388.2,388.95 1 1
quizapp/internal/handlers/admin_handler.go:388.95,392.3 3 0
quizapp/internal/handlers/admin_handler.go:394.2,394.82 1 0
quizapp/internal/handlers/admin_handler.go:394.2,394.82 1 1
quizapp/internal/handlers/admin_handler.go:398.55,401.16 3 0
quizapp/internal/handlers/admin_handler.go:398.55,401.16 3 2
quizapp/internal/handlers/admin_handler.go:401.16,404.3 2 0
quizapp/internal/handlers/admin_handler.go:406.2,412.47 2 0
quizapp/internal/handlers/admin_handler.go:406.2,412.47 2 2
quizapp/internal/handlers/admin_handler.go:412.47,415.3 2 0
quizapp/internal/handlers/admin_handler.go:412.47,415.3 2 1
quizapp/internal/handlers/admin_handler.go:41.327,44.39 1 0
quizapp/internal/handlers/admin_handler.go:41.327,44.39 1 7
quizapp/internal/handlers/admin_handler.go:417.139,421.3 3 0
quizapp/internal/handlers/admin_handler.go:417.2,417.139 1 0
quizapp/internal/handlers/admin_handler.go:417.2,417.139 1 1
quizapp/internal/handlers/admin_handler.go:423.2,423.91 1 0
quizapp/internal/handlers/admin_handler.go:423.2,423.91 1 1
quizapp/internal/handlers/admin_handler.go:427.58,430.16 3 0
quizapp/internal/handlers/admin_handler.go:427.58,430.16 3 1
quizapp/internal/handlers/admin_handler.go:430.16,433.3 2 0
quizapp/internal/handlers/admin_handler.go:436.2,437.16 2 0
quizapp/internal/handlers/admin_handler.go:436.2,437.16 2 1
quizapp/internal/handlers/admin_handler.go:437.16,440.3 2 0
quizapp/internal/handlers/admin_handler.go:44.39,46.4 1 0
quizapp/internal/handlers/admin_handler.go:44.39,46.4 1 3
quizapp/internal/handlers/admin_handler.go:446.2,453.4 1 0
quizapp/internal/handlers/admin_handler.go:446.2,453.4 1 1
quizapp/internal/handlers/admin_handler.go:457.53,459.16 2 0
quizapp/internal/handlers/admin_handler.go:459.16,462.3 2 0
quizapp/internal/handlers/admin_handler.go:464.2,465.44 2 0
quizapp/internal/handlers/admin_handler.go:469.62,475.2 2 0
quizapp/internal/handlers/admin_handler.go:47.46,50.4 2 0
quizapp/internal/handlers/admin_handler.go:478.54,480.16 2 0
quizapp/internal/handlers/admin_handler.go:478.54,480.16 2 1
quizapp/internal/handlers/admin_handler.go:480.16,484.3 3 0
quizapp/internal/handlers/admin_handler.go:486.2,486.110 1 0
quizapp/internal/handlers/admin_handler.go:486.2,486.110 1 1
quizapp/internal/handlers/admin_handler.go:490.54,492.16 2 0
quizapp/internal/handlers/admin_handler.go:490.54,492.16 2 1
quizapp/internal/handlers/admin_handler.go:492.16,496.3 3 0
quizapp/internal/handlers/admin_handler.go:498.2,498.91 1 0
quizapp/internal/handlers/admin_handler.go:498.2,498.91 1 1
quizapp/internal/handlers/admin_handler.go:502.52,505.16 3 0
quizapp/internal/handlers/admin_handler.go:502.52,505.16 3 2
quizapp/internal/handlers/admin_handler.go:505.16,508.3 2 0
quizapp/internal/handlers/admin_handler.go:510.2,511.16 2 0
quizapp/internal/handlers/admin_handler.go:510.2,511.16 2 2
quizapp/internal/handlers/admin_handler.go:511.16,515.3 3 0
quizapp/internal/handlers/admin_handler.go:511.16,515.3 3 1
quizapp/internal/handlers/admin_handler.go:51.37,53.4 1 0
quizapp/internal/handlers/admin_handler.go:517.2,517.33 1 0
quizapp/internal/handlers/admin_handler.go:517.2,517.33 1 1
quizapp/internal/handlers/admin_handler.go:521.55,524.16 3 0
quizapp/internal/handlers/admin_handler.go:521.55,524.16 3 1
quizapp/internal/handlers/admin_handler.go:524.16,527.3 2 0
quizapp/internal/handlers/admin_handler.go:529.2,530.16 2 0
quizapp/internal/handlers/admin_handler.go:529.2,530.16 2 1
quizapp/internal/handlers/admin_handler.go:530.16,534.3 3 0
quizapp/internal/handlers/admin_handler.go:536.2,536.74 1 0
quizapp/internal/handlers/admin_handler.go:536.2,536.74 1 1
quizapp/internal/handlers/admin_handler.go:540.62,542.21 2 0
quizapp/internal/handlers/admin_handler.go:540.62,542.21 2 1
quizapp/internal/handlers/admin_handler.go:542.21,545.3 2 0
quizapp/internal/handlers/admin_handler.go:54.37,55.14 1 0
quizapp/internal/handlers/admin_handler.go:547.2,548.16 2 0
quizapp/internal/handlers/admin_handler.go:547.2,548.16 2 1
quizapp/internal/handlers/admin_handler.go:548.16,551.3 2 0
quizapp/internal/handlers/admin_handler.go:55.14,57.5 1 0
quizapp/internal/handlers/admin_handler.go:554.2,561.28 7 0
quizapp/internal/handlers/admin_handler.go:554.2,561.28 7 1
quizapp/internal/handlers/admin_handler.go:561.28,563.3 1 0
quizapp/internal/handlers/admin_handler.go:565.2,566.32 2 0
quizapp/internal/handlers/admin_handler.go:565.2,566.32 2 1
quizapp/internal/handlers/admin_handler.go:566.32,568.3 1 0
quizapp/internal/handlers/admin_handler.go:569.20,571.3 1 0
quizapp/internal/handlers/admin_handler.go:569.2,569.20 1 0
quizapp/internal/handlers/admin_handler.go:569.2,569.20 1 1
quizapp/internal/handlers/admin_handler.go:573.2,574.16 2 0
quizapp/internal/handlers/admin_handler.go:573.2,574.16 2 1
quizapp/internal/handlers/admin_handler.go:574.16,577.3 2 0
quizapp/internal/handlers/admin_handler.go:579.2,588.4 2 0
quizapp/internal/handlers/admin_handler.go:579.2,588.4 2 1
quizapp/internal/handlers/admin_handler.go:58.4,58.16 1 0
quizapp/internal/handlers/admin_handler.go:592.61,597.16 5 0
quizapp/internal/handlers/admin_handler.go:592.61,597.16 5 1
quizapp/internal/handlers/admin_handler.go:597.16,600.3 2 0
quizapp/internal/handlers/admin_handler.go:601.2,602.16 2 0
quizapp/internal/handlers/admin_handler.go:601.2,602.16 2 1
quizapp/internal/handlers/admin_handler.go:602.16,606.3 3 0
quizapp/internal/handlers/admin_handler.go:60.42,61.25 1 0
quizapp/internal/handlers/admin_handler.go:607.2,607.109 1 0
quizapp/internal/handlers/admin_handler.go:607.2,607.109 1 1
quizapp/internal/handlers/admin_handler.go:611.31,613.2 1 0
quizapp/internal/handlers/admin_handler.go:611.31,613.2 1 7
quizapp/internal/handlers/admin_handler.go:616.51,620.2 3 0
quizapp/internal/handlers/admin_handler.go:616.51,620.2 3 1
quizapp/internal/handlers/admin_handler.go:62.13,63.22 1 0
quizapp/internal/handlers/admin_handler.go:64.15,65.22 1 0
quizapp/internal/handlers/admin_handler.go:66.15,67.22 1 0
quizapp/internal/handlers/admin_handler.go:68.17,69.22 1 0
quizapp/internal/handlers/admin_handler.go:70.17,71.13 1 0
quizapp/internal/handlers/admin_handler.go:72.12,73.13 1 0
quizapp/internal/handlers/admin_handler.go:76.37,77.26 1 0
quizapp/internal/handlers/admin_handler.go:78.13,79.30 1 0
quizapp/internal/handlers/admin_handler.go:79.30,81.6 1 0
quizapp/internal/handlers/admin_handler.go:82.15,83.32 1 0
quizapp/internal/handlers/admin_handler.go:83.32,85.6 1 0
quizapp/internal/handlers/admin_handler.go:86.15,87.32 1 0
quizapp/internal/handlers/admin_handler.go:87.32,89.6 1 0
quizapp/internal/handlers/admin_handler.go:90.17,91.34 1 0
quizapp/internal/handlers/admin_handler.go:91.34,93.6 1 0
quizapp/internal/handlers/admin_handler.go:94.17,95.34 1 0
quizapp/internal/handlers/admin_handler.go:95.34,97.6 1 0
quizapp/internal/handlers/admin_handler.go:99.4,99.16 1 0
quizapp/internal/handlers/auth_handler.go:101.2,108.4 2 2
quizapp/internal/handlers/auth_handler.go:101.2,108.4 2 47
quizapp/internal/handlers/auth_handler.go:112.46,122.19 6 1
quizapp/internal/handlers/auth_handler.go:112.46,122.19 6 3
quizapp/internal/handlers/auth_handler.go:122.19,124.3 1 1
quizapp/internal/handlers/auth_handler.go:125.21,127.3 1 0
quizapp/internal/handlers/auth_handler.go:125.2,125.21 1 1
quizapp/internal/handlers/auth_handler.go:125.2,125.21 1 3
quizapp/internal/handlers/auth_handler.go:129.2,131.39 2 1
quizapp/internal/handlers/auth_handler.go:129.2,131.39 2 3
quizapp/internal/handlers/auth_handler.go:131.39,136.3 2 0
quizapp/internal/handlers/auth_handler.go:138.2,141.4 1 1
quizapp/internal/handlers/auth_handler.go:138.2,141.4 1 3
quizapp/internal/handlers/auth_handler.go:145.46,152.19 5 3
quizapp/internal/handlers/auth_handler.go:145.46,152.19 5 6
quizapp/internal/handlers/auth_handler.go:152.19,159.3 3 2
quizapp/internal/handlers/auth_handler.go:152.19,159.3 3 4
quizapp/internal/handlers/auth_handler.go:161.2,167.16 3 1
quizapp/internal/handlers/auth_handler.go:161.2,167.16 3 2
quizapp/internal/handlers/auth_handler.go:167.16,173.3 3 0
quizapp/internal/handlers/auth_handler.go:175.17,178.40 2 0
quizapp/internal/handlers/auth_handler.go:175.2,175.17 1 1
quizapp/internal/handlers/auth_handler.go:175.2,175.17 1 2
quizapp/internal/handlers/auth_handler.go:178.40,180.4 1 0
quizapp/internal/handlers/auth_handler.go:181.3,186.9 3 0
quizapp/internal/handlers/auth_handler.go:190.2,202.85 2 1
quizapp/internal/handlers/auth_handler.go:190.2,202.85 2 2
quizapp/internal/handlers/auth_handler.go:202.85,205.3 1 0
quizapp/internal/handlers/auth_handler.go:208.2,213.4 2 1
quizapp/internal/handlers/auth_handler.go:208.2,213.4 2 2
quizapp/internal/handlers/auth_handler.go:217.46,222.52 3 11
quizapp/internal/handlers/auth_handler.go:217.46,222.52 3 15
quizapp/internal/handlers/auth_handler.go:222.52,228.3 3 1
quizapp/internal/handlers/auth_handler.go:230.2,233.47 3 10
quizapp/internal/handlers/auth_handler.go:230.2,233.47 3 14
quizapp/internal/handlers/auth_handler.go:233.47,234.55 1 1
quizapp/internal/handlers/auth_handler.go:234.55,239.4 2 1
quizapp/internal/handlers/auth_handler.go:240.3,243.9 2 0
quizapp/internal/handlers/auth_handler.go:247.2,257.24 2 13
quizapp/internal/handlers/auth_handler.go:247.2,257.24 2 9
quizapp/internal/handlers/auth_handler.go:257.24,262.3 2 1
quizapp/internal/handlers/auth_handler.go:257.24,262.3 2 2
quizapp/internal/handlers/auth_handler.go:264.2,264.24 1 11
quizapp/internal/handlers/auth_handler.go:264.2,264.24 1 8
quizapp/internal/handlers/auth_handler.go:264.24,269.3 2 1
quizapp/internal/handlers/auth_handler.go:271.2,271.42 1 10
quizapp/internal/handlers/auth_handler.go:271.2,271.42 1 7
quizapp/internal/handlers/auth_handler.go:271.42,276.3 2 1
quizapp/internal/handlers/auth_handler.go:279.2,279.53 1 6
quizapp/internal/handlers/auth_handler.go:279.2,279.53 1 9
quizapp/internal/handlers/auth_handler.go:279.53,284.3 2 1
quizapp/internal/handlers/auth_handler.go:286.2,287.46 2 5
quizapp/internal/handlers/auth_handler.go:286.2,287.46 2 8
quizapp/internal/handlers/auth_handler.go:287.46,292.3 2 1
quizapp/internal/handlers/auth_handler.go:295.2,295.27 1 4
quizapp/internal/handlers/auth_handler.go:295.2,295.27 1 7
quizapp/internal/handlers/auth_handler.go:295.27,300.3 2 1
quizapp/internal/handlers/auth_handler.go:303.2,304.49 2 3
quizapp/internal/handlers/auth_handler.go:303.2,304.49 2 6
quizapp/internal/handlers/auth_handler.go:304.49,309.3 2 0
quizapp/internal/handlers/auth_handler.go:312.2,318.16 4 3
quizapp/internal/handlers/auth_handler.go:312.2,318.16 4 6
quizapp/internal/handlers/auth_handler.go:318.16,324.3 3 0
quizapp/internal/handlers/auth_handler.go:32.164,39.2 1 16
quizapp/internal/handlers/auth_handler.go:32.164,39.2 1 23
quizapp/internal/handlers/auth_handler.go:326.2,326.25 1 3
quizapp/internal/handlers/auth_handler.go:326.2,326.25 1 6
quizapp/internal/handlers/auth_handler.go:326.25,332.3 3 1
quizapp/internal/handlers/auth_handler.go:326.25,332.3 3 2
quizapp/internal/handlers/auth_handler.go:335.2,336.16 2 2
quizapp/internal/handlers/auth_handler.go:335.2,336.16 2 4
quizapp/internal/handlers/auth_handler.go:336.16,342.3 3 0
quizapp/internal/handlers/auth_handler.go:344.2,344.32 1 2
quizapp/internal/handlers/auth_handler.go:344.2,344.32 1 4
quizapp/internal/handlers/auth_handler.go:344.32,350.3 3 1
quizapp/internal/handlers/auth_handler.go:353.2,354.21 2 1
quizapp/internal/handlers/auth_handler.go:353.2,354.21 2 3
quizapp/internal/handlers/auth_handler.go:354.21,356.25 2 1
quizapp/internal/handlers/auth_handler.go:354.21,356.25 2 3
quizapp/internal/handlers/auth_handler.go:356.25,358.4 1 1
quizapp/internal/handlers/auth_handler.go:356.25,358.4 1 3
quizapp/internal/handlers/auth_handler.go:360.2,360.66 1 1
quizapp/internal/handlers/auth_handler.go:360.2,360.66 1 3
quizapp/internal/handlers/auth_handler.go:360.66,362.3 1 0
quizapp/internal/handlers/auth_handler.go:360.66,362.3 1 2
quizapp/internal/handlers/auth_handler.go:364.2,365.56 2 1
quizapp/internal/handlers/auth_handler.go:364.2,365.56 2 3
quizapp/internal/handlers/auth_handler.go:365.56,367.3 1 0
quizapp/internal/handlers/auth_handler.go:365.56,367.3 1 2
quizapp/internal/handlers/auth_handler.go:369.2,370.48 2 1
quizapp/internal/handlers/auth_handler.go:369.2,370.48 2 3
quizapp/internal/handlers/auth_handler.go:370.48,372.3 1 0
quizapp/internal/handlers/auth_handler.go:370.48,372.3 1 2
quizapp/internal/handlers/auth_handler.go:375.2,383.16 3 1
quizapp/internal/handlers/auth_handler.go:375.2,383.16 3 3
quizapp/internal/handlers/auth_handler.go:383.16,389.3 3 0
quizapp/internal/handlers/auth_handler.go:392.101,395.92 2 0
quizapp/internal/handlers/auth_handler.go:392.2,392.101 1 1
quizapp/internal/handlers/auth_handler.go:392.2,392.101 1 3
quizapp/internal/handlers/auth_handler.go:395.92,397.4 1 0
quizapp/internal/handlers/auth_handler.go:398.3,401.9 2 0
quizapp/internal/handlers/auth_handler.go:405.2,417.4 3 1
quizapp/internal/handlers/auth_handler.go:405.2,417.4 3 3
quizapp/internal/handlers/auth_handler.go:421.51,437.39 7 0
quizapp/internal/handlers/auth_handler.go:421.51,437.39 7 15
quizapp/internal/handlers/auth_handler.go:42.45,47.47 4 5
quizapp/internal/handlers/auth_handler.go:42.45,47.47 4 54
quizapp/internal/handlers/auth_handler.go:437.39,442.3 2 0
quizapp/internal/handlers/auth_handler.go:445.2,449.4 2 0
quizapp/internal/handlers/auth_handler.go:445.2,449.4 2 15
quizapp/internal/handlers/auth_handler.go:453.54,470.16 7 1
quizapp/internal/handlers/auth_handler.go:453.54,470.16 7 14
quizapp/internal/handlers/auth_handler.go:470.16,475.3 2 0
quizapp/internal/handlers/auth_handler.go:470.16,475.3 2 4
quizapp/internal/handlers/auth_handler.go:47.47,50.3 2 0
quizapp/internal/handlers/auth_handler.go:47.47,50.3 2 2
quizapp/internal/handlers/auth_handler.go:478.2,484.24 4 1
quizapp/internal/handlers/auth_handler.go:478.2,484.24 4 10
quizapp/internal/handlers/auth_handler.go:484.24,491.3 4 0
quizapp/internal/handlers/auth_handler.go:484.24,491.3 4 5
quizapp/internal/handlers/auth_handler.go:493.2,493.35 1 1
quizapp/internal/handlers/auth_handler.go:493.2,493.35 1 5
quizapp/internal/handlers/auth_handler.go:493.35,500.3 4 0
quizapp/internal/handlers/auth_handler.go:493.35,500.3 4 4
quizapp/internal/handlers/auth_handler.go:502.2,507.39 4 1
quizapp/internal/handlers/auth_handler.go:507.39,513.3 3 0
quizapp/internal/handlers/auth_handler.go:516.2,517.16 2 1
quizapp/internal/handlers/auth_handler.go:517.16,521.50 2 1
quizapp/internal/handlers/auth_handler.go:521.50,527.4 3 1
quizapp/internal/handlers/auth_handler.go:530.3,531.55 2 0
quizapp/internal/handlers/auth_handler.go:531.55,533.4 1 0
quizapp/internal/handlers/auth_handler.go:53.2,60.16 3 5
quizapp/internal/handlers/auth_handler.go:53.2,60.16 3 52
quizapp/internal/handlers/auth_handler.go:533.59,535.4 1 0
quizapp/internal/handlers/auth_handler.go:533.9,533.59 1 0
quizapp/internal/handlers/auth_handler.go:535.61,537.4 1 0
quizapp/internal/handlers/auth_handler.go:535.9,535.61 1 0
quizapp/internal/handlers/auth_handler.go:537.59,539.4 1 0
quizapp/internal/handlers/auth_handler.go:537.9,537.59 1 0
quizapp/internal/handlers/auth_handler.go:539.63,541.4 1 0
quizapp/internal/handlers/auth_handler.go:539.9,539.63 1 0
quizapp/internal/handlers/auth_handler.go:543.3,546.9 2 0
quizapp/internal/handlers/auth_handler.go:550.2,560.85 2 0
quizapp/internal/handlers/auth_handler.go:560.85,562.3 1 0
quizapp/internal/handlers/auth_handler.go:565.2,570.39 4 0
quizapp/internal/handlers/auth_handler.go:570.39,576.3 3 0
quizapp/internal/handlers/auth_handler.go:579.2,588.4 3 0
quizapp/internal/handlers/auth_handler.go:592.35,597.19 3 0
quizapp/internal/handlers/auth_handler.go:592.35,597.19 3 1118
quizapp/internal/handlers/auth_handler.go:597.19,600.50 2 0
quizapp/internal/handlers/auth_handler.go:597.19,600.50 2 35776
quizapp/internal/handlers/auth_handler.go:600.50,602.74 1 0
quizapp/internal/handlers/auth_handler.go:60.16,64.3 3 3
quizapp/internal/handlers/auth_handler.go:60.16,64.3 3 5
quizapp/internal/handlers/auth_handler.go:604.3,604.51 1 0
quizapp/internal/handlers/auth_handler.go:604.3,604.51 1 35776
quizapp/internal/handlers/auth_handler.go:606.2,606.18 1 0
quizapp/internal/handlers/auth_handler.go:606.2,606.18 1 1118
quizapp/internal/handlers/auth_handler.go:610.52,615.21 4 3
quizapp/internal/handlers/auth_handler.go:615.21,617.3 1 3
quizapp/internal/handlers/auth_handler.go:619.2,626.4 2 3
quizapp/internal/handlers/auth_handler.go:66.17,69.3 2 0
quizapp/internal/handlers/auth_handler.go:66.2,66.17 1 2
quizapp/internal/handlers/auth_handler.go:66.2,66.17 1 47
quizapp/internal/handlers/auth_handler.go:72.2,81.85 2 2
quizapp/internal/handlers/auth_handler.go:72.2,81.85 2 47
quizapp/internal/handlers/auth_handler.go:81.85,85.3 1 0
quizapp/internal/handlers/auth_handler.go:88.2,92.39 4 2
quizapp/internal/handlers/auth_handler.go:88.2,92.39 4 47
quizapp/internal/handlers/auth_handler.go:92.39,98.3 3 0
quizapp/internal/handlers/error_utils.go:11.84,16.2 1 12
quizapp/internal/handlers/error_utils.go:11.84,16.2 1 9
quizapp/internal/handlers/error_utils.go:19.92,23.2 1 4
quizapp/internal/handlers/error_utils.go:19.92,23.2 1 6
quizapp/internal/handlers/quiz_handler.go:103.16,106.3 2 0
quizapp/internal/handlers/quiz_handler.go:103.16,106.3 2 1
quizapp/internal/handlers/quiz_handler.go:108.2,109.16 2 0
quizapp/internal/handlers/quiz_handler.go:108.2,109.16 2 3
quizapp/internal/handlers/quiz_handler.go:109.16,116.3 3 0
quizapp/internal/handlers/quiz_handler.go:119.2,127.36 6 0
quizapp/internal/handlers/quiz_handler.go:119.2,127.36 6 3
quizapp/internal/handlers/quiz_handler.go:131.67,138.16 4 0
quizapp/internal/handlers/quiz_handler.go:131.67,138.16 4 3
quizapp/internal/handlers/quiz_handler.go:138.16,144.3 3 0
quizapp/internal/handlers/quiz_handler.go:145.17,149.3 3 0
quizapp/internal/handlers/quiz_handler.go:145.2,145.17 1 0
quizapp/internal/handlers/quiz_handler.go:145.2,145.17 1 3
quizapp/internal/handlers/quiz_handler.go:152.2,152.74 1 0
quizapp/internal/handlers/quiz_handler.go:152.2,152.74 1 3
quizapp/internal/handlers/quiz_handler.go:152.74,156.3 3 0
quizapp/internal/handlers/quiz_handler.go:158.2,158.64 1 0
quizapp/internal/handlers/quiz_handler.go:158.2,158.64 1 3
quizapp/internal/handlers/quiz_handler.go:158.64,162.3 3 0
quizapp/internal/handlers/quiz_handler.go:164.2,172.26 6 0
quizapp/internal/handlers/quiz_handler.go:164.2,172.26 6 3
quizapp/internal/handlers/quiz_handler.go:172.26,176.27 3 0
quizapp/internal/handlers/quiz_handler.go:176.27,177.41 1 0
quizapp/internal/handlers/quiz_handler.go:177.41,179.10 2 0
quizapp/internal/handlers/quiz_handler.go:182.8,185.25 2 0
quizapp/internal/handlers/quiz_handler.go:182.8,185.25 2 3
quizapp/internal/handlers/quiz_handler.go:185.25,188.34 3 0
quizapp/internal/handlers/quiz_handler.go:188.34,189.42 1 0
quizapp/internal/handlers/quiz_handler.go:189.42,191.6 1 0
quizapp/internal/handlers/quiz_handler.go:193.4,193.62 1 0
quizapp/internal/handlers/quiz_handler.go:194.9,197.4 1 0
quizapp/internal/handlers/quiz_handler.go:194.9,197.4 1 3
quizapp/internal/handlers/quiz_handler.go:201.2,210.16 3 0
quizapp/internal/handlers/quiz_handler.go:201.2,210.16 3 3
quizapp/internal/handlers/quiz_handler.go:210.16,219.26 2 0
quizapp/internal/handlers/quiz_handler.go:219.26,226.18 3 0
quizapp/internal/handlers/quiz_handler.go:226.18,234.5 3 0
quizapp/internal/handlers/quiz_handler.go:235.9,238.4 2 0
quizapp/internal/handlers/quiz_handler.go:242.2,242.67 1 0
quizapp/internal/handlers/quiz_handler.go:242.2,242.67 1 3
quizapp/internal/handlers/quiz_handler.go:242.67,254.3 3 0
quizapp/internal/handlers/quiz_handler.go:242.67,254.3 3 3
quizapp/internal/handlers/quiz_handler.go:257.2,265.36 6 0
quizapp/internal/handlers/quiz_handler.go:269.52,274.13 4 0
quizapp/internal/handlers/quiz_handler.go:269.52,274.13 4 14
quizapp/internal/handlers/quiz_handler.go:274.13,277.3 2 0
quizapp/internal/handlers/quiz_handler.go:279.2,280.47 2 0
quizapp/internal/handlers/quiz_handler.go:279.2,280.47 2 14
quizapp/internal/handlers/quiz_handler.go:280.47,286.3 3 0
quizapp/internal/handlers/quiz_handler.go:280.47,286.3 3 1
quizapp/internal/handlers/quiz_handler.go:289.2,290.16 2 0
quizapp/internal/handlers/quiz_handler.go:289.2,290.16 2 13
quizapp/internal/handlers/quiz_handler.go:290.16,297.3 3 0
quizapp/internal/handlers/quiz_handler.go:300.2,304.31 3 0
quizapp/internal/handlers/quiz_handler.go:300.2,304.31 3 13
quizapp/internal/handlers/quiz_handler.go:304.31,306.3 1 0
quizapp/internal/handlers/quiz_handler.go:309.144,317.3 3 0
quizapp/internal/handlers/quiz_handler.go:309.2,309.144 1 0
quizapp/internal/handlers/quiz_handler.go:309.2,309.144 1 13
quizapp/internal/handlers/quiz_handler.go:320.2,337.3 4 0
quizapp/internal/handlers/quiz_handler.go:320.2,337.3 4 13
quizapp/internal/handlers/quiz_handler.go:341.51,346.13 4 0
quizapp/internal/handlers/quiz_handler.go:341.51,346.13 4 12
quizapp/internal/handlers/quiz_handler.go:346.13,349.3 2 0
quizapp/internal/handlers/quiz_handler.go:351.2,354.16 3 0
quizapp/internal/handlers/quiz_handler.go:351.2,354.16 3 12
quizapp/internal/handlers/quiz_handler.go:354.16,360.3 3 0
quizapp/internal/handlers/quiz_handler.go:363.2,364.36 2 0
quizapp/internal/handlers/quiz_handler.go:363.2,364.36 2 12
quizapp/internal/handlers/quiz_handler.go:368.54,373.13 4 0
quizapp/internal/handlers/quiz_handler.go:368.54,373.13 4 3
quizapp/internal/handlers/quiz_handler.go:373.13,376.3 2 0
quizapp/internal/handlers/quiz_handler.go:378.2,380.16 3 0
quizapp/internal/handlers/quiz_handler.go:378.2,380.16 3 3
quizapp/internal/handlers/quiz_handler.go:380.16,383.3 2 0
quizapp/internal/handlers/quiz_handler.go:385.2,391.16 3 0
quizapp/internal/handlers/quiz_handler.go:385.2,391.16 3 3
quizapp/internal/handlers/quiz_handler.go:391.16,398.3 3 0
quizapp/internal/handlers/quiz_handler.go:400.2,400.98 1 0
quizapp/internal/handlers/quiz_handler.go:400.2,400.98 1 3
quizapp/internal/handlers/quiz_handler.go:404.59,409.13 4 0
quizapp/internal/handlers/quiz_handler.go:404.59,409.13 4 5
quizapp/internal/handlers/quiz_handler.go:409.13,412.3 2 0
quizapp/internal/handlers/quiz_handler.go:414.2,416.16 3 0
quizapp/internal/handlers/quiz_handler.go:414.2,416.16 3 5
quizapp/internal/handlers/quiz_handler.go:416.16,419.3 2 0
quizapp/internal/handlers/quiz_handler.go:416.16,419.3 2 1
quizapp/internal/handlers/quiz_handler.go:422.2,427.47 2 0
quizapp/internal/handlers/quiz_handler.go:422.2,427.47 2 4
quizapp/internal/handlers/quiz_handler.go:427.47,430.3 1 0
quizapp/internal/handlers/quiz_handler.go:427.47,430.3 1 3
quizapp/internal/handlers/quiz_handler.go:432.2,439.16 3 0
quizapp/internal/handlers/quiz_handler.go:432.2,439.16 3 4
quizapp/internal/handlers/quiz_handler.go:439.16,444.51 2 0
quizapp/internal/handlers/quiz_handler.go:444.51,447.4 2 0
quizapp/internal/handlers/quiz_handler.go:448.3,449.9 2 0
quizapp/internal/handlers/quiz_handler.go:452.2,452.105 1 0
quizapp/internal/handlers/quiz_handler.go:452.2,452.105 1 4
quizapp/internal/handlers/quiz_handler.go:456.50,461.13 4 0
quizapp/internal/handlers/quiz_handler.go:461.13,464.3 2 0
quizapp/internal/handlers/quiz_handler.go:466.2,467.47 2 0
quizapp/internal/handlers/quiz_handler.go:467.47,473.3 2 0
quizapp/internal/handlers/quiz_handler.go:47.16,57.2 1 0
quizapp/internal/handlers/quiz_handler.go:47.16,57.2 1 7
quizapp/internal/handlers/quiz_handler.go:475.2,476.31 2 0
quizapp/internal/handlers/quiz_handler.go:476.31,479.3 2 0
quizapp/internal/handlers/quiz_handler.go:481.2,494.33 3 0
quizapp/internal/handlers/quiz_handler.go:494.33,497.42 3 0
quizapp/internal/handlers/quiz_handler.go:497.42,499.4 1 0
quizapp/internal/handlers/quiz_handler.go:502.2,502.30 1 0
quizapp/internal/handlers/quiz_handler.go:502.30,503.42 1 0
quizapp/internal/handlers/quiz_handler.go:503.42,505.4 1 0
quizapp/internal/handlers/quiz_handler.go:506.3,506.45 1 0
quizapp/internal/handlers/quiz_handler.go:506.45,508.4 1 0
quizapp/internal/handlers/quiz_handler.go:509.3,509.41 1 0
quizapp/internal/handlers/quiz_handler.go:509.41,511.4 1 0
quizapp/internal/handlers/quiz_handler.go:515.2,515.36 1 0
quizapp/internal/handlers/quiz_handler.go:515.36,517.48 2 0
quizapp/internal/handlers/quiz_handler.go:517.48,522.4 1 0
quizapp/internal/handlers/quiz_handler.go:526.2,532.59 2 0
quizapp/internal/handlers/quiz_handler.go:532.59,534.3 1 0
quizapp/internal/handlers/quiz_handler.go:535.2,535.53 1 0
quizapp/internal/handlers/quiz_handler.go:535.53,537.3 1 0
quizapp/internal/handlers/quiz_handler.go:539.2,539.31 1 0
quizapp/internal/handlers/quiz_handler.go:539.31,541.35 2 0
quizapp/internal/handlers/quiz_handler.go:541.35,543.4 1 0
quizapp/internal/handlers/quiz_handler.go:547.2,568.12 12 0
quizapp/internal/handlers/quiz_handler.go:568.12,569.16 1 0
quizapp/internal/handlers/quiz_handler.go:569.16,570.32 1 0
quizapp/internal/handlers/quiz_handler.go:570.32,574.5 1 0
quizapp/internal/handlers/quiz_handler.go:576.3,576.10 1 0
quizapp/internal/handlers/quiz_handler.go:577.24,578.20 1 0
quizapp/internal/handlers/quiz_handler.go:579.21,579.21 0 0
quizapp/internal/handlers/quiz_handler.go:585.12,586.16 1 0
quizapp/internal/handlers/quiz_handler.go:585.2,585.12 1 0
quizapp/internal/handlers/quiz_handler.go:586.16,587.32 1 0
quizapp/internal/handlers/quiz_handler.go:587.32,591.5 1 0
quizapp/internal/handlers/quiz_handler.go:592.4,592.17 1 0
quizapp/internal/handlers/quiz_handler.go:594.3,594.96 1 0
quizapp/internal/handlers/quiz_handler.go:594.96,599.24 2 0
quizapp/internal/handlers/quiz_handler.go:599.24,600.12 1 0
quizapp/internal/handlers/quiz_handler.go:601.50,601.50 0 0
quizapp/internal/handlers/quiz_handler.go:602.13,602.13 0 0
quizapp/internal/handlers/quiz_handler.go:60.72,63.19 3 0
quizapp/internal/handlers/quiz_handler.go:60.72,63.19 3 43
quizapp/internal/handlers/quiz_handler.go:610.2,610.34 1 0
quizapp/internal/handlers/quiz_handler.go:610.34,611.10 1 0
quizapp/internal/handlers/quiz_handler.go:612.30,613.11 1 0
quizapp/internal/handlers/quiz_handler.go:613.11,616.5 1 0
quizapp/internal/handlers/quiz_handler.go:619.43,622.5 2 0
quizapp/internal/handlers/quiz_handler.go:619.4,619.43 1 0
quizapp/internal/handlers/quiz_handler.go:625.4,626.18 2 0
quizapp/internal/handlers/quiz_handler.go:626.18,629.5 2 0
quizapp/internal/handlers/quiz_handler.go:63.19,65.3 1 0
quizapp/internal/handlers/quiz_handler.go:632.4,632.71 1 0
quizapp/internal/handlers/quiz_handler.go:632.71,635.5 2 0
quizapp/internal/handlers/quiz_handler.go:636.4,637.15 2 0
quizapp/internal/handlers/quiz_handler.go:638.21,640.16 2 0
quizapp/internal/handlers/quiz_handler.go:647.70,656.2 2 0
quizapp/internal/handlers/quiz_handler.go:647.70,656.2 2 3
quizapp/internal/handlers/quiz_handler.go:658.114,669.43 3 0
quizapp/internal/handlers/quiz_handler.go:66.2,66.27 1 0
quizapp/internal/handlers/quiz_handler.go:66.2,66.27 1 43
quizapp/internal/handlers/quiz_handler.go:669.43,671.3 1 0
quizapp/internal/handlers/quiz_handler.go:674.2,675.29 2 0
quizapp/internal/handlers/quiz_handler.go:675.29,676.21 1 0
quizapp/internal/handlers/quiz_handler.go:676.21,678.4 1 0
quizapp/internal/handlers/quiz_handler.go:682.2,682.30 1 0
quizapp/internal/handlers/quiz_handler.go:682.30,684.3 1 0
quizapp/internal/handlers/quiz_handler.go:686.2,686.55 1 0
quizapp/internal/handlers/quiz_handler.go:689.74,693.2 1 0
quizapp/internal/handlers/quiz_handler.go:689.74,693.2 1 13
quizapp/internal/handlers/quiz_handler.go:696.55,701.13 4 0
quizapp/internal/handlers/quiz_handler.go:696.55,701.13 4 2
quizapp/internal/handlers/quiz_handler.go:701.13,704.3 2 0
quizapp/internal/handlers/quiz_handler.go:70.51,75.13 4 0
quizapp/internal/handlers/quiz_handler.go:70.51,75.13 4 7
quizapp/internal/handlers/quiz_handler.go:706.2,710.16 3 0
quizapp/internal/handlers/quiz_handler.go:706.2,710.16 3 2
quizapp/internal/handlers/quiz_handler.go:710.16,714.3 3 0
quizapp/internal/handlers/quiz_handler.go:717.2,718.16 2 0
quizapp/internal/handlers/quiz_handler.go:717.2,718.16 2 2
quizapp/internal/handlers/quiz_handler.go:718.16,721.3 2 0
quizapp/internal/handlers/quiz_handler.go:724.2,725.16 2 0
quizapp/internal/handlers/quiz_handler.go:724.2,725.16 2 2
quizapp/internal/handlers/quiz_handler.go:725.16,728.3 2 0
quizapp/internal/handlers/quiz_handler.go:731.2,743.92 2 0
quizapp/internal/handlers/quiz_handler.go:731.2,743.92 2 2
quizapp/internal/handlers/quiz_handler.go:743.92,744.44 1 0
quizapp/internal/handlers/quiz_handler.go:743.92,744.44 1 2
quizapp/internal/handlers/quiz_handler.go:744.44,745.87 1 0
quizapp/internal/handlers/quiz_handler.go:745.87,747.65 1 0
quizapp/internal/handlers/quiz_handler.go:747.65,751.11 4 0
quizapp/internal/handlers/quiz_handler.go:75.13,78.3 2 0
quizapp/internal/handlers/quiz_handler.go:754.4,754.71 1 0
quizapp/internal/handlers/quiz_handler.go:754.71,756.5 1 0
quizapp/internal/handlers/quiz_handler.go:760.2,760.33 1 0
quizapp/internal/handlers/quiz_handler.go:760.2,760.33 1 2
quizapp/internal/handlers/quiz_handler.go:81.2,85.25 3 0
quizapp/internal/handlers/quiz_handler.go:81.2,85.25 3 7
quizapp/internal/handlers/quiz_handler.go:85.25,89.3 3 0
quizapp/internal/handlers/quiz_handler.go:85.25,89.3 3 4
quizapp/internal/handlers/quiz_handler.go:91.2,91.30 1 0
quizapp/internal/handlers/quiz_handler.go:91.2,91.30 1 3
quizapp/internal/handlers/quiz_handler.go:95.93,103.16 4 0
quizapp/internal/handlers/quiz_handler.go:95.93,103.16 4 4
quizapp/internal/handlers/route_listing.go:153.33,158.28 3 0
quizapp/internal/handlers/route_listing.go:158.28,160.4 1 0
quizapp/internal/handlers/route_listing.go:162.3,171.5 1 0
quizapp/internal/handlers/route_listing.go:174.2,195.22 2 0
quizapp/internal/handlers/route_listing.go:199.63,201.33 2 0
quizapp/internal/handlers/route_listing.go:201.33,202.29 1 0
quizapp/internal/handlers/route_listing.go:202.29,204.4 1 0
quizapp/internal/handlers/route_listing.go:206.2,206.14 1 0
quizapp/internal/handlers/route_listing.go:29.70,34.2 1 15
quizapp/internal/handlers/route_listing.go:29.70,34.2 1 8
quizapp/internal/handlers/route_listing.go:37.65,43.31 3 14
quizapp/internal/handlers/route_listing.go:37.65,43.31 3 7
quizapp/internal/handlers/route_listing.go:43.31,45.47 1 31
quizapp/internal/handlers/route_listing.go:43.31,45.47 1 444
quizapp/internal/handlers/route_listing.go:45.47,46.12 1 0
quizapp/internal/handlers/route_listing.go:49.3,53.5 1 31
quizapp/internal/handlers/route_listing.go:49.3,53.5 1 444
quizapp/internal/handlers/route_listing.go:57.2,57.43 1 14
quizapp/internal/handlers/route_listing.go:57.2,57.43 1 7
quizapp/internal/handlers/route_listing.go:57.43,59.3 1 2421
quizapp/internal/handlers/route_listing.go:57.43,59.3 1 48
quizapp/internal/handlers/route_listing.go:63.67,73.2 8 0
quizapp/internal/handlers/route_listing.go:76.67,80.2 3 2
quizapp/internal/handlers/route_listing.go:83.53,153.33 3 0
quizapp/internal/handlers/router_factory.go:125.15,127.3 1 0
quizapp/internal/handlers/router_factory.go:127.8,130.3 2 0
quizapp/internal/handlers/router_factory.go:127.8,130.3 2 7
quizapp/internal/handlers/router_factory.go:131.2,148.2 12 0
quizapp/internal/handlers/router_factory.go:131.2,148.2 12 7
quizapp/internal/handlers/router_factory.go:148.2,150.43 1 0
quizapp/internal/handlers/router_factory.go:148.2,150.43 1 7
quizapp/internal/handlers/router_factory.go:150.43,158.31 3 0
quizapp/internal/handlers/router_factory.go:158.31,160.5 1 0
quizapp/internal/handlers/router_factory.go:162.4,167.18 4 0
quizapp/internal/handlers/router_factory.go:167.18,170.5 2 0
quizapp/internal/handlers/router_factory.go:171.4,172.66 2 0
quizapp/internal/handlers/router_factory.go:172.66,173.18 1 0
quizapp/internal/handlers/router_factory.go:173.18,173.49 1 0
quizapp/internal/handlers/router_factory.go:174.5,174.83 1 0
quizapp/internal/handlers/router_factory.go:174.83,176.6 1 0
quizapp/internal/handlers/router_factory.go:177.10,179.5 1 0
quizapp/internal/handlers/router_factory.go:180.4,183.6 1 0
quizapp/internal/handlers/router_factory.go:185.3,186.3 2 0
quizapp/internal/handlers/router_factory.go:185.3,186.3 2 7
quizapp/internal/handlers/router_factory.go:186.3,194.4 7 0
quizapp/internal/handlers/router_factory.go:186.3,194.4 7 7
quizapp/internal/handlers/router_factory.go:195.3,197.3 3 0
quizapp/internal/handlers/router_factory.go:195.3,197.3 3 7
quizapp/internal/handlers/router_factory.go:197.3,206.4 8 0
quizapp/internal/handlers/router_factory.go:197.3,206.4 8 7
quizapp/internal/handlers/router_factory.go:207.3,208.3 2 0
quizapp/internal/handlers/router_factory.go:207.3,208.3 2 7
quizapp/internal/handlers/router_factory.go:208.3,215.4 6 0
quizapp/internal/handlers/router_factory.go:208.3,215.4 6 7
quizapp/internal/handlers/router_factory.go:216.3,218.3 3 0
quizapp/internal/handlers/router_factory.go:216.3,218.3 3 7
quizapp/internal/handlers/router_factory.go:218.3,221.4 2 0
quizapp/internal/handlers/router_factory.go:218.3,221.4 2 7
quizapp/internal/handlers/router_factory.go:222.3,223.3 2 0
quizapp/internal/handlers/router_factory.go:222.3,223.3 2 7
quizapp/internal/handlers/router_factory.go:223.3,231.4 7 0
quizapp/internal/handlers/router_factory.go:223.3,231.4 7 7
quizapp/internal/handlers/router_factory.go:232.3,234.3 3 0
quizapp/internal/handlers/router_factory.go:232.3,234.3 3 7
quizapp/internal/handlers/router_factory.go:234.3,236.4 1 0
quizapp/internal/handlers/router_factory.go:234.3,236.4 1 7
quizapp/internal/handlers/router_factory.go:240.2,258.2 17 0
quizapp/internal/handlers/router_factory.go:240.2,258.2 17 7
quizapp/internal/handlers/router_factory.go:258.2,266.3 7 0
quizapp/internal/handlers/router_factory.go:258.2,266.3 7 7
quizapp/internal/handlers/router_factory.go:269.2,276.39 4 0
quizapp/internal/handlers/router_factory.go:269.2,276.39 4 7
quizapp/internal/handlers/router_factory.go:276.39,277.32 1 0
quizapp/internal/handlers/router_factory.go:277.32,279.4 1 0
quizapp/internal/handlers/router_factory.go:279.9,281.4 1 0
quizapp/internal/handlers/router_factory.go:285.2,288.15 3 0
quizapp/internal/handlers/router_factory.go:285.2,288.15 3 7
quizapp/internal/handlers/router_factory.go:34.15,40.34 3 0
quizapp/internal/handlers/router_factory.go:34.15,40.34 3 7
quizapp/internal/handlers/router_factory.go:40.34,64.24 9 0
quizapp/internal/handlers/router_factory.go:40.34,64.24 9 201
quizapp/internal/handlers/router_factory.go:64.24,66.4 1 0
quizapp/internal/handlers/router_factory.go:70.24,72.4 1 0
quizapp/internal/handlers/router_factory.go:70.3,70.24 1 0
quizapp/internal/handlers/router_factory.go:70.3,70.24 1 201
quizapp/internal/handlers/router_factory.go:72.31,74.4 1 0
quizapp/internal/handlers/router_factory.go:72.31,74.4 1 58
quizapp/internal/handlers/router_factory.go:72.9,72.31 1 0
quizapp/internal/handlers/router_factory.go:72.9,72.31 1 201
quizapp/internal/handlers/router_factory.go:74.9,76.4 1 0
quizapp/internal/handlers/router_factory.go:74.9,76.4 1 143
quizapp/internal/handlers/router_factory.go:80.2,83.45 2 0
quizapp/internal/handlers/router_factory.go:80.2,83.45 2 7
quizapp/internal/handlers/router_factory.go:83.45,85.3 1 0
quizapp/internal/handlers/router_factory.go:88.2,88.46 1 0
quizapp/internal/handlers/router_factory.go:88.2,88.46 1 7
quizapp/internal/handlers/router_factory.go:88.46,95.3 1 0
quizapp/internal/handlers/router_factory.go:88.46,95.3 1 1
quizapp/internal/handlers/router_factory.go:98.2,125.15 9 0
quizapp/internal/handlers/router_factory.go:98.2,125.15 9 7
quizapp/internal/handlers/settings_handler.go:104.2,104.30 1 0
quizapp/internal/handlers/settings_handler.go:104.2,104.30 1 4
quizapp/internal/handlers/settings_handler.go:104.30,107.43 3 0
quizapp/internal/handlers/settings_handler.go:104.30,107.43 3 4
quizapp/internal/handlers/settings_handler.go:107.43,108.42 1 0
quizapp/internal/handlers/settings_handler.go:107.43,108.42 1 12
quizapp/internal/handlers/settings_handler.go:108.42,110.10 2 0
quizapp/internal/handlers/settings_handler.go:108.42,110.10 2 3
quizapp/internal/handlers/settings_handler.go:114.23,119.4 2 0
quizapp/internal/handlers/settings_handler.go:114.23,119.4 2 1
quizapp/internal/handlers/settings_handler.go:114.3,114.23 1 0
quizapp/internal/handlers/settings_handler.go:114.3,114.23 1 4
quizapp/internal/handlers/settings_handler.go:122.102,125.3 2 0
quizapp/internal/handlers/settings_handler.go:122.2,122.102 1 0
quizapp/internal/handlers/settings_handler.go:122.2,122.102 1 3
[...]
quizapp/internal/worker/worker.go:1053.2,1054.28 2 4
quizapp/internal/worker/worker.go:1054.28,1056.3 1 2
quizapp/internal/worker/worker.go:1054.28,1056.3 1 3
quizapp/internal/worker/worker.go:1056.8,1058.3 1 1
quizapp/internal/worker/worker.go:1059.2,1059.167 1 3
quizapp/internal/worker/worker.go:1059.2,1059.167 1 4
quizapp/internal/worker/worker.go:107.11,108.20 1 37
quizapp/internal/worker/worker.go:107.11,108.20 1 53
quizapp/internal/worker/worker.go:108.20,110.3 1 1
quizapp/internal/worker/worker.go:1091.75,1093.16 2 0
quizapp/internal/worker/worker.go:1091.75,1093.16 2 1
quizapp/internal/worker/worker.go:1093.16,1098.3 2 0
quizapp/internal/worker/worker.go:1099.2,1102.4 1 0
quizapp/internal/worker/worker.go:1099.2,1102.4 1 1
quizapp/internal/worker/worker.go:1106.121,1107.25 1 8
quizapp/internal/worker/worker.go:1106.121,1107.25 1 9
quizapp/internal/worker/worker.go:1107.25,1109.3 1 1
quizapp/internal/worker/worker.go:1110.2,1112.74 2 7
quizapp/internal/worker/worker.go:1110.2,1112.74 2 8
quizapp/internal/worker/worker.go:1112.74,1114.3 1 2
quizapp/internal/worker/worker.go:1116.2,1116.46 1 7
quizapp/internal/worker/worker.go:1116.2,1116.46 1 8
quizapp/internal/worker/worker.go:1116.46,1118.3 1 2
quizapp/internal/worker/worker.go:1120.2,1120.39 1 7
quizapp/internal/worker/worker.go:1120.2,1120.39 1 8
quizapp/internal/worker/worker.go:1120.39,1122.54 2 2
quizapp/internal/worker/worker.go:1122.54,1124.4 1 2
quizapp/internal/worker/worker.go:1125.3,1125.87 1 2
quizapp/internal/worker/worker.go:1128.2,1128.41 1 7
quizapp/internal/worker/worker.go:1128.2,1128.41 1 8
quizapp/internal/worker/worker.go:1128.41,1130.3 1 4
quizapp/internal/worker/worker.go:1128.41,1130.3 1 5
quizapp/internal/worker/worker.go:113.2,133.3 2 37
quizapp/internal/worker/worker.go:113.2,133.3 2 53
quizapp/internal/worker/worker.go:1132.20,1134.34 2 0
quizapp/internal/worker/worker.go:1132.20,1134.34 2 1
quizapp/internal/worker/worker.go:1132.2,1132.20 1 7
quizapp/internal/worker/worker.go:1132.2,1132.20 1 8
quizapp/internal/worker/worker.go:1134.34,1136.4 1 0
quizapp/internal/worker/worker.go:1137.3,1137.33 1 0
quizapp/internal/worker/worker.go:1137.3,1137.33 1 1
quizapp/internal/worker/worker.go:1137.33,1139.4 1 0
quizapp/internal/worker/worker.go:1140.3,1140.37 1 0
quizapp/internal/worker/worker.go:1140.3,1140.37 1 1
quizapp/internal/worker/worker.go:1140.37,1142.4 1 0
quizapp/internal/worker/worker.go:1140.37,1142.4 1 1
quizapp/internal/worker/worker.go:1143.29,1145.4 1 0
quizapp/internal/worker/worker.go:1143.3,1143.29 1 0
quizapp/internal/worker/worker.go:1143.3,1143.29 1 1
quizapp/internal/worker/worker.go:1146.31,1148.4 1 0
quizapp/internal/worker/worker.go:1146.31,1148.4 1 1
quizapp/internal/worker/worker.go:1146.3,1146.31 1 0
quizapp/internal/worker/worker.go:1146.3,1146.31 1 1
quizapp/internal/worker/worker.go:1151.2,1151.23 1 7
quizapp/internal/worker/worker.go:1151.2,1151.23 1 8
quizapp/internal/worker/worker.go:1151.23,1153.3 1 0
quizapp/internal/worker/worker.go:1155.2,1155.36 1 7
quizapp/internal/worker/worker.go:1155.2,1155.36 1 8
quizapp/internal/worker/worker.go:1159.159,1162.16 2 0
quizapp/internal/worker/worker.go:1159.159,1162.16 2 1
quizapp/internal/worker/worker.go:1162.16,1169.3 2 0
quizapp/internal/worker/worker.go:1172.2,1173.16 2 0
quizapp/internal/worker/worker.go:1172.2,1173.16 2 1
quizapp/internal/worker/worker.go:1173.16,1180.3 2 0
quizapp/internal/worker/worker.go:1183.2,1184.33 2 0
quizapp/internal/worker/worker.go:1183.2,1184.33 2 1
quizapp/internal/worker/worker.go:1184.33,1185.61 1 0
quizapp/internal/worker/worker.go:1185.61,1187.4 1 0
quizapp/internal/worker/worker.go:1191.2,1192.16 2 0
quizapp/internal/worker/worker.go:1191.2,1192.16 2 1
quizapp/internal/worker/worker.go:1192.16,1199.3 2 0
quizapp/internal/worker/worker.go:1202.2,1203.16 2 0
quizapp/internal/worker/worker.go:1202.2,1203.16 2 1
quizapp/internal/worker/worker.go:1203.16,1210.3 2 0
quizapp/internal/worker/worker.go:1213.2,1214.16 2 0
quizapp/internal/worker/worker.go:1213.2,1214.16 2 1
quizapp/internal/worker/worker.go:1214.16,1221.3 2 0
quizapp/internal/worker/worker.go:1224.2,1234.3 2 0
quizapp/internal/worker/worker.go:1224.2,1234.3 2 1
quizapp/internal/worker/worker.go:1238.82,1244.2 1 0
quizapp/internal/worker/worker.go:1247.161,1249.2 1 12
quizapp/internal/worker/worker.go:1247.161,1249.2 1 8
quizapp/internal/worker/worker.go:1252.160,1254.2 1 14
quizapp/internal/worker/worker.go:1252.160,1254.2 1 9
quizapp/internal/worker/worker.go:1257.169,1259.2 1 12
quizapp/internal/worker/worker.go:1257.169,1259.2 1 8
quizapp/internal/worker/worker.go:137.53,139.18 2 41
quizapp/internal/worker/worker.go:137.53,139.18 2 57
quizapp/internal/worker/worker.go:139.18,141.3 1 38
quizapp/internal/worker/worker.go:139.18,141.3 1 54
quizapp/internal/worker/worker.go:142.2,143.16 2 3
quizapp/internal/worker/worker.go:143.16,145.3 1 1
quizapp/internal/worker/worker.go:146.2,146.12 1 2
quizapp/internal/worker/worker.go:150.45,172.6 11 0
quizapp/internal/worker/worker.go:150.45,172.6 11 1
quizapp/internal/worker/worker.go:172.6,173.10 1 0
quizapp/internal/worker/worker.go:172.6,173.10 1 1
quizapp/internal/worker/worker.go:174.21,181.10 5 0
quizapp/internal/worker/worker.go:174.21,181.10 5 1
quizapp/internal/worker/worker.go:183.19,184.11 1 0
quizapp/internal/worker/worker.go:186.26,191.11 3 0
quizapp/internal/worker/worker.go:197.58,198.35 1 1
quizapp/internal/worker/worker.go:197.58,198.35 1 2
quizapp/internal/worker/worker.go:198.35,202.67 2 1
quizapp/internal/worker/worker.go:202.67,206.4 1 0
quizapp/internal/worker/worker.go:206.9,210.4 1 1
quizapp/internal/worker/worker.go:215.69,218.16 3 1
quizapp/internal/worker/worker.go:215.69,218.16 3 2
quizapp/internal/worker/worker.go:218.16,222.3 1 0
quizapp/internal/worker/worker.go:222.25,224.3 1 0
quizapp/internal/worker/worker.go:222.8,222.25 1 1
quizapp/internal/worker/worker.go:222.8,222.25 1 2
quizapp/internal/worker/worker.go:224.8,226.17 2 1
quizapp/internal/worker/worker.go:224.8,226.17 2 2
quizapp/internal/worker/worker.go:226.17,230.4 1 0
quizapp/internal/worker/worker.go:230.46,232.4 1 1
quizapp/internal/worker/worker.go:230.9,230.46 1 1
quizapp/internal/worker/worker.go:230.9,230.46 1 2
quizapp/internal/worker/worker.go:234.2,234.22 1 1
quizapp/internal/worker/worker.go:234.2,234.22 1 2
quizapp/internal/worker/worker.go:237.53,241.6 3 0
quizapp/internal/worker/worker.go:237.53,241.6 3 2
quizapp/internal/worker/worker.go:241.6,242.10 1 0
quizapp/internal/worker/worker.go:241.6,242.10 1 2
quizapp/internal/worker/worker.go:243.21,244.10 1 0
quizapp/internal/worker/worker.go:243.21,244.10 1 2
quizapp/internal/worker/worker.go:245.19,246.26 1 0
quizapp/internal/worker/worker.go:252.55,253.73 1 1
quizapp/internal/worker/worker.go:253.73,257.3 1 0
quizapp/internal/worker/worker.go:261.24,263.12 2 0
quizapp/internal/worker/worker.go:261.24,263.12 2 4
quizapp/internal/worker/worker.go:263.12,266.3 2 0
quizapp/internal/worker/worker.go:263.12,266.3 2 4
quizapp/internal/worker/worker.go:268.2,273.16 5 0
quizapp/internal/worker/worker.go:273.16,278.3 2 0
quizapp/internal/worker/worker.go:278.8,280.3 1 0
quizapp/internal/worker/worker.go:282.2,283.39 2 0
quizapp/internal/worker/worker.go:287.71,289.16 2 1
quizapp/internal/worker/worker.go:287.71,289.16 2 5
quizapp/internal/worker/worker.go:289.16,294.3 2 0
quizapp/internal/worker/worker.go:295.18,297.3 1 1
quizapp/internal/worker/worker.go:295.18,297.3 1 2
quizapp/internal/worker/worker.go:295.2,295.18 1 1
quizapp/internal/worker/worker.go:295.2,295.18 1 5
quizapp/internal/worker/worker.go:298.2,299.16 2 0
quizapp/internal/worker/worker.go:298.2,299.16 2 3
quizapp/internal/worker/worker.go:299.16,304.3 2 0
quizapp/internal/worker/worker.go:299.16,304.3 2 3
quizapp/internal/worker/worker.go:304.45,306.3 1 0
quizapp/internal/worker/worker.go:304.8,304.45 1 0
quizapp/internal/worker/worker.go:307.2,307.18 1 0
quizapp/internal/worker/worker.go:311.62,318.16 2 55
quizapp/internal/worker/worker.go:318.16,320.3 1 0
quizapp/internal/worker/worker.go:320.8,322.3 1 55
quizapp/internal/worker/worker.go:323.2,325.25 3 55
quizapp/internal/worker/worker.go:325.25,327.3 1 5
quizapp/internal/worker/worker.go:328.2,328.15 1 55
quizapp/internal/worker/worker.go:332.37,336.2 3 1
quizapp/internal/worker/worker.go:332.37,336.2 3 4
quizapp/internal/worker/worker.go:339.43,346.2 5 2
quizapp/internal/worker/worker.go:339.43,346.2 5 6
quizapp/internal/worker/worker.go:349.50,357.2 5 3
quizapp/internal/worker/worker.go:349.50,357.2 5 4
quizapp/internal/worker/worker.go:360.39,362.2 1 1
quizapp/internal/worker/worker.go:365.37,367.9 2 2
quizapp/internal/worker/worker.go:365.37,367.9 2 3
quizapp/internal/worker/worker.go:368.31,371.5 1 1
quizapp/internal/worker/worker.go:368.31,371.5 1 2
quizapp/internal/worker/worker.go:372.10,375.5 1 1
quizapp/internal/worker/worker.go:380.45,381.69 1 2
quizapp/internal/worker/worker.go:381.69,386.3 1 1
quizapp/internal/worker/worker.go:387.2,392.29 4 2
quizapp/internal/worker/worker.go:396.46,397.70 1 2
quizapp/internal/worker/worker.go:397.70,405.3 3 1
quizapp/internal/worker/worker.go:406.2,411.29 4 1
quizapp/internal/worker/worker.go:415.54,424.26 4 0
quizapp/internal/worker/worker.go:415.54,424.26 4 1
quizapp/internal/worker/worker.go:424.26,426.44 1 0
quizapp/internal/worker/worker.go:426.44,430.4 3 0
quizapp/internal/worker/worker.go:436.2,449.12 7 0
quizapp/internal/worker/worker.go:436.2,449.12 7 1
quizapp/internal/worker/worker.go:453.60,467.86 2 4
quizapp/internal/worker/worker.go:453.60,467.86 2 6
quizapp/internal/worker/worker.go:467.86,471.3 1 0
quizapp/internal/worker/worker.go:467.86,471.3 1 1
quizapp/internal/worker/worker.go:475.51,477.35 2 4
quizapp/internal/worker/worker.go:475.51,477.35 2 6
quizapp/internal/worker/worker.go:477.35,478.33 1 0
quizapp/internal/worker/worker.go:478.33,481.4 1 0
quizapp/internal/worker/worker.go:483.2,483.14 1 4
quizapp/internal/worker/worker.go:483.2,483.14 1 6
quizapp/internal/worker/worker.go:486.91,488.16 2 0
quizapp/internal/worker/worker.go:488.16,493.3 2 0
quizapp/internal/worker/worker.go:494.18,499.3 2 0
quizapp/internal/worker/worker.go:494.2,494.18 1 0
quizapp/internal/worker/worker.go:501.2,502.16 2 0
quizapp/internal/worker/worker.go:502.16,504.3 1 0
quizapp/internal/worker/worker.go:505.23,510.3 2 0
quizapp/internal/worker/worker.go:505.2,505.23 1 0
quizapp/internal/worker/worker.go:512.2,518.31 6 0
quizapp/internal/worker/worker.go:518.31,521.21 3 0
quizapp/internal/worker/worker.go:521.21,522.24 1 0
quizapp/internal/worker/worker.go:522.24,528.5 1 0
quizapp/internal/worker/worker.go:529.4,529.12 1 0
quizapp/internal/worker/worker.go:531.3,533.16 3 0
quizapp/internal/worker/worker.go:533.16,535.4 1 0
quizapp/internal/worker/worker.go:536.13,538.4 1 0
quizapp/internal/worker/worker.go:536.3,536.13 1 0
quizapp/internal/worker/worker.go:539.24,541.4 1 0
quizapp/internal/worker/worker.go:539.3,539.24 1 0
quizapp/internal/worker/worker.go:542.3,545.5 1 0
quizapp/internal/worker/worker.go:548.2,549.119 2 0
quizapp/internal/worker/worker.go:553.93,555.16 2 1
quizapp/internal/worker/worker.go:555.16,557.3 1 0
quizapp/internal/worker/worker.go:558.2,559.29 2 1
quizapp/internal/worker/worker.go:559.29,560.52 1 3
quizapp/internal/worker/worker.go:560.52,561.12 1 1
quizapp/internal/worker/worker.go:563.3,564.31 2 2
quizapp/internal/worker/worker.go:564.31,565.12 1 1
quizapp/internal/worker/worker.go:567.3,569.20 3 1
quizapp/internal/worker/worker.go:569.20,571.36 2 1
quizapp/internal/worker/worker.go:571.36,573.5 1 1
quizapp/internal/worker/worker.go:575.33,577.4 1 1
quizapp/internal/worker/worker.go:575.3,575.33 1 1
quizapp/internal/worker/worker.go:579.2,579.21 1 1
quizapp/internal/worker/worker.go:583.91,584.33 1 4
quizapp/internal/worker/worker.go:584.33,590.3 5 1
quizapp/internal/worker/worker.go:591.2,592.16 2 3
quizapp/internal/worker/worker.go:592.16,594.3 1 0
quizapp/internal/worker/worker.go:595.18,597.3 1 1
quizapp/internal/worker/worker.go:595.2,595.18 1 3
quizapp/internal/worker/worker.go:598.2,599.52 2 2
quizapp/internal/worker/worker.go:599.52,601.3 1 1
quizapp/internal/worker/worker.go:602.22,604.3 1 1
quizapp/internal/worker/worker.go:602.2,602.22 1 1
quizapp/internal/worker/worker.go:605.2,605.17 1 0
quizapp/internal/worker/worker.go:609.152,629.65 3 5
quizapp/internal/worker/worker.go:629.65,631.3 1 0
quizapp/internal/worker/worker.go:631.8,635.3 1 5
quizapp/internal/worker/worker.go:637.2,639.41 3 0
quizapp/internal/worker/worker.go:639.41,641.3 1 0
quizapp/internal/worker/worker.go:642.2,642.19 1 0
quizapp/internal/worker/worker.go:645.109,647.73 2 1
quizapp/internal/worker/worker.go:647.73,649.3 1 1
quizapp/internal/worker/worker.go:650.2,651.63 2 1
quizapp/internal/worker/worker.go:651.63,653.3 1 1
quizapp/internal/worker/worker.go:654.2,665.37 7 1
quizapp/internal/worker/worker.go:665.37,666.32 1 1
quizapp/internal/worker/worker.go:666.32,667.40 1 1
quizapp/internal/worker/worker.go:667.40,672.19 4 4
quizapp/internal/worker/worker.go:672.19,674.14 2 4
quizapp/internal/worker/worker.go:676.48,678.63 2 0
quizapp/internal/worker/worker.go:676.5,676.48 1 0
quizapp/internal/worker/worker.go:678.63,680.7 1 0
quizapp/internal/worker/worker.go:681.6,684.20 4 0
quizapp/internal/worker/worker.go:684.20,687.15 2 0
quizapp/internal/worker/worker.go:689.22,691.7 1 0
quizapp/internal/worker/worker.go:689.6,689.22 1 0
quizapp/internal/worker/worker.go:696.2,696.73 1 1
quizapp/internal/worker/worker.go:700.143,702.27 2 4
quizapp/internal/worker/worker.go:702.27,704.3 1 4
quizapp/internal/worker/worker.go:705.23,706.39 1 3
quizapp/internal/worker/worker.go:705.2,705.23 1 4
quizapp/internal/worker/worker.go:706.39,708.4 1 1
quizapp/internal/worker/worker.go:709.3,709.65 1 2
quizapp/internal/worker/worker.go:709.65,711.4 1 1
quizapp/internal/worker/worker.go:712.3,712.101 1 1
quizapp/internal/worker/worker.go:714.2,715.69 2 1
quizapp/internal/worker/worker.go:719.187,720.16 1 0
quizapp/internal/worker/worker.go:719.187,720.16 1 1
quizapp/internal/worker/worker.go:720.16,722.3 1 0
quizapp/internal/worker/worker.go:725.2,727.58 3 0
quizapp/internal/worker/worker.go:725.2,727.58 3 1
quizapp/internal/worker/worker.go:727.58,729.3 1 0
quizapp/internal/worker/worker.go:730.2,731.25 2 0
quizapp/internal/worker/worker.go:730.2,731.25 2 1
quizapp/internal/worker/worker.go:731.25,733.3 1 0
quizapp/internal/worker/worker.go:731.25,733.3 1 1
quizapp/internal/worker/worker.go:734.2,735.25 2 0
quizapp/internal/worker/worker.go:734.2,735.25 2 1
quizapp/internal/worker/worker.go:735.25,737.3 1 0
quizapp/internal/worker/worker.go:735.25,737.3 1 1
quizapp/internal/worker/worker.go:739.2,745.25 4 0
quizapp/internal/worker/worker.go:739.2,745.25 4 1
quizapp/internal/worker/worker.go:745.25,747.3 1 0
quizapp/internal/worker/worker.go:745.25,747.3 1 1
quizapp/internal/worker/worker.go:749.2,767.16 4 0
quizapp/internal/worker/worker.go:749.2,767.16 4 1
quizapp/internal/worker/worker.go:767.16,773.3 2 0
quizapp/internal/worker/worker.go:774.2,787.18 8 0
quizapp/internal/worker/worker.go:774.2,787.18 8 1
quizapp/internal/worker/worker.go:787.18,790.3 2 0
quizapp/internal/worker/worker.go:791.25,794.3 2 0
quizapp/internal/worker/worker.go:791.2,791.25 1 0
quizapp/internal/worker/worker.go:791.2,791.25 1 1
quizapp/internal/worker/worker.go:796.2,798.20 2 0
quizapp/internal/worker/worker.go:796.2,798.20 2 1
quizapp/internal/worker/worker.go:798.20,800.3 1 0
quizapp/internal/worker/worker.go:798.20,800.3 1 1
quizapp/internal/worker/worker.go:801.2,801.34 1 0
quizapp/internal/worker/worker.go:801.2,801.34 1 1
quizapp/internal/worker/worker.go:801.34,805.3 2 0
quizapp/internal/worker/worker.go:806.2,806.100 1 0
quizapp/internal/worker/worker.go:806.2,806.100 1 1
quizapp/internal/worker/worker.go:810.224,822.2 4 2
quizapp/internal/worker/worker.go:810.224,822.2 4 3
quizapp/internal/worker/worker.go:825.97,827.27 2 1
quizapp/internal/worker/worker.go:825.97,827.27 2 2
quizapp/internal/worker/worker.go:827.27,829.3 1 1
quizapp/internal/worker/worker.go:827.27,829.3 1 2
quizapp/internal/worker/worker.go:830.2,831.24 2 1
quizapp/internal/worker/worker.go:830.2,831.24 2 2
quizapp/internal/worker/worker.go:831.24,833.3 1 1
quizapp/internal/worker/worker.go:831.24,833.3 1 2
quizapp/internal/worker/worker.go:834.2,835.20 2 1
quizapp/internal/worker/worker.go:834.2,835.20 2 2
quizapp/internal/worker/worker.go:835.20,837.35 2 1
quizapp/internal/worker/worker.go:835.20,837.35 2 2
quizapp/internal/worker/worker.go:837.35,839.4 1 1
quizapp/internal/worker/worker.go:837.35,839.4 1 2
quizapp/internal/worker/worker.go:841.2,846.3 1 1
quizapp/internal/worker/worker.go:841.2,846.3 1 2
quizapp/internal/worker/worker.go:850.317,857.12 7 0
quizapp/internal/worker/worker.go:850.317,857.12 7 1
quizapp/internal/worker/worker.go:857.12,858.16 1 0
quizapp/internal/worker/worker.go:857.12,858.16 1 1
quizapp/internal/worker/worker.go:858.16,859.32 1 0
quizapp/internal/worker/worker.go:858.16,859.32 1 1
quizapp/internal/worker/worker.go:859.32,864.5 1 0
quizapp/internal/worker/worker.go:865.4,865.13 1 0
quizapp/internal/worker/worker.go:865.4,865.13 1 1
quizapp/internal/worker/worker.go:867.3,867.91 1 0
quizapp/internal/worker/worker.go:867.3,867.91 1 1
quizapp/internal/worker/worker.go:869.2,870.37 2 0
quizapp/internal/worker/worker.go:869.2,870.37 2 1
quizapp/internal/worker/worker.go:870.37,873.18 3 0
quizapp/internal/worker/worker.go:870.37,873.18 3 1
quizapp/internal/worker/worker.go:873.18,875.4 1 0
quizapp/internal/worker/worker.go:873.18,875.4 1 1
quizapp/internal/worker/worker.go:876.3,881.42 4 0
quizapp/internal/worker/worker.go:876.3,881.42 4 1
quizapp/internal/worker/worker.go:883.2,884.38 2 0
quizapp/internal/worker/worker.go:883.2,884.38 2 1
quizapp/internal/worker/worker.go:888.215,890.17 2 3
quizapp/internal/worker/worker.go:888.215,890.17 2 4
quizapp/internal/worker/worker.go:890.17,892.3 1 1
quizapp/internal/worker/worker.go:890.17,892.3 1 2
quizapp/internal/worker/worker.go:893.2,899.30 5 3
quizapp/internal/worker/worker.go:893.2,899.30 5 4
quizapp/internal/worker/worker.go:899.30,901.21 1 4
quizapp/internal/worker/worker.go:899.30,901.21 1 5
quizapp/internal/worker/worker.go:901.21,909.4 7 3
quizapp/internal/worker/worker.go:901.21,909.4 7 4
quizapp/internal/worker/worker.go:910.3,910.64 1 4
quizapp/internal/worker/worker.go:910.3,910.64 1 5
quizapp/internal/worker/worker.go:910.64,918.4 1 0
quizapp/internal/worker/worker.go:918.9,920.85 1 4
quizapp/internal/worker/worker.go:918.9,920.85 1 5
quizapp/internal/worker/worker.go:920.85,926.5 1 0
quizapp/internal/worker/worker.go:926.10,928.5 1 4
quizapp/internal/worker/worker.go:926.10,928.5 1 5
quizapp/internal/worker/worker.go:931.20,933.18 2 3
quizapp/internal/worker/worker.go:931.20,933.18 2 4
quizapp/internal/worker/worker.go:931.2,931.20 1 3
quizapp/internal/worker/worker.go:931.2,931.20 1 4
quizapp/internal/worker/worker.go:933.18,935.4 1 1
quizapp/internal/worker/worker.go:933.18,935.4 1 2
quizapp/internal/worker/worker.go:936.3,936.67 1 3
quizapp/internal/worker/worker.go:936.3,936.67 1 4
quizapp/internal/worker/worker.go:938.2,938.19 1 3
quizapp/internal/worker/worker.go:938.2,938.19 1 4
quizapp/internal/worker/worker.go:941.50,945.2 3 15
quizapp/internal/worker/worker.go:941.50,945.2 3 8
quizapp/internal/worker/worker.go:948.103,964.43 5 120
quizapp/internal/worker/worker.go:948.103,964.43 5 127
quizapp/internal/worker/worker.go:964.43,966.3 1 10
quizapp/internal/worker/worker.go:970.51,975.13 4 7
quizapp/internal/worker/worker.go:975.13,977.3 1 4
quizapp/internal/worker/worker.go:979.2,979.48 1 3
quizapp/internal/worker/worker.go:983.65,988.13 4 5
quizapp/internal/worker/worker.go:983.65,988.13 4 6
quizapp/internal/worker/worker.go:988.13,991.3 2 3
quizapp/internal/worker/worker.go:988.13,991.3 2 4
quizapp/internal/worker/worker.go:993.2,998.27 4 5
quizapp/internal/worker/worker.go:993.2,998.27 4 6
quizapp/internal/worker/worker.go:998.27,1000.3 1 0
