mode: atomic
quizapp/cmd/adm/commands/db.go:102.16,104.4 1 0
quizapp/cmd/adm/commands/db.go:107.3,109.17 2 0
quizapp/cmd/adm/commands/db.go:109.17,112.18 2 0
quizapp/cmd/adm/commands/db.go:112.18,115.5 2 0
quizapp/cmd/adm/commands/db.go:117.4,120.18 3 0
quizapp/cmd/adm/commands/db.go:120.18,122.5 1 0
quizapp/cmd/adm/commands/db.go:122.10,124.5 1 0
quizapp/cmd/adm/commands/db.go:125.4,125.14 1 0
quizapp/cmd/adm/commands/db.go:129.3,131.60 2 0
quizapp/cmd/adm/commands/db.go:131.60,134.4 2 0
quizapp/cmd/adm/commands/db.go:136.3,137.13 2 0
quizapp/cmd/adm/commands/db.go:17.115,33.2 4 0
quizapp/cmd/adm/commands/db.go:36.107,43.2 1 0
quizapp/cmd/adm/commands/db.go:46.74,66.2 4 0
quizapp/cmd/adm/commands/db.go:69.138,70.50 1 0
quizapp/cmd/adm/commands/db.go:70.50,80.17 5 0
quizapp/cmd/adm/commands/db.go:80.17,83.4 2 0
quizapp/cmd/adm/commands/db.go:85.3,87.13 2 0
quizapp/cmd/adm/commands/db.go:92.122,93.50 1 0
quizapp/cmd/adm/commands/db.go:93.50,102.16 4 0
quizapp/cmd/adm/commands/translations.go:17.83,31.2 3 0
quizapp/cmd/adm/commands/translations.go:34.85,53.2 4 0
quizapp/cmd/adm/commands/translations.go:56.121,57.50 1 0
quizapp/cmd/adm/commands/translations.go:57.50,61.14 3 0
quizapp/cmd/adm/commands/translations.go:61.14,65.18 3 0
quizapp/cmd/adm/commands/translations.go:65.18,68.5 2 0
quizapp/cmd/adm/commands/translations.go:70.4,71.14 2 0
quizapp/cmd/adm/commands/translations.go:75.3,76.17 2 0
quizapp/cmd/adm/commands/translations.go:76.17,79.4 2 0
quizapp/cmd/adm/commands/translations.go:81.3,86.13 3 0
quizapp/cmd/adm/commands/user.go:100.31,102.5 1 0
quizapp/cmd/adm/commands/user.go:104.4,112.5 1 0
quizapp/cmd/adm/commands/user.go:115.3,116.13 2 0
quizapp/cmd/adm/commands/user.go:121.134,122.53 1 0
quizapp/cmd/adm/commands/user.go:122.53,129.20 4 0
quizapp/cmd/adm/commands/user.go:129.20,131.4 1 0
quizapp/cmd/adm/commands/user.go:131.9,133.51 2 0
quizapp/cmd/adm/commands/user.go:133.51,135.5 1 0
quizapp/cmd/adm/commands/user.go:138.21,140.4 1 0
quizapp/cmd/adm/commands/user.go:138.3,138.21 1 0
quizapp/cmd/adm/commands/user.go:143.3,145.17 3 0
quizapp/cmd/adm/commands/user.go:145.17,147.4 1 0
quizapp/cmd/adm/commands/user.go:148.3,151.24 3 0
quizapp/cmd/adm/commands/user.go:151.24,153.4 1 0
quizapp/cmd/adm/commands/user.go:156.3,158.17 3 0
quizapp/cmd/adm/commands/user.go:158.17,160.4 1 0
quizapp/cmd/adm/commands/user.go:161.3,164.37 3 0
quizapp/cmd/adm/commands/user.go:164.37,166.4 1 0
quizapp/cmd/adm/commands/user.go:168.3,174.17 3 0
quizapp/cmd/adm/commands/user.go:174.17,177.4 2 0
quizapp/cmd/adm/commands/user.go:179.18,182.4 2 0
quizapp/cmd/adm/commands/user.go:179.3,179.18 1 0
quizapp/cmd/adm/commands/user.go:185.3,186.17 2 0
quizapp/cmd/adm/commands/user.go:186.17,192.4 2 0
quizapp/cmd/adm/commands/user.go:19.119,35.2 4 0
quizapp/cmd/adm/commands/user.go:194.3,200.13 3 0
quizapp/cmd/adm/commands/user.go:38.114,45.2 1 0
quizapp/cmd/adm/commands/user.go:48.103,55.2 1 0
quizapp/cmd/adm/commands/user.go:58.150,59.50 1 0
quizapp/cmd/adm/commands/user.go:59.50,68.17 5 0
quizapp/cmd/adm/commands/user.go:68.17,71.4 2 0
quizapp/cmd/adm/commands/user.go:73.22,76.4 2 0
quizapp/cmd/adm/commands/user.go:73.3,73.22 1 0
quizapp/cmd/adm/commands/user.go:79.3,83.30 3 0
quizapp/cmd/adm/commands/user.go:83.30,85.51 2 0
quizapp/cmd/adm/commands/user.go:85.51,87.5 1 0
quizapp/cmd/adm/commands/user.go:89.4,90.24 2 0
quizapp/cmd/adm/commands/user.go:90.24,92.5 1 0
quizapp/cmd/adm/commands/user.go:94.4,95.36 2 0
quizapp/cmd/adm/commands/user.go:95.36,97.5 1 0
quizapp/cmd/adm/commands/user.go:99.4,100.31 2 0
quizapp/cmd/adm/commands/utils.go:10.41,12.32 1 0
quizapp/cmd/adm/commands/utils.go:12.32,14.22 2 0
quizapp/cmd/adm/commands/utils.go:14.22,16.4 1 0
quizapp/cmd/adm/commands/utils.go:18.2,18.12 1 0
quizapp/cmd/adm/commands/utils.go:22.41,23.15 1 0
quizapp/cmd/adm/commands/utils.go:23.15,25.3 1 0
quizapp/cmd/adm/commands/utils.go:28.2,30.16 3 0
quizapp/cmd/adm/commands/utils.go:30.16,32.3 1 0
quizapp/cmd/adm/commands/utils.go:35.2,37.16 3 0
quizapp/cmd/adm/commands/utils.go:37.16,39.3 1 0
quizapp/cmd/adm/commands/utils.go:41.2,41.59 1 0
quizapp/cmd/adm/main.go:101.45,103.37 1 0
quizapp/cmd/adm/main.go:103.37,105.5 1 0
quizapp/cmd/adm/main.go:110.2,115.42 4 0
quizapp/cmd/adm/main.go:115.42,117.3 1 0
quizapp/cmd/adm/main.go:25.13,29.41 2 0
quizapp/cmd/adm/main.go:29.41,37.37 2 0
quizapp/cmd/adm/main.go:37.37,38.43 1 0
quizapp/cmd/adm/main.go:38.43,39.63 1 0
quizapp/cmd/adm/main.go:39.63,42.6 2 0
quizapp/cmd/adm/main.go:43.5,43.10 1 0
quizapp/cmd/adm/main.go:49.2,51.16 3 0
quizapp/cmd/adm/main.go:51.16,54.3 2 0
quizapp/cmd/adm/main.go:57.2,66.16 6 0
quizapp/cmd/adm/main.go:66.16,69.3 2 0
quizapp/cmd/adm/main.go:72.2,79.16 4 0
quizapp/cmd/adm/main.go:79.16,82.3 2 0
quizapp/cmd/adm/main.go:83.15,84.36 1 0
quizapp/cmd/adm/main.go:83.2,83.15 1 0
quizapp/cmd/adm/main.go:84.36,86.4 1 0
quizapp/cmd/adm/main.go:90.2,101.45 2 0
quizapp/cmd/cli-worker/main.go:103.2,107.16 3 0
quizapp/cmd/cli-worker/main.go:107.16,111.3 3 0
quizapp/cmd/cli-worker/main.go:112.15,113.36 1 0
quizapp/cmd/cli-worker/main.go:112.2,112.15 1 0
quizapp/cmd/cli-worker/main.go:113.36,115.4 1 0
quizapp/cmd/cli-worker/main.go:119.2,130.16 8 0
quizapp/cmd/cli-worker/main.go:130.16,134.3 3 0
quizapp/cmd/cli-worker/main.go:135.17,140.3 4 0
quizapp/cmd/cli-worker/main.go:135.2,135.17 1 0
quizapp/cmd/cli-worker/main.go:141.2,144.23 2 0
quizapp/cmd/cli-worker/main.go:144.23,149.3 4 0
quizapp/cmd/cli-worker/main.go:150.2,150.20 1 0
quizapp/cmd/cli-worker/main.go:150.20,153.3 2 0
quizapp/cmd/cli-worker/main.go:154.2,154.21 1 0
quizapp/cmd/cli-worker/main.go:154.21,156.43 1 0
quizapp/cmd/cli-worker/main.go:156.43,157.90 1 0
quizapp/cmd/cli-worker/main.go:157.90,161.5 3 0
quizapp/cmd/cli-worker/main.go:162.29,164.101 1 0
quizapp/cmd/cli-worker/main.go:162.9,162.29 1 0
quizapp/cmd/cli-worker/main.go:164.101,168.5 3 0
quizapp/cmd/cli-worker/main.go:173.2,173.51 1 0
quizapp/cmd/cli-worker/main.go:173.51,176.3 2 0
quizapp/cmd/cli-worker/main.go:179.2,180.21 2 0
quizapp/cmd/cli-worker/main.go:180.21,182.3 1 0
quizapp/cmd/cli-worker/main.go:184.2,185.18 2 0
quizapp/cmd/cli-worker/main.go:185.18,187.3 1 0
quizapp/cmd/cli-worker/main.go:190.2,190.25 1 0
quizapp/cmd/cli-worker/main.go:190.25,194.3 3 0
quizapp/cmd/cli-worker/main.go:195.2,195.22 1 0
quizapp/cmd/cli-worker/main.go:195.22,199.3 3 0
quizapp/cmd/cli-worker/main.go:20.13,38.11 4 0
quizapp/cmd/cli-worker/main.go:202.2,208.18 7 0
quizapp/cmd/cli-worker/main.go:208.18,210.3 1 0
quizapp/cmd/cli-worker/main.go:211.2,211.59 1 0
quizapp/cmd/cli-worker/main.go:211.59,213.3 1 0
quizapp/cmd/cli-worker/main.go:214.2,214.53 1 0
quizapp/cmd/cli-worker/main.go:214.53,216.3 1 0
quizapp/cmd/cli-worker/main.go:217.2,258.16 15 0
quizapp/cmd/cli-worker/main.go:258.16,262.3 3 0
quizapp/cmd/cli-worker/main.go:264.2,265.36 2 0
quizapp/cmd/cli-worker/main.go:268.60,269.41 1 0
quizapp/cmd/cli-worker/main.go:268.60,269.41 1 8
quizapp/cmd/cli-worker/main.go:269.41,270.43 1 0
quizapp/cmd/cli-worker/main.go:269.41,270.43 1 33
quizapp/cmd/cli-worker/main.go:270.43,272.4 1 0
quizapp/cmd/cli-worker/main.go:270.43,272.4 1 6
quizapp/cmd/cli-worker/main.go:274.2,274.14 1 0
quizapp/cmd/cli-worker/main.go:274.2,274.14 1 2
quizapp/cmd/cli-worker/main.go:277.69,278.43 1 0
quizapp/cmd/cli-worker/main.go:277.69,278.43 1 6
quizapp/cmd/cli-worker/main.go:278.43,279.45 1 0
quizapp/cmd/cli-worker/main.go:278.43,279.45 1 18
quizapp/cmd/cli-worker/main.go:279.45,281.4 1 0
quizapp/cmd/cli-worker/main.go:279.45,281.4 1 4
quizapp/cmd/cli-worker/main.go:283.2,283.14 1 0
quizapp/cmd/cli-worker/main.go:283.2,283.14 1 2
quizapp/cmd/cli-worker/main.go:286.37,287.16 1 0
quizapp/cmd/cli-worker/main.go:287.16,290.3 2 0
quizapp/cmd/cli-worker/main.go:291.2,304.26 13 0
quizapp/cmd/cli-worker/main.go:304.26,306.35 2 0
quizapp/cmd/cli-worker/main.go:306.35,308.4 1 0
quizapp/cmd/cli-worker/main.go:309.3,309.73 1 0
quizapp/cmd/cli-worker/main.go:310.8,312.3 1 0
quizapp/cmd/cli-worker/main.go:38.11,41.3 2 0
quizapp/cmd/cli-worker/main.go:43.2,43.21 1 0
quizapp/cmd/cli-worker/main.go:43.21,46.3 2 0
quizapp/cmd/cli-worker/main.go:49.2,50.16 2 0
quizapp/cmd/cli-worker/main.go:50.16,53.3 2 0
quizapp/cmd/cli-worker/main.go:56.2,57.16 2 0
quizapp/cmd/cli-worker/main.go:57.16,60.3 2 0
quizapp/cmd/cli-worker/main.go:62.2,77.12 4 0
quizapp/cmd/cli-worker/main.go:77.12,81.3 3 0
quizapp/cmd/cli-worker/main.go:84.18,85.48 1 0
quizapp/cmd/cli-worker/main.go:84.2,84.18 1 0
quizapp/cmd/cli-worker/main.go:85.48,89.4 3 0
quizapp/cmd/cli-worker/main.go:93.2,94.21 2 0
quizapp/cmd/cli-worker/main.go:94.21,95.50 1 0
quizapp/cmd/cli-worker/main.go:95.50,99.4 3 0
quizapp/cmd/reset-db/main.go:101.2,108.115 5 0
quizapp/cmd/reset-db/main.go:108.115,110.3 1 0
quizapp/cmd/reset-db/main.go:112.2,122.72 10 0
quizapp/cmd/reset-db/main.go:125.26,128.6 2 0
quizapp/cmd/reset-db/main.go:128.6,131.17 3 0
quizapp/cmd/reset-db/main.go:131.17,133.12 2 0
quizapp/cmd/reset-db/main.go:136.3,138.19 2 0
quizapp/cmd/reset-db/main.go:139.14,140.15 1 0
quizapp/cmd/reset-db/main.go:141.17,142.16 1 0
quizapp/cmd/reset-db/main.go:143.11,144.66 1 0
quizapp/cmd/reset-db/main.go:149.41,151.32 1 0
quizapp/cmd/reset-db/main.go:151.32,153.22 2 0
quizapp/cmd/reset-db/main.go:153.22,155.4 1 0
quizapp/cmd/reset-db/main.go:157.2,157.12 1 0
quizapp/cmd/reset-db/main.go:20.122,23.2 2 0
quizapp/cmd/reset-db/main.go:25.13,30.16 3 0
quizapp/cmd/reset-db/main.go:30.16,33.3 2 0
quizapp/cmd/reset-db/main.go:36.2,37.16 2 0
quizapp/cmd/reset-db/main.go:37.16,40.3 2 0
quizapp/cmd/reset-db/main.go:42.2,54.28 11 0
quizapp/cmd/reset-db/main.go:54.28,56.3 1 0
quizapp/cmd/reset-db/main.go:59.2,64.21 4 0
quizapp/cmd/reset-db/main.go:64.21,67.3 2 0
quizapp/cmd/reset-db/main.go:70.2,74.16 3 0
quizapp/cmd/reset-db/main.go:74.16,76.3 1 0
quizapp/cmd/reset-db/main.go:77.15,78.36 1 0
quizapp/cmd/reset-db/main.go:77.2,77.15 1 0
quizapp/cmd/reset-db/main.go:78.36,80.4 1 0
quizapp/cmd/reset-db/main.go:84.2,97.52 6 0
quizapp/cmd/reset-db/main.go:97.52,99.3 1 0
quizapp/cmd/server/main.go:101.2,102.16 2 0
quizapp/cmd/server/main.go:102.16,104.3 1 0
quizapp/cmd/server/main.go:106.2,107.16 2 0
quizapp/cmd/server/main.go:107.16,109.3 1 0
quizapp/cmd/server/main.go:112.2,136.8 2 0
quizapp/cmd/server/main.go:140.67,143.12 2 0
quizapp/cmd/server/main.go:143.12,144.50 1 0
quizapp/cmd/server/main.go:144.50,146.4 1 0
quizapp/cmd/server/main.go:150.2,150.9 1 0
quizapp/cmd/server/main.go:151.20,152.13 1 0
quizapp/cmd/server/main.go:153.26,154.54 1 0
quizapp/cmd/server/main.go:159.59,161.2 1 0
quizapp/cmd/server/main.go:163.13,173.16 6 0
quizapp/cmd/server/main.go:173.16,176.3 2 0
quizapp/cmd/server/main.go:179.2,180.16 2 0
quizapp/cmd/server/main.go:180.16,183.3 2 0
quizapp/cmd/server/main.go:185.2,194.50 3 0
quizapp/cmd/server/main.go:194.50,197.3 2 0
quizapp/cmd/server/main.go:200.2,200.55 1 0
quizapp/cmd/server/main.go:200.55,203.3 2 0
quizapp/cmd/server/main.go:206.2,207.16 2 0
quizapp/cmd/server/main.go:207.16,210.3 2 0
quizapp/cmd/server/main.go:213.2,214.12 2 0
quizapp/cmd/server/main.go:214.12,215.55 1 0
quizapp/cmd/server/main.go:215.55,217.4 1 0
quizapp/cmd/server/main.go:221.2,221.9 1 0
quizapp/cmd/server/main.go:222.20,223.78 1 0
quizapp/cmd/server/main.go:224.23,226.13 2 0
quizapp/cmd/server/main.go:230.2,234.50 3 0
quizapp/cmd/server/main.go:234.50,237.3 2 0
quizapp/cmd/server/main.go:239.2,239.58 1 0
quizapp/cmd/server/main.go:29.83,32.16 2 0
quizapp/cmd/server/main.go:32.16,34.3 1 0
quizapp/cmd/server/main.go:36.2,37.16 2 0
quizapp/cmd/server/main.go:37.16,39.3 1 0
quizapp/cmd/server/main.go:41.2,42.16 2 0
quizapp/cmd/server/main.go:42.16,44.3 1 0
quizapp/cmd/server/main.go:46.2,47.16 2 0
quizapp/cmd/server/main.go:47.16,49.3 1 0
quizapp/cmd/server/main.go:51.2,52.16 2 0
quizapp/cmd/server/main.go:52.16,54.3 1 0
quizapp/cmd/server/main.go:56.2,57.16 2 0
quizapp/cmd/server/main.go:57.16,59.3 1 0
quizapp/cmd/server/main.go:61.2,62.16 2 0
quizapp/cmd/server/main.go:62.16,64.3 1 0
quizapp/cmd/server/main.go:66.2,67.16 2 0
quizapp/cmd/server/main.go:67.16,69.3 1 0
quizapp/cmd/server/main.go:71.2,72.16 2 0
quizapp/cmd/server/main.go:72.16,74.3 1 0
quizapp/cmd/server/main.go:76.2,77.16 2 0
quizapp/cmd/server/main.go:77.16,79.3 1 0
quizapp/cmd/server/main.go:81.2,82.16 2 0
quizapp/cmd/server/main.go:82.16,84.3 1 0
quizapp/cmd/server/main.go:86.2,87.16 2 0
quizapp/cmd/server/main.go:87.16,89.3 1 0
quizapp/cmd/server/main.go:91.2,92.16 2 0
quizapp/cmd/server/main.go:92.16,94.3 1 0
quizapp/cmd/server/main.go:96.2,97.16 2 0
quizapp/cmd/server/main.go:97.16,99.3 1 0
quizapp/cmd/setup-test-db/main.go:1002.3,1003.17 2 0
quizapp/cmd/setup-test-db/main.go:1003.17,1008.12 2 0
quizapp/cmd/setup-test-db/main.go:1012.3,1013.57 2 0
quizapp/cmd/setup-test-db/main.go:1013.57,1015.4 1 0
quizapp/cmd/setup-test-db/main.go:1018.3,1018.57 1 0
quizapp/cmd/setup-test-db/main.go:1018.57,1020.54 1 0
quizapp/cmd/setup-test-db/main.go:1020.54,1026.13 2 0
quizapp/cmd/setup-test-db/main.go:1029.4,1035.90 3 0
quizapp/cmd/setup-test-db/main.go:1035.90,1042.5 2 0
quizapp/cmd/setup-test-db/main.go:1045.4,1052.19 4 0
quizapp/cmd/setup-test-db/main.go:1052.19,1055.5 2 0
quizapp/cmd/setup-test-db/main.go:1057.110,1064.5 2 0
quizapp/cmd/setup-test-db/main.go:1057.4,1057.110 1 0
quizapp/cmd/setup-test-db/main.go:1067.3,1071.5 1 0
quizapp/cmd/setup-test-db/main.go:1074.2,1074.12 1 0
quizapp/cmd/setup-test-db/main.go:1077.172,1080.16 3 0
quizapp/cmd/setup-test-db/main.go:1080.16,1086.3 2 0
quizapp/cmd/setup-test-db/main.go:1088.2,1089.59 2 0
quizapp/cmd/setup-test-db/main.go:1089.59,1091.3 1 0
quizapp/cmd/setup-test-db/main.go:1093.2,1093.48 1 0
quizapp/cmd/setup-test-db/main.go:1093.48,1095.14 2 0
quizapp/cmd/setup-test-db/main.go:1095.14,1097.4 1 0
quizapp/cmd/setup-test-db/main.go:1100.3,1101.45 2 0
quizapp/cmd/setup-test-db/main.go:1101.45,1102.44 1 0
quizapp/cmd/setup-test-db/main.go:1103.17,1105.32 2 0
quizapp/cmd/setup-test-db/main.go:1106.18,1108.32 2 0
quizapp/cmd/setup-test-db/main.go:1109.16,1111.32 2 0
quizapp/cmd/setup-test-db/main.go:1116.3,1142.17 3 0
quizapp/cmd/setup-test-db/main.go:1142.17,1144.4 1 0
quizapp/cmd/setup-test-db/main.go:1147.3,1151.17 3 0
quizapp/cmd/setup-test-db/main.go:1151.17,1153.4 1 0
quizapp/cmd/setup-test-db/main.go:1156.3,1166.50 3 0
quizapp/cmd/setup-test-db/main.go:1166.50,1185.18 3 0
quizapp/cmd/setup-test-db/main.go:1185.18,1187.5 1 0
quizapp/cmd/setup-test-db/main.go:1190.4,1194.18 3 0
quizapp/cmd/setup-test-db/main.go:1194.18,1196.5 1 0
quizapp/cmd/setup-test-db/main.go:1199.4,1211.55 3 0
quizapp/cmd/setup-test-db/main.go:1211.55,1223.19 3 0
quizapp/cmd/setup-test-db/main.go:1223.19,1225.6 1 0
quizapp/cmd/setup-test-db/main.go:1228.5,1233.19 2 0
quizapp/cmd/setup-test-db/main.go:1233.19,1235.6 1 0
quizapp/cmd/setup-test-db/main.go:1240.3,1246.5 2 0
quizapp/cmd/setup-test-db/main.go:1249.2,1249.21 1 0
quizapp/cmd/setup-test-db/main.go:1253.175,1256.16 3 0
quizapp/cmd/setup-test-db/main.go:1256.16,1262.3 2 0
quizapp/cmd/setup-test-db/main.go:1264.2,1265.60 2 0
quizapp/cmd/setup-test-db/main.go:1265.60,1267.3 1 0
quizapp/cmd/setup-test-db/main.go:1270.2,1272.52 2 0
quizapp/cmd/setup-test-db/main.go:1272.52,1274.14 2 0
quizapp/cmd/setup-test-db/main.go:1274.14,1276.4 1 0
quizapp/cmd/setup-test-db/main.go:1279.3,1289.17 3 0
quizapp/cmd/setup-test-db/main.go:1289.17,1291.4 1 0
quizapp/cmd/setup-test-db/main.go:1294.3,1308.5 3 0
quizapp/cmd/setup-test-db/main.go:1311.2,1311.22 1 0
quizapp/cmd/setup-test-db/main.go:1318.134,1339.28 5 0
quizapp/cmd/setup-test-db/main.go:1339.28,1341.15 2 0
quizapp/cmd/setup-test-db/main.go:1341.15,1342.12 1 0
quizapp/cmd/setup-test-db/main.go:1344.3,1345.68 2 0
quizapp/cmd/setup-test-db/main.go:1345.68,1347.4 1 0
quizapp/cmd/setup-test-db/main.go:1348.3,1349.58 2 0
quizapp/cmd/setup-test-db/main.go:1349.58,1351.4 1 0
quizapp/cmd/setup-test-db/main.go:1353.3,1384.27 4 0
quizapp/cmd/setup-test-db/main.go:1384.27,1396.36 2 0
quizapp/cmd/setup-test-db/main.go:1396.36,1398.13 2 0
quizapp/cmd/setup-test-db/main.go:1402.4,1424.36 5 0
quizapp/cmd/setup-test-db/main.go:1424.36,1435.19 1 0
quizapp/cmd/setup-test-db/main.go:1435.19,1437.6 1 0
quizapp/cmd/setup-test-db/main.go:1442.2,1443.12 2 0
quizapp/cmd/setup-test-db/main.go:1447.112,1456.36 3 0
quizapp/cmd/setup-test-db/main.go:1456.36,1462.3 1 0
quizapp/cmd/setup-test-db/main.go:1465.2,1469.54 3 0
quizapp/cmd/setup-test-db/main.go:1469.54,1471.3 1 0
quizapp/cmd/setup-test-db/main.go:1474.2,1475.16 2 0
quizapp/cmd/setup-test-db/main.go:1475.16,1477.3 1 0
quizapp/cmd/setup-test-db/main.go:1480.2,1480.66 1 0
quizapp/cmd/setup-test-db/main.go:1480.66,1482.3 1 0
quizapp/cmd/setup-test-db/main.go:1484.2,1489.12 2 0
quizapp/cmd/setup-test-db/main.go:1493.116,1499.54 3 0
quizapp/cmd/setup-test-db/main.go:1499.54,1501.3 1 0
quizapp/cmd/setup-test-db/main.go:1504.2,1505.16 2 0
quizapp/cmd/setup-test-db/main.go:1505.16,1507.3 1 0
quizapp/cmd/setup-test-db/main.go:1510.2,1510.66 1 0
quizapp/cmd/setup-test-db/main.go:1510.66,1512.3 1 0
quizapp/cmd/setup-test-db/main.go:1514.2,1519.12 2 0
quizapp/cmd/setup-test-db/main.go:1523.121,1529.54 3 0
quizapp/cmd/setup-test-db/main.go:1529.54,1531.3 1 0
quizapp/cmd/setup-test-db/main.go:1534.2,1535.16 2 0
quizapp/cmd/setup-test-db/main.go:1535.16,1537.3 1 0
quizapp/cmd/setup-test-db/main.go:1540.2,1540.66 1 0
quizapp/cmd/setup-test-db/main.go:1540.66,1542.3 1 0
quizapp/cmd/setup-test-db/main.go:1544.2,1549.12 2 0
quizapp/cmd/setup-test-db/main.go:1553.94,1560.16 2 0
quizapp/cmd/setup-test-db/main.go:1560.16,1562.3 1 0
quizapp/cmd/setup-test-db/main.go:1563.15,1564.38 1 0
quizapp/cmd/setup-test-db/main.go:1563.2,1563.15 1 0
quizapp/cmd/setup-test-db/main.go:1564.38,1566.4 1 0
quizapp/cmd/setup-test-db/main.go:1570.2,1577.18 3 0
quizapp/cmd/setup-test-db/main.go:1577.18,1580.17 3 0
quizapp/cmd/setup-test-db/main.go:1580.17,1582.4 1 0
quizapp/cmd/setup-test-db/main.go:1583.3,1587.4 1 0
quizapp/cmd/setup-test-db/main.go:1590.2,1590.35 1 0
quizapp/cmd/setup-test-db/main.go:1590.35,1592.3 1 0
quizapp/cmd/setup-test-db/main.go:1595.2,1599.54 3 0
quizapp/cmd/setup-test-db/main.go:1599.54,1601.3 1 0
quizapp/cmd/setup-test-db/main.go:1604.2,1605.16 2 0
quizapp/cmd/setup-test-db/main.go:1605.16,1607.3 1 0
quizapp/cmd/setup-test-db/main.go:1610.2,1610.66 1 0
quizapp/cmd/setup-test-db/main.go:1610.66,1612.3 1 0
quizapp/cmd/setup-test-db/main.go:1614.2,1619.12 2 0
quizapp/cmd/setup-test-db/main.go:1622.185,1625.16 3 0
quizapp/cmd/setup-test-db/main.go:1625.16,1631.3 2 0
quizapp/cmd/setup-test-db/main.go:1633.2,1634.65 2 0
quizapp/cmd/setup-test-db/main.go:1634.65,1636.3 1 0
quizapp/cmd/setup-test-db/main.go:1639.2,1641.59 2 0
quizapp/cmd/setup-test-db/main.go:1641.59,1643.14 2 0
quizapp/cmd/setup-test-db/main.go:1643.14,1645.4 1 0
quizapp/cmd/setup-test-db/main.go:1648.3,1653.17 3 0
quizapp/cmd/setup-test-db/main.go:1653.17,1655.4 1 0
quizapp/cmd/setup-test-db/main.go:1658.3,1667.45 3 0
quizapp/cmd/setup-test-db/main.go:1667.45,1681.18 4 0
quizapp/cmd/setup-test-db/main.go:1681.18,1683.5 1 0
quizapp/cmd/setup-test-db/main.go:1687.3,1688.17 2 0
quizapp/cmd/setup-test-db/main.go:1688.17,1690.4 1 0
quizapp/cmd/setup-test-db/main.go:1693.3,1694.32 2 0
quizapp/cmd/setup-test-db/main.go:1694.32,1704.29 2 0
quizapp/cmd/setup-test-db/main.go:1704.29,1706.5 1 0
quizapp/cmd/setup-test-db/main.go:1708.31,1710.5 1 0
quizapp/cmd/setup-test-db/main.go:1708.4,1708.31 1 0
quizapp/cmd/setup-test-db/main.go:1712.4,1712.48 1 0
quizapp/cmd/setup-test-db/main.go:1716.3,1727.5 2 0
quizapp/cmd/setup-test-db/main.go:1730.2,1730.27 1 0
quizapp/cmd/setup-test-db/main.go:1734.136,1740.54 3 0
quizapp/cmd/setup-test-db/main.go:1740.54,1742.3 1 0
quizapp/cmd/setup-test-db/main.go:1745.2,1746.16 2 0
quizapp/cmd/setup-test-db/main.go:1746.16,1748.3 1 0
quizapp/cmd/setup-test-db/main.go:1751.2,1751.66 1 0
quizapp/cmd/setup-test-db/main.go:1751.66,1753.3 1 0
quizapp/cmd/setup-test-db/main.go:1755.2,1760.12 2 0
quizapp/cmd/setup-test-db/main.go:1764.176,1767.16 3 0
quizapp/cmd/setup-test-db/main.go:1767.16,1773.3 2 0
quizapp/cmd/setup-test-db/main.go:1775.2,1776.60 2 0
quizapp/cmd/setup-test-db/main.go:1776.60,1778.3 1 0
quizapp/cmd/setup-test-db/main.go:1780.2,1780.60 1 0
quizapp/cmd/setup-test-db/main.go:1780.60,1782.14 2 0
quizapp/cmd/setup-test-db/main.go:1782.14,1784.4 1 0
quizapp/cmd/setup-test-db/main.go:1787.3,1788.25 2 0
quizapp/cmd/setup-test-db/main.go:1788.25,1790.4 1 0
quizapp/cmd/setup-test-db/main.go:1791.3,1792.19 2 0
quizapp/cmd/setup-test-db/main.go:1792.19,1794.4 1 0
quizapp/cmd/setup-test-db/main.go:1797.3,1798.17 2 0
quizapp/cmd/setup-test-db/main.go:1798.17,1800.4 1 0
quizapp/cmd/setup-test-db/main.go:1803.3,1809.17 3 0
quizapp/cmd/setup-test-db/main.go:1809.17,1811.4 1 0
quizapp/cmd/setup-test-db/main.go:1814.3,1829.5 3 0
quizapp/cmd/setup-test-db/main.go:1832.2,1832.22 1 0
quizapp/cmd/setup-test-db/main.go:1836.123,1842.54 3 0
quizapp/cmd/setup-test-db/main.go:1842.54,1844.3 1 0
quizapp/cmd/setup-test-db/main.go:1847.2,1848.16 2 0
quizapp/cmd/setup-test-db/main.go:1848.16,1850.3 1 0
quizapp/cmd/setup-test-db/main.go:1853.2,1853.66 1 0
quizapp/cmd/setup-test-db/main.go:1853.66,1855.3 1 0
quizapp/cmd/setup-test-db/main.go:1857.2,1862.12 2 0
quizapp/cmd/setup-test-db/main.go:244.88,250.51 3 0
quizapp/cmd/setup-test-db/main.go:250.51,253.3 1 0
quizapp/cmd/setup-test-db/main.go:255.2,257.16 3 0
quizapp/cmd/setup-test-db/main.go:257.16,259.3 1 0
quizapp/cmd/setup-test-db/main.go:260.15,261.41 1 0
quizapp/cmd/setup-test-db/main.go:260.2,260.15 1 0
quizapp/cmd/setup-test-db/main.go:261.41,263.4 1 0
quizapp/cmd/setup-test-db/main.go:266.2,272.16 3 0
quizapp/cmd/setup-test-db/main.go:272.16,274.3 1 0
quizapp/cmd/setup-test-db/main.go:276.2,278.16 3 0
quizapp/cmd/setup-test-db/main.go:278.16,280.3 1 0
quizapp/cmd/setup-test-db/main.go:281.2,285.16 4 0
quizapp/cmd/setup-test-db/main.go:285.16,287.3 1 0
quizapp/cmd/setup-test-db/main.go:288.2,291.12 3 0
quizapp/cmd/setup-test-db/main.go:294.13,303.16 5 0
quizapp/cmd/setup-test-db/main.go:303.16,306.3 2 0
quizapp/cmd/setup-test-db/main.go:309.2,312.16 4 0
quizapp/cmd/setup-test-db/main.go:312.16,315.3 2 0
quizapp/cmd/setup-test-db/main.go:318.2,319.14 2 0
quizapp/cmd/setup-test-db/main.go:319.14,321.3 1 0
quizapp/cmd/setup-test-db/main.go:323.2,335.23 9 0
quizapp/cmd/setup-test-db/main.go:335.23,337.3 1 0
quizapp/cmd/setup-test-db/main.go:340.2,344.71 3 0
quizapp/cmd/setup-test-db/main.go:344.71,347.3 2 0
quizapp/cmd/setup-test-db/main.go:350.2,355.16 4 0
quizapp/cmd/setup-test-db/main.go:355.16,358.3 2 0
quizapp/cmd/setup-test-db/main.go:359.15,360.36 1 0
quizapp/cmd/setup-test-db/main.go:359.2,359.15 1 0
quizapp/cmd/setup-test-db/main.go:360.36,362.4 1 0
quizapp/cmd/setup-test-db/main.go:366.2,367.16 2 0
quizapp/cmd/setup-test-db/main.go:367.16,370.3 2 0
quizapp/cmd/setup-test-db/main.go:373.2,374.69 2 0
quizapp/cmd/setup-test-db/main.go:374.69,377.3 2 0
quizapp/cmd/setup-test-db/main.go:380.2,386.84 4 0
quizapp/cmd/setup-test-db/main.go:386.84,389.3 2 0
quizapp/cmd/setup-test-db/main.go:392.2,393.16 2 0
quizapp/cmd/setup-test-db/main.go:393.16,396.3 2 0
quizapp/cmd/setup-test-db/main.go:399.2,399.71 1 0
quizapp/cmd/setup-test-db/main.go:399.71,402.3 2 0
quizapp/cmd/setup-test-db/main.go:405.2,405.69 1 0
quizapp/cmd/setup-test-db/main.go:405.69,408.3 2 0
quizapp/cmd/setup-test-db/main.go:410.2,410.56 1 0
quizapp/cmd/setup-test-db/main.go:413.88,419.16 4 0
quizapp/cmd/setup-test-db/main.go:419.16,421.3 1 0
quizapp/cmd/setup-test-db/main.go:423.2,423.54 1 0
quizapp/cmd/setup-test-db/main.go:423.54,425.3 1 0
quizapp/cmd/setup-test-db/main.go:429.2,431.12 2 0
quizapp/cmd/setup-test-db/main.go:434.253,439.16 3 0
quizapp/cmd/setup-test-db/main.go:439.16,441.3 1 0
quizapp/cmd/setup-test-db/main.go:444.2,445.16 2 0
quizapp/cmd/setup-test-db/main.go:445.16,447.3 1 0
quizapp/cmd/setup-test-db/main.go:450.142,452.3 1 0
quizapp/cmd/setup-test-db/main.go:450.2,450.142 1 0
quizapp/cmd/setup-test-db/main.go:455.135,457.3 1 0
quizapp/cmd/setup-test-db/main.go:455.2,455.135 1 0
quizapp/cmd/setup-test-db/main.go:460.146,462.3 1 0
quizapp/cmd/setup-test-db/main.go:460.2,460.146 1 0
quizapp/cmd/setup-test-db/main.go:465.144,467.3 1 0
quizapp/cmd/setup-test-db/main.go:465.2,465.144 1 0
quizapp/cmd/setup-test-db/main.go:470.2,471.16 2 0
quizapp/cmd/setup-test-db/main.go:471.16,473.3 1 0
quizapp/cmd/setup-test-db/main.go:476.2,476.74 1 0
quizapp/cmd/setup-test-db/main.go:476.74,478.3 1 0
quizapp/cmd/setup-test-db/main.go:481.2,482.16 2 0
quizapp/cmd/setup-test-db/main.go:482.16,484.3 1 0
quizapp/cmd/setup-test-db/main.go:487.2,487.77 1 0
quizapp/cmd/setup-test-db/main.go:487.77,489.3 1 0
quizapp/cmd/setup-test-db/main.go:492.2,493.16 2 0
quizapp/cmd/setup-test-db/main.go:493.16,495.3 1 0
quizapp/cmd/setup-test-db/main.go:498.2,498.87 1 0
quizapp/cmd/setup-test-db/main.go:498.87,500.3 1 0
quizapp/cmd/setup-test-db/main.go:503.2,504.16 2 0
quizapp/cmd/setup-test-db/main.go:504.16,506.3 1 0
quizapp/cmd/setup-test-db/main.go:509.2,509.78 1 0
quizapp/cmd/setup-test-db/main.go:509.78,511.3 1 0
quizapp/cmd/setup-test-db/main.go:514.2,514.88 1 0
quizapp/cmd/setup-test-db/main.go:514.88,516.3 1 0
quizapp/cmd/setup-test-db/main.go:519.2,519.76 1 0
quizapp/cmd/setup-test-db/main.go:519.76,521.3 1 0
quizapp/cmd/setup-test-db/main.go:523.2,523.19 1 0
quizapp/cmd/setup-test-db/main.go:537.153,547.93 2 0
quizapp/cmd/setup-test-db/main.go:547.93,549.17 2 0
quizapp/cmd/setup-test-db/main.go:549.17,551.4 1 0
quizapp/cmd/setup-test-db/main.go:552.3,559.9 1 0
quizapp/cmd/setup-test-db/main.go:562.2,564.36 2 0
quizapp/cmd/setup-test-db/main.go:564.36,565.62 1 0
quizapp/cmd/setup-test-db/main.go:565.62,566.116 1 0
quizapp/cmd/setup-test-db/main.go:566.116,568.5 1 0
quizapp/cmd/setup-test-db/main.go:568.10,570.5 1 0
quizapp/cmd/setup-test-db/main.go:571.108,573.5 1 0
quizapp/cmd/setup-test-db/main.go:571.4,571.108 1 0
quizapp/cmd/setup-test-db/main.go:573.10,575.5 1 0
quizapp/cmd/setup-test-db/main.go:576.9,577.116 1 0
quizapp/cmd/setup-test-db/main.go:577.116,579.5 1 0
quizapp/cmd/setup-test-db/main.go:579.10,581.5 1 0
quizapp/cmd/setup-test-db/main.go:586.2,588.54 3 0
quizapp/cmd/setup-test-db/main.go:588.54,590.3 1 0
quizapp/cmd/setup-test-db/main.go:591.2,592.16 2 0
quizapp/cmd/setup-test-db/main.go:592.16,594.3 1 0
quizapp/cmd/setup-test-db/main.go:595.2,595.66 1 0
quizapp/cmd/setup-test-db/main.go:595.66,597.3 1 0
quizapp/cmd/setup-test-db/main.go:599.2,604.12 2 0
quizapp/cmd/setup-test-db/main.go:607.173,609.16 2 0
quizapp/cmd/setup-test-db/main.go:609.16,611.3 1 0
quizapp/cmd/setup-test-db/main.go:613.2,614.57 2 0
quizapp/cmd/setup-test-db/main.go:614.57,616.3 1 0
quizapp/cmd/setup-test-db/main.go:618.2,619.43 2 0
quizapp/cmd/setup-test-db/main.go:619.43,629.17 2 0
quizapp/cmd/setup-test-db/main.go:629.17,631.4 1 0
quizapp/cmd/setup-test-db/main.go:634.3,634.89 1 0
quizapp/cmd/setup-test-db/main.go:634.89,636.4 1 0
quizapp/cmd/setup-test-db/main.go:639.3,648.80 2 0
quizapp/cmd/setup-test-db/main.go:648.80,650.4 1 0
quizapp/cmd/setup-test-db/main.go:653.3,653.43 1 0
quizapp/cmd/setup-test-db/main.go:653.43,655.18 2 0
quizapp/cmd/setup-test-db/main.go:655.18,661.5 1 0
quizapp/cmd/setup-test-db/main.go:661.10,667.5 1 0
quizapp/cmd/setup-test-db/main.go:670.3,670.34 1 0
quizapp/cmd/setup-test-db/main.go:673.2,673.19 1 0
quizapp/cmd/setup-test-db/main.go:676.206,678.16 2 0
quizapp/cmd/setup-test-db/main.go:678.16,680.3 1 0
quizapp/cmd/setup-test-db/main.go:682.2,683.61 2 0
quizapp/cmd/setup-test-db/main.go:683.61,685.3 1 0
quizapp/cmd/setup-test-db/main.go:687.2,688.51 2 0
quizapp/cmd/setup-test-db/main.go:688.51,693.85 2 0
quizapp/cmd/setup-test-db/main.go:693.85,695.4 1 0
quizapp/cmd/setup-test-db/main.go:698.3,700.30 3 0
quizapp/cmd/setup-test-db/main.go:700.30,702.31 1 0
quizapp/cmd/setup-test-db/main.go:702.31,704.5 1 0
quizapp/cmd/setup-test-db/main.go:705.33,707.5 1 0
quizapp/cmd/setup-test-db/main.go:705.4,705.33 1 0
quizapp/cmd/setup-test-db/main.go:709.4,709.68 1 0
quizapp/cmd/setup-test-db/main.go:710.9,711.43 1 0
quizapp/cmd/setup-test-db/main.go:711.43,713.16 2 0
quizapp/cmd/setup-test-db/main.go:713.16,715.6 1 0
quizapp/cmd/setup-test-db/main.go:716.5,716.55 1 0
quizapp/cmd/setup-test-db/main.go:720.3,720.70 1 0
quizapp/cmd/setup-test-db/main.go:720.70,722.4 1 0
quizapp/cmd/setup-test-db/main.go:724.3,724.42 1 0
quizapp/cmd/setup-test-db/main.go:724.42,725.89 1 0
quizapp/cmd/setup-test-db/main.go:725.89,727.5 1 0
quizapp/cmd/setup-test-db/main.go:730.3,730.43 1 0
quizapp/cmd/setup-test-db/main.go:733.2,733.23 1 0
quizapp/cmd/setup-test-db/main.go:736.200,738.16 2 0
quizapp/cmd/setup-test-db/main.go:738.16,740.3 1 0
quizapp/cmd/setup-test-db/main.go:742.2,743.61 2 0
quizapp/cmd/setup-test-db/main.go:743.61,745.3 1 0
quizapp/cmd/setup-test-db/main.go:747.2,747.59 1 0
quizapp/cmd/setup-test-db/main.go:747.59,749.14 2 0
quizapp/cmd/setup-test-db/main.go:749.14,751.4 1 0
quizapp/cmd/setup-test-db/main.go:753.3,753.51 1 0
quizapp/cmd/setup-test-db/main.go:753.51,755.4 1 0
quizapp/cmd/setup-test-db/main.go:757.3,767.17 2 0
quizapp/cmd/setup-test-db/main.go:767.17,769.4 1 0
quizapp/cmd/setup-test-db/main.go:773.2,773.12 1 0
quizapp/cmd/setup-test-db/main.go:776.175,778.16 2 0
quizapp/cmd/setup-test-db/main.go:778.16,780.3 1 0
quizapp/cmd/setup-test-db/main.go:782.2,783.61 2 0
quizapp/cmd/setup-test-db/main.go:783.61,785.3 1 0
quizapp/cmd/setup-test-db/main.go:788.2,788.59 1 0
quizapp/cmd/setup-test-db/main.go:788.59,790.14 2 0
quizapp/cmd/setup-test-db/main.go:790.14,792.4 1 0
quizapp/cmd/setup-test-db/main.go:794.3,794.49 1 0
quizapp/cmd/setup-test-db/main.go:794.49,796.4 1 0
quizapp/cmd/setup-test-db/main.go:798.3,802.34 3 0
quizapp/cmd/setup-test-db/main.go:802.34,805.18 3 0
quizapp/cmd/setup-test-db/main.go:805.18,807.5 1 0
quizapp/cmd/setup-test-db/main.go:808.9,810.4 1 0
quizapp/cmd/setup-test-db/main.go:813.3,818.17 2 0
quizapp/cmd/setup-test-db/main.go:818.17,820.4 1 0
quizapp/cmd/setup-test-db/main.go:823.2,823.12 1 0
quizapp/cmd/setup-test-db/main.go:826.219,828.16 2 0
quizapp/cmd/setup-test-db/main.go:828.16,832.3 2 0
quizapp/cmd/setup-test-db/main.go:834.2,835.61 2 0
quizapp/cmd/setup-test-db/main.go:835.61,837.3 1 0
quizapp/cmd/setup-test-db/main.go:840.2,840.60 1 0
quizapp/cmd/setup-test-db/main.go:840.60,842.14 2 0
quizapp/cmd/setup-test-db/main.go:842.14,844.4 1 0
quizapp/cmd/setup-test-db/main.go:846.3,846.51 1 0
quizapp/cmd/setup-test-db/main.go:846.51,848.4 1 0
quizapp/cmd/setup-test-db/main.go:850.3,854.17 3 0
quizapp/cmd/setup-test-db/main.go:854.17,856.4 1 0
quizapp/cmd/setup-test-db/main.go:859.3,867.17 2 0
quizapp/cmd/setup-test-db/main.go:867.17,869.4 1 0
quizapp/cmd/setup-test-db/main.go:874.2,874.61 1 0
quizapp/cmd/setup-test-db/main.go:874.61,876.14 2 0
quizapp/cmd/setup-test-db/main.go:876.14,878.4 1 0
quizapp/cmd/setup-test-db/main.go:882.3,888.21 3 0
quizapp/cmd/setup-test-db/main.go:888.21,890.4 1 0
quizapp/cmd/setup-test-db/main.go:892.3,903.95 2 0
quizapp/cmd/setup-test-db/main.go:903.95,905.4 1 0
quizapp/cmd/setup-test-db/main.go:910.2,910.62 1 0
quizapp/cmd/setup-test-db/main.go:910.62,912.14 2 0
quizapp/cmd/setup-test-db/main.go:912.14,914.4 1 0
quizapp/cmd/setup-test-db/main.go:917.3,927.17 2 0
quizapp/cmd/setup-test-db/main.go:927.17,929.4 1 0
quizapp/cmd/setup-test-db/main.go:934.2,934.62 1 0
quizapp/cmd/setup-test-db/main.go:934.62,936.14 2 0
quizapp/cmd/setup-test-db/main.go:936.14,938.4 1 0
quizapp/cmd/setup-test-db/main.go:940.3,940.47 1 0
quizapp/cmd/setup-test-db/main.go:940.47,942.4 1 0
quizapp/cmd/setup-test-db/main.go:944.3,946.29 2 0
quizapp/cmd/setup-test-db/main.go:946.29,948.39 2 0
quizapp/cmd/setup-test-db/main.go:948.39,951.19 3 0
quizapp/cmd/setup-test-db/main.go:951.19,953.6 1 0
quizapp/cmd/setup-test-db/main.go:954.10,956.5 1 0
quizapp/cmd/setup-test-db/main.go:959.4,967.18 2 0
quizapp/cmd/setup-test-db/main.go:967.18,969.5 1 0
quizapp/cmd/setup-test-db/main.go:974.2,974.12 1 0
quizapp/cmd/setup-test-db/main.go:977.183,979.16 2 0
quizapp/cmd/setup-test-db/main.go:979.16,985.3 2 0
quizapp/cmd/setup-test-db/main.go:987.2,988.68 2 0
quizapp/cmd/setup-test-db/main.go:988.68,990.3 1 0
quizapp/cmd/setup-test-db/main.go:992.2,992.71 1 0
quizapp/cmd/setup-test-db/main.go:992.71,994.14 2 0
quizapp/cmd/setup-test-db/main.go:994.14,998.12 2 0
quizapp/cmd/worker/main.go:100.22,102.3 1 0
quizapp/cmd/worker/main.go:103.2,107.34 3 0
quizapp/cmd/worker/main.go:107.34,131.24 9 0
quizapp/cmd/worker/main.go:131.24,133.4 1 0
quizapp/cmd/worker/main.go:137.24,139.4 1 0
quizapp/cmd/worker/main.go:137.3,137.24 1 0
quizapp/cmd/worker/main.go:139.31,141.4 1 0
quizapp/cmd/worker/main.go:139.9,139.31 1 0
quizapp/cmd/worker/main.go:141.9,143.4 1 0
quizapp/cmd/worker/main.go:147.2,150.34 2 0
quizapp/cmd/worker/main.go:150.34,155.36 4 0
quizapp/cmd/worker/main.go:155.36,158.4 2 0
quizapp/cmd/worker/main.go:160.3,160.11 1 0
quizapp/cmd/worker/main.go:164.2,169.2 4 0
quizapp/cmd/worker/main.go:169.2,171.42 1 0
quizapp/cmd/worker/main.go:171.42,173.4 1 0
quizapp/cmd/worker/main.go:176.3,176.43 1 0
quizapp/cmd/worker/main.go:176.43,183.4 1 0
quizapp/cmd/worker/main.go:187.2,195.2 5 0
quizapp/cmd/worker/main.go:195.2,199.3 3 0
quizapp/cmd/worker/main.go:199.3,207.4 7 0
quizapp/cmd/worker/main.go:210.3,212.3 3 0
quizapp/cmd/worker/main.go:212.3,216.4 3 0
quizapp/cmd/worker/main.go:219.3,220.3 2 0
quizapp/cmd/worker/main.go:220.3,222.4 1 0
quizapp/cmd/worker/main.go:225.3,227.3 3 0
quizapp/cmd/worker/main.go:227.3,234.4 6 0
quizapp/cmd/worker/main.go:237.3,239.3 3 0
quizapp/cmd/worker/main.go:239.3,242.4 2 0
quizapp/cmd/worker/main.go:245.3,247.3 3 0
quizapp/cmd/worker/main.go:247.3,253.4 5 0
quizapp/cmd/worker/main.go:257.2,261.39 3 0
quizapp/cmd/worker/main.go:261.39,263.32 1 0
quizapp/cmd/worker/main.go:263.32,265.4 1 0
quizapp/cmd/worker/main.go:265.9,267.4 1 0
quizapp/cmd/worker/main.go:271.2,277.12 2 0
quizapp/cmd/worker/main.go:277.12,279.77 2 0
quizapp/cmd/worker/main.go:279.77,281.4 1 0
quizapp/cmd/worker/main.go:28.122,30.33 2 0
quizapp/cmd/worker/main.go:285.2,295.61 7 0
quizapp/cmd/worker/main.go:295.61,297.3 1 0
quizapp/cmd/worker/main.go:300.2,300.50 1 0
quizapp/cmd/worker/main.go:300.50,302.3 1 0
quizapp/cmd/worker/main.go:304.2,304.87 1 0
quizapp/cmd/worker/main.go:33.13,38.16 3 0
quizapp/cmd/worker/main.go:38.16,39.56 1 0
quizapp/cmd/worker/main.go:43.2,44.16 2 0
quizapp/cmd/worker/main.go:44.16,45.62 1 0
quizapp/cmd/worker/main.go:48.2,59.16 4 0
quizapp/cmd/worker/main.go:59.16,61.3 1 0
quizapp/cmd/worker/main.go:62.15,63.36 1 0
quizapp/cmd/worker/main.go:62.2,62.15 1 0
quizapp/cmd/worker/main.go:63.36,65.4 1 0
quizapp/cmd/worker/main.go:69.2,100.22 17 0
quizapp/internal/api/generated.go:3017.78,3021.2 3 0
quizapp/internal/api/generated.go:3024.79,3028.2 3 0
quizapp/internal/api/generated.go:3031.80,3033.16 2 0
quizapp/internal/api/generated.go:3033.16,3035.3 1 0
quizapp/internal/api/generated.go:3037.2,3039.12 3 0
quizapp/internal/api/generated.go:3043.98,3047.2 3 0
quizapp/internal/api/generated.go:3050.99,3054.2 3 0
quizapp/internal/api/generated.go:3057.100,3059.16 2 0
quizapp/internal/api/generated.go:3059.16,3061.3 1 0
quizapp/internal/api/generated.go:3063.2,3065.12 3 0
quizapp/internal/api/generated.go:3068.65,3071.2 2 0
quizapp/internal/api/generated.go:3073.66,3076.2 2 0
quizapp/internal/api/generated.go:3079.64,3083.2 3 0
quizapp/internal/api/generated.go:3086.65,3090.2 3 0
quizapp/internal/api/generated.go:3093.66,3095.16 2 0
quizapp/internal/api/generated.go:3095.16,3097.3 1 0
quizapp/internal/api/generated.go:3099.2,3101.12 3 0
quizapp/internal/api/generated.go:3105.64,3109.2 3 0
quizapp/internal/api/generated.go:3112.65,3116.2 3 0
quizapp/internal/api/generated.go:3119.66,3121.16 2 0
quizapp/internal/api/generated.go:3121.16,3123.3 1 0
quizapp/internal/api/generated.go:3125.2,3127.12 3 0
quizapp/internal/api/generated.go:3130.53,3132.16 2 0
quizapp/internal/api/generated.go:3132.16,3134.3 1 0
quizapp/internal/api/generated.go:3135.2,3136.20 2 0
quizapp/internal/api/generated.go:3136.20,3138.17 2 0
quizapp/internal/api/generated.go:3138.17,3140.4 1 0
quizapp/internal/api/generated.go:3143.2,3143.24 1 0
quizapp/internal/api/generated.go:3143.24,3145.17 2 0
quizapp/internal/api/generated.go:3145.17,3147.4 1 0
quizapp/internal/api/generated.go:3150.2,3150.22 1 0
quizapp/internal/api/generated.go:3150.22,3152.17 2 0
quizapp/internal/api/generated.go:3152.17,3154.4 1 0
quizapp/internal/api/generated.go:3157.2,3157.25 1 0
quizapp/internal/api/generated.go:3157.25,3159.17 2 0
quizapp/internal/api/generated.go:3159.17,3161.4 1 0
quizapp/internal/api/generated.go:3164.2,3164.21 1 0
quizapp/internal/api/generated.go:3164.21,3166.17 2 0
quizapp/internal/api/generated.go:3166.17,3168.4 1 0
quizapp/internal/api/generated.go:3171.2,3171.23 1 0
quizapp/internal/api/generated.go:3171.23,3173.17 2 0
quizapp/internal/api/generated.go:3173.17,3175.4 1 0
quizapp/internal/api/generated.go:3178.2,3178.20 1 0
quizapp/internal/api/generated.go:3178.20,3180.17 2 0
quizapp/internal/api/generated.go:3180.17,3182.4 1 0
quizapp/internal/api/generated.go:3184.2,3185.15 2 0
quizapp/internal/api/generated.go:3188.54,3190.16 2 0
quizapp/internal/api/generated.go:3190.16,3192.3 1 0
quizapp/internal/api/generated.go:3193.2,3195.16 3 0
quizapp/internal/api/generated.go:3195.16,3197.3 1 0
quizapp/internal/api/generated.go:3199.2,3199.47 1 0
quizapp/internal/api/generated.go:3199.47,3201.17 2 0
quizapp/internal/api/generated.go:3201.17,3203.4 1 0
quizapp/internal/api/generated.go:3206.2,3206.45 1 0
quizapp/internal/api/generated.go:3206.45,3208.17 2 0
quizapp/internal/api/generated.go:3208.17,3210.4 1 0
quizapp/internal/api/generated.go:3213.2,3213.48 1 0
quizapp/internal/api/generated.go:3213.48,3215.17 2 0
quizapp/internal/api/generated.go:3215.17,3217.4 1 0
quizapp/internal/api/generated.go:3220.2,3220.44 1 0
quizapp/internal/api/generated.go:3220.44,3222.17 2 0
quizapp/internal/api/generated.go:3222.17,3224.4 1 0
quizapp/internal/api/generated.go:3227.2,3227.45 1 0
quizapp/internal/api/generated.go:3227.45,3229.17 2 0
quizapp/internal/api/generated.go:3229.17,3231.4 1 0
quizapp/internal/api/generated.go:3234.2,3234.42 1 0
quizapp/internal/api/generated.go:3234.42,3236.17 2 0
quizapp/internal/api/generated.go:3236.17,3238.4 1 0
quizapp/internal/api/generated.go:3241.2,3241.12 1 0
quizapp/internal/api/generated.go:3245.79,3249.2 3 0
quizapp/internal/api/generated.go:3252.80,3256.2 3 0
quizapp/internal/api/generated.go:3259.81,3261.16 2 0
quizapp/internal/api/generated.go:3261.16,3263.3 1 0
quizapp/internal/api/generated.go:3265.2,3267.12 3 0
quizapp/internal/api/generated.go:3271.79,3275.2 3 0
quizapp/internal/api/generated.go:3278.80,3282.2 3 0
quizapp/internal/api/generated.go:3285.81,3287.16 2 0
quizapp/internal/api/generated.go:3287.16,3289.3 1 0
quizapp/internal/api/generated.go:3291.2,3293.12 3 0
quizapp/internal/api/generated.go:3296.58,3298.16 2 0
quizapp/internal/api/generated.go:3298.16,3300.3 1 0
quizapp/internal/api/generated.go:3301.2,3302.20 2 0
quizapp/internal/api/generated.go:3302.20,3304.17 2 0
quizapp/internal/api/generated.go:3304.17,3306.4 1 0
quizapp/internal/api/generated.go:3309.2,3309.24 1 0
quizapp/internal/api/generated.go:3309.24,3311.17 2 0
quizapp/internal/api/generated.go:3311.17,3313.4 1 0
quizapp/internal/api/generated.go:3316.2,3316.22 1 0
quizapp/internal/api/generated.go:3316.22,3318.17 2 0
quizapp/internal/api/generated.go:3318.17,3320.4 1 0
quizapp/internal/api/generated.go:3323.2,3323.25 1 0
quizapp/internal/api/generated.go:3323.25,3325.17 2 0
quizapp/internal/api/generated.go:3325.17,3327.4 1 0
quizapp/internal/api/generated.go:3330.2,3330.21 1 0
quizapp/internal/api/generated.go:3330.21,3332.17 2 0
quizapp/internal/api/generated.go:3332.17,3334.4 1 0
quizapp/internal/api/generated.go:3337.2,3337.27 1 0
quizapp/internal/api/generated.go:3337.27,3339.17 2 0
quizapp/internal/api/generated.go:3339.17,3341.4 1 0
quizapp/internal/api/generated.go:3344.2,3344.20 1 0
quizapp/internal/api/generated.go:3344.20,3346.17 2 0
quizapp/internal/api/generated.go:3346.17,3348.4 1 0
quizapp/internal/api/generated.go:3351.2,3351.32 1 0
quizapp/internal/api/generated.go:3351.32,3353.17 2 0
quizapp/internal/api/generated.go:3353.17,3355.4 1 0
quizapp/internal/api/generated.go:3358.2,3358.28 1 0
quizapp/internal/api/generated.go:3358.28,3360.17 2 0
quizapp/internal/api/generated.go:3360.17,3362.4 1 0
quizapp/internal/api/generated.go:3365.2,3365.23 1 0
quizapp/internal/api/generated.go:3365.23,3367.17 2 0
quizapp/internal/api/generated.go:3367.17,3369.4 1 0
quizapp/internal/api/generated.go:3372.2,3372.23 1 0
quizapp/internal/api/generated.go:3372.23,3374.17 2 0
quizapp/internal/api/generated.go:3374.17,3376.4 1 0
quizapp/internal/api/generated.go:3378.2,3379.15 2 0
quizapp/internal/api/generated.go:3382.59,3384.16 2 0
quizapp/internal/api/generated.go:3384.16,3386.3 1 0
quizapp/internal/api/generated.go:3387.2,3389.16 3 0
quizapp/internal/api/generated.go:3389.16,3391.3 1 0
quizapp/internal/api/generated.go:3393.2,3393.47 1 0
quizapp/internal/api/generated.go:3393.47,3395.17 2 0
quizapp/internal/api/generated.go:3395.17,3397.4 1 0
quizapp/internal/api/generated.go:3400.2,3400.45 1 0
quizapp/internal/api/generated.go:3400.45,3402.17 2 0
quizapp/internal/api/generated.go:3402.17,3404.4 1 0
quizapp/internal/api/generated.go:3407.2,3407.48 1 0
quizapp/internal/api/generated.go:3407.48,3409.17 2 0
quizapp/internal/api/generated.go:3409.17,3411.4 1 0
quizapp/internal/api/generated.go:3414.2,3414.44 1 0
quizapp/internal/api/generated.go:3414.44,3416.17 2 0
quizapp/internal/api/generated.go:3416.17,3418.4 1 0
quizapp/internal/api/generated.go:3421.2,3421.50 1 0
quizapp/internal/api/generated.go:3421.50,3423.17 2 0
quizapp/internal/api/generated.go:3423.17,3425.4 1 0
quizapp/internal/api/generated.go:3428.2,3428.42 1 0
quizapp/internal/api/generated.go:3428.42,3430.17 2 0
quizapp/internal/api/generated.go:3430.17,3432.4 1 0
quizapp/internal/api/generated.go:3435.2,3435.55 1 0
quizapp/internal/api/generated.go:3435.55,3437.17 2 0
quizapp/internal/api/generated.go:3437.17,3439.4 1 0
quizapp/internal/api/generated.go:3442.2,3442.50 1 0
quizapp/internal/api/generated.go:3442.50,3444.17 2 0
quizapp/internal/api/generated.go:3444.17,3446.4 1 0
quizapp/internal/api/generated.go:3449.2,3449.45 1 0
quizapp/internal/api/generated.go:3449.45,3451.17 2 0
quizapp/internal/api/generated.go:3451.17,3453.4 1 0
quizapp/internal/api/generated.go:3456.2,3456.45 1 0
quizapp/internal/api/generated.go:3456.45,3458.17 2 0
quizapp/internal/api/generated.go:3458.17,3460.4 1 0
quizapp/internal/api/generated.go:3463.2,3463.12 1 0
quizapp/internal/config/config.go:147.42,148.29 1 1
quizapp/internal/config/config.go:147.42,148.29 1 3
quizapp/internal/config/config.go:148.29,150.3 1 0
quizapp/internal/config/config.go:152.2,153.37 2 1
quizapp/internal/config/config.go:152.2,153.37 2 3
quizapp/internal/config/config.go:153.37,155.3 1 21
quizapp/internal/config/config.go:153.37,155.3 1 3
quizapp/internal/config/config.go:157.2,158.18 2 1
quizapp/internal/config/config.go:157.2,158.18 2 3
quizapp/internal/config/config.go:162.55,163.29 1 0
quizapp/internal/config/config.go:163.29,165.3 1 0
quizapp/internal/config/config.go:167.2,168.53 2 0
quizapp/internal/config/config.go:168.53,170.33 2 0
quizapp/internal/config/config.go:170.33,172.4 1 0
quizapp/internal/config/config.go:173.3,173.32 1 0
quizapp/internal/config/config.go:173.32,175.4 1 0
quizapp/internal/config/config.go:177.3,182.5 1 0
quizapp/internal/config/config.go:186.2,186.48 1 0
quizapp/internal/config/config.go:186.48,188.3 1 0
quizapp/internal/config/config.go:190.2,190.22 1 0
quizapp/internal/config/config.go:194.65,195.29 1 2
quizapp/internal/config/config.go:194.65,195.29 1 9
quizapp/internal/config/config.go:195.29,197.3 1 0
quizapp/internal/config/config.go:200.2,200.62 1 2
quizapp/internal/config/config.go:200.2,200.62 1 9
quizapp/internal/config/config.go:200.62,202.3 1 1
quizapp/internal/config/config.go:200.62,202.3 1 4
quizapp/internal/config/config.go:205.2,205.46 1 1
quizapp/internal/config/config.go:205.2,205.46 1 5
quizapp/internal/config/config.go:205.46,206.34 1 1
quizapp/internal/config/config.go:205.46,206.34 1 27
quizapp/internal/config/config.go:206.34,208.4 1 0
quizapp/internal/config/config.go:206.34,208.4 1 3
quizapp/internal/config/config.go:211.2,211.19 1 1
quizapp/internal/config/config.go:211.2,211.19 1 2
quizapp/internal/config/config.go:215.85,216.29 1 2
quizapp/internal/config/config.go:215.85,216.29 1 7
quizapp/internal/config/config.go:216.29,218.3 1 0
quizapp/internal/config/config.go:221.2,221.62 1 2
quizapp/internal/config/config.go:221.2,221.62 1 7
quizapp/internal/config/config.go:221.62,223.3 1 1
quizapp/internal/config/config.go:221.62,223.3 1 3
quizapp/internal/config/config.go:226.2,226.46 1 1
quizapp/internal/config/config.go:226.2,226.46 1 4
quizapp/internal/config/config.go:226.46,227.34 1 1
quizapp/internal/config/config.go:226.46,227.34 1 18
quizapp/internal/config/config.go:227.34,229.4 1 0
quizapp/internal/config/config.go:227.34,229.4 1 2
quizapp/internal/config/config.go:232.2,232.28 1 1
quizapp/internal/config/config.go:232.2,232.28 1 2
quizapp/internal/config/config.go:236.42,237.29 1 1
quizapp/internal/config/config.go:236.42,237.29 1 3
quizapp/internal/config/config.go:237.29,239.3 1 0
quizapp/internal/config/config.go:241.2,242.46 2 1
quizapp/internal/config/config.go:241.2,242.46 2 3
quizapp/internal/config/config.go:242.46,243.43 1 2
quizapp/internal/config/config.go:242.46,243.43 1 20
quizapp/internal/config/config.go:243.43,245.4 1 140
quizapp/internal/config/config.go:243.43,245.4 1 6
quizapp/internal/config/config.go:248.2,249.30 2 1
quizapp/internal/config/config.go:248.2,249.30 2 3
quizapp/internal/config/config.go:249.30,251.3 1 4
quizapp/internal/config/config.go:249.30,251.3 1 42
quizapp/internal/config/config.go:253.2,254.15 2 1
quizapp/internal/config/config.go:253.2,254.15 2 3
quizapp/internal/config/config.go:258.62,259.29 1 1
quizapp/internal/config/config.go:258.62,259.29 1 3
quizapp/internal/config/config.go:259.29,261.3 1 0
quizapp/internal/config/config.go:263.2,264.46 2 1
quizapp/internal/config/config.go:263.2,264.46 2 3
quizapp/internal/config/config.go:264.46,265.59 1 2
quizapp/internal/config/config.go:264.46,265.59 1 20
quizapp/internal/config/config.go:265.59,267.4 1 138
quizapp/internal/config/config.go:265.59,267.4 1 4
quizapp/internal/config/config.go:270.2,270.21 1 1
quizapp/internal/config/config.go:270.2,270.21 1 3
quizapp/internal/config/config.go:274.39,276.2 1 0
quizapp/internal/config/config.go:274.39,276.2 1 1
quizapp/internal/config/config.go:279.36,281.2 1 0
quizapp/internal/config/config.go:279.36,281.2 1 1
quizapp/internal/config/config.go:284.56,286.2 1 0
quizapp/internal/config/config.go:284.56,286.2 1 1
quizapp/internal/config/config.go:289.42,290.21 1 4
quizapp/internal/config/config.go:290.21,292.3 1 1
quizapp/internal/config/config.go:293.2,293.38 1 3
quizapp/internal/config/config.go:297.52,298.59 1 19
quizapp/internal/config/config.go:298.59,300.3 1 4
quizapp/internal/config/config.go:302.2,303.59 2 15
quizapp/internal/config/config.go:303.59,304.74 1 16
quizapp/internal/config/config.go:304.74,306.4 1 6
quizapp/internal/config/config.go:308.2,308.14 1 9
quizapp/internal/config/config.go:312.54,313.60 1 16
quizapp/internal/config/config.go:313.60,315.3 1 4
quizapp/internal/config/config.go:317.2,318.61 2 12
quizapp/internal/config/config.go:318.61,319.76 1 13
quizapp/internal/config/config.go:319.76,321.4 1 6
quizapp/internal/config/config.go:323.2,323.14 1 6
quizapp/internal/config/config.go:327.58,328.21 1 17
quizapp/internal/config/config.go:328.21,330.3 1 1
quizapp/internal/config/config.go:333.2,333.36 1 16
quizapp/internal/config/config.go:333.36,335.3 1 2
quizapp/internal/config/config.go:338.2,341.49 2 14
quizapp/internal/config/config.go:341.49,343.3 1 4
quizapp/internal/config/config.go:346.2,346.39 1 10
quizapp/internal/config/config.go:346.39,348.3 1 2
quizapp/internal/config/config.go:351.2,353.34 3 8
quizapp/internal/config/config.go:462.47,465.16 2 24
quizapp/internal/config/config.go:462.47,465.16 2 8
quizapp/internal/config/config.go:465.16,467.3 1 1
quizapp/internal/config/config.go:465.16,467.3 1 2
quizapp/internal/config/config.go:470.2,472.20 2 22
quizapp/internal/config/config.go:470.2,472.20 2 7
quizapp/internal/config/config.go:476.36,478.2 1 22
quizapp/internal/config/config.go:476.36,478.2 1 7
quizapp/internal/config/config.go:481.43,483.2 1 11
quizapp/internal/config/config.go:481.43,483.2 1 26
quizapp/internal/config/config.go:486.68,488.31 2 134
quizapp/internal/config/config.go:486.68,488.31 2 355
quizapp/internal/config/config.go:488.31,490.3 1 134
quizapp/internal/config/config.go:488.31,490.3 1 355
quizapp/internal/config/config.go:492.2,492.34 1 134
quizapp/internal/config/config.go:492.2,492.34 1 355
quizapp/internal/config/config.go:492.34,494.3 1 0
quizapp/internal/config/config.go:496.2,497.38 2 134
quizapp/internal/config/config.go:496.2,497.38 2 355
quizapp/internal/config/config.go:497.38,502.22 3 2452
quizapp/internal/config/config.go:497.38,502.22 3 972
quizapp/internal/config/config.go:502.22,503.12 1 0
quizapp/internal/config/config.go:507.3,508.38 2 2452
quizapp/internal/config/config.go:507.3,508.38 2 972
quizapp/internal/config/config.go:508.38,509.12 1 0
quizapp/internal/config/config.go:513.3,514.19 2 2452
quizapp/internal/config/config.go:513.3,514.19 2 972
quizapp/internal/config/config.go:514.19,516.4 1 2062
quizapp/internal/config/config.go:514.19,516.4 1 807
quizapp/internal/config/config.go:518.3,518.23 1 2452
quizapp/internal/config/config.go:518.3,518.23 1 972
quizapp/internal/config/config.go:519.23,520.49 1 308
quizapp/internal/config/config.go:519.23,520.49 1 728
quizapp/internal/config/config.go:520.49,522.5 1 171
quizapp/internal/config/config.go:520.49,522.5 1 75
quizapp/internal/config/config.go:523.79,524.49 1 198
quizapp/internal/config/config.go:523.79,524.49 1 468
quizapp/internal/config/config.go:524.49,525.68 1 9
quizapp/internal/config/config.go:525.68,527.6 1 6
quizapp/internal/config/config.go:529.84,530.49 1 0
quizapp/internal/config/config.go:530.49,531.70 1 0
quizapp/internal/config/config.go:531.70,533.6 1 0
quizapp/internal/config/config.go:535.41,536.49 1 22
quizapp/internal/config/config.go:535.41,536.49 1 52
quizapp/internal/config/config.go:536.49,537.68 1 3
quizapp/internal/config/config.go:537.68,539.6 1 2
quizapp/internal/config/config.go:541.21,542.49 1 155
quizapp/internal/config/config.go:541.21,542.49 1 379
quizapp/internal/config/config.go:542.49,543.62 1 20
quizapp/internal/config/config.go:542.49,543.62 1 50
quizapp/internal/config/config.go:543.62,545.6 1 19
quizapp/internal/config/config.go:543.62,545.6 1 49
quizapp/internal/config/config.go:547.22,548.49 1 199
quizapp/internal/config/config.go:547.22,548.49 1 35
quizapp/internal/config/config.go:548.49,550.53 1 1
quizapp/internal/config/config.go:548.49,550.53 1 2
quizapp/internal/config/config.go:550.53,553.6 2 1
quizapp/internal/config/config.go:550.53,553.6 2 2
quizapp/internal/config/config.go:555.20,557.99 1 110
quizapp/internal/config/config.go:555.20,557.99 1 273
quizapp/internal/config/config.go:557.99,559.5 1 22
quizapp/internal/config/config.go:557.99,559.5 1 52
quizapp/internal/config/config.go:560.23,562.23 1 122
quizapp/internal/config/config.go:560.23,562.23 1 301
quizapp/internal/config/config.go:562.23,564.21 2 122
quizapp/internal/config/config.go:562.23,564.21 2 301
quizapp/internal/config/config.go:564.21,566.6 1 119
quizapp/internal/config/config.go:564.21,566.6 1 45
quizapp/internal/config/config.go:567.5,567.75 1 122
quizapp/internal/config/config.go:567.5,567.75 1 301
quizapp/internal/config/config.go:569.20,571.63 1 22
quizapp/internal/config/config.go:569.20,571.63 1 52
quizapp/internal/config/config.go:571.63,573.21 2 1
quizapp/internal/config/config.go:571.63,573.21 2 28
quizapp/internal/config/config.go:573.21,575.6 1 0
quizapp/internal/config/config.go:576.5,576.68 1 1
quizapp/internal/config/config.go:576.5,576.68 1 28
quizapp/internal/config/config.go:583.81,584.68 1 22
quizapp/internal/config/config.go:583.81,584.68 1 52
quizapp/internal/config/config.go:584.68,586.3 1 0
quizapp/internal/config/config.go:589.2,590.24 2 22
quizapp/internal/config/config.go:589.2,590.24 2 52
quizapp/internal/config/config.go:590.24,592.3 1 11
quizapp/internal/config/config.go:590.24,592.3 1 26
quizapp/internal/config/config.go:595.2,595.38 1 22
quizapp/internal/config/config.go:595.2,595.38 1 52
quizapp/internal/config/config.go:595.38,599.58 3 1
quizapp/internal/config/config.go:595.38,599.58 3 145
quizapp/internal/config/config.go:599.58,602.27 2 1
quizapp/internal/config/config.go:599.58,602.27 2 145
quizapp/internal/config/config.go:602.27,604.5 1 0
quizapp/internal/config/config.go:602.27,604.5 1 13
quizapp/internal/config/config.go:610.103,611.74 1 1
quizapp/internal/config/config.go:610.103,611.74 1 145
quizapp/internal/config/config.go:611.74,613.3 1 0
quizapp/internal/config/config.go:615.2,619.45 4 1
quizapp/internal/config/config.go:615.2,619.45 4 145
quizapp/internal/config/config.go:619.45,625.25 4 5
quizapp/internal/config/config.go:619.45,625.25 4 751
quizapp/internal/config/config.go:625.25,626.12 1 0
quizapp/internal/config/config.go:630.3,631.38 2 5
quizapp/internal/config/config.go:630.3,631.38 2 751
quizapp/internal/config/config.go:631.38,634.12 2 0
quizapp/internal/config/config.go:638.3,642.19 4 5
quizapp/internal/config/config.go:638.3,642.19 4 751
quizapp/internal/config/config.go:642.19,646.4 2 0
quizapp/internal/config/config.go:642.19,646.4 2 13
quizapp/internal/config/config.go:646.9,649.4 1 5
quizapp/internal/config/config.go:646.9,649.4 1 738
quizapp/internal/config/config.go:652.13,654.3 1 0
quizapp/internal/config/config.go:652.13,654.3 1 13
quizapp/internal/config/config.go:652.2,652.13 1 1
quizapp/internal/config/config.go:652.2,652.13 1 145
quizapp/internal/config/config.go:655.2,655.24 1 1
quizapp/internal/config/config.go:655.2,655.24 1 132
quizapp/internal/config/config.go:659.58,660.21 1 0
quizapp/internal/config/config.go:659.58,660.21 1 13
quizapp/internal/config/config.go:660.21,662.3 1 0
quizapp/internal/config/config.go:664.2,664.22 1 0
quizapp/internal/config/config.go:664.2,664.22 1 13
quizapp/internal/config/config.go:665.22,666.26 1 0
quizapp/internal/config/config.go:665.22,666.26 1 13
quizapp/internal/config/config.go:667.78,668.66 1 0
quizapp/internal/config/config.go:668.66,670.4 1 0
quizapp/internal/config/config.go:671.83,672.68 1 0
quizapp/internal/config/config.go:672.68,674.4 1 0
quizapp/internal/config/config.go:675.40,676.66 1 0
quizapp/internal/config/config.go:676.66,678.4 1 0
quizapp/internal/config/config.go:679.20,680.60 1 0
quizapp/internal/config/config.go:680.60,682.4 1 0
quizapp/internal/config/config.go:687.61,689.61 1 24
quizapp/internal/config/config.go:687.61,689.61 1 8
quizapp/internal/config/config.go:689.61,691.17 2 24
quizapp/internal/config/config.go:689.61,691.17 2 8
quizapp/internal/config/config.go:691.17,693.4 1 1
quizapp/internal/config/config.go:691.17,693.4 1 2
quizapp/internal/config/config.go:694.3,694.21 1 22
quizapp/internal/config/config.go:694.3,694.21 1 7
quizapp/internal/config/config.go:698.2,698.42 1 0
quizapp/internal/config/config.go:702.67,704.16 2 24
quizapp/internal/config/config.go:702.67,704.16 2 8
quizapp/internal/config/config.go:704.16,706.3 1 1
quizapp/internal/config/config.go:704.16,706.3 1 2
quizapp/internal/config/config.go:708.2,709.58 2 22
quizapp/internal/config/config.go:708.2,709.58 2 7
quizapp/internal/config/config.go:709.58,711.3 1 0
quizapp/internal/config/config.go:713.2,713.21 1 22
quizapp/internal/config/config.go:713.2,713.21 1 7
quizapp/internal/database/database.go:100.16,102.3 1 0
quizapp/internal/database/database.go:100.16,102.3 1 1
quizapp/internal/database/database.go:104.2,104.45 1 0
quizapp/internal/database/database.go:104.2,104.45 1 2
quizapp/internal/database/database.go:104.45,106.3 1 0
quizapp/internal/database/database.go:108.2,108.16 1 0
quizapp/internal/database/database.go:108.2,108.16 1 2
quizapp/internal/database/database.go:112.53,114.66 1 0
quizapp/internal/database/database.go:112.53,114.66 1 17
quizapp/internal/database/database.go:114.66,117.19 2 0
quizapp/internal/database/database.go:114.66,117.19 2 15
quizapp/internal/database/database.go:117.19,119.4 1 0
quizapp/internal/database/database.go:117.19,119.4 1 14
quizapp/internal/database/database.go:124.2,124.40 1 0
quizapp/internal/database/database.go:124.2,124.40 1 3
quizapp/internal/database/database.go:124.40,126.21 2 0
quizapp/internal/database/database.go:124.40,126.21 2 2
quizapp/internal/database/database.go:126.21,129.52 2 0
quizapp/internal/database/database.go:126.21,129.52 2 2
quizapp/internal/database/database.go:129.52,131.5 1 0
quizapp/internal/database/database.go:129.52,131.5 1 1
quizapp/internal/database/database.go:132.4,132.17 1 0
quizapp/internal/database/database.go:132.4,132.17 1 1
quizapp/internal/database/database.go:137.2,137.18 1 0
quizapp/internal/database/database.go:137.2,137.18 1 1
quizapp/internal/database/database.go:141.103,149.27 3 0
quizapp/internal/database/database.go:141.103,149.27 3 11
quizapp/internal/database/database.go:149.27,156.3 1 0
quizapp/internal/database/database.go:149.27,156.3 1 1
quizapp/internal/database/database.go:157.2,157.26 1 0
quizapp/internal/database/database.go:157.2,157.26 1 11
quizapp/internal/database/database.go:157.26,159.3 1 0
quizapp/internal/database/database.go:162.2,163.16 2 0
quizapp/internal/database/database.go:162.2,163.16 2 11
quizapp/internal/database/database.go:163.16,165.3 1 0
quizapp/internal/database/database.go:168.2,173.34 4 0
quizapp/internal/database/database.go:168.2,173.34 4 11
quizapp/internal/database/database.go:173.34,174.46 1 0
quizapp/internal/database/database.go:173.34,174.46 1 1
quizapp/internal/database/database.go:174.46,176.4 1 0
quizapp/internal/database/database.go:177.3,177.69 1 0
quizapp/internal/database/database.go:177.3,177.69 1 1
quizapp/internal/database/database.go:180.2,186.16 2 0
quizapp/internal/database/database.go:180.2,186.16 2 10
quizapp/internal/database/database.go:190.58,199.52 4 0
quizapp/internal/database/database.go:190.58,199.52 4 4
quizapp/internal/database/database.go:199.52,201.3 1 0
quizapp/internal/database/database.go:202.2,205.46 2 0
quizapp/internal/database/database.go:202.2,205.46 2 4
quizapp/internal/database/database.go:205.46,207.3 1 0
quizapp/internal/database/database.go:209.2,210.12 2 0
quizapp/internal/database/database.go:209.2,210.12 2 4
quizapp/internal/database/database.go:214.51,216.16 2 0
quizapp/internal/database/database.go:214.51,216.16 2 8
quizapp/internal/database/database.go:216.16,219.3 2 0
quizapp/internal/database/database.go:216.16,219.3 2 1
quizapp/internal/database/database.go:221.2,228.26 3 0
quizapp/internal/database/database.go:221.2,228.26 3 7
quizapp/internal/database/database.go:228.26,232.3 3 0
quizapp/internal/database/database.go:235.2,235.67 1 0
quizapp/internal/database/database.go:235.2,235.67 1 7
quizapp/internal/database/database.go:235.67,239.3 3 0
quizapp/internal/database/database.go:242.2,243.16 2 0
quizapp/internal/database/database.go:242.2,243.16 2 7
quizapp/internal/database/database.go:243.16,246.3 2 0
quizapp/internal/database/database.go:249.2,251.29 3 0
quizapp/internal/database/database.go:249.2,251.29 3 7
quizapp/internal/database/database.go:251.29,252.65 1 0
quizapp/internal/database/database.go:251.29,252.65 1 462
quizapp/internal/database/database.go:252.65,255.4 2 0
quizapp/internal/database/database.go:252.65,255.4 2 228
quizapp/internal/database/database.go:258.2,260.24 2 0
quizapp/internal/database/database.go:258.2,260.24 2 7
quizapp/internal/database/database.go:260.24,263.3 2 0
quizapp/internal/database/database.go:260.24,263.3 2 1
quizapp/internal/database/database.go:265.2,266.17 2 0
quizapp/internal/database/database.go:265.2,266.17 2 6
quizapp/internal/database/database.go:266.17,268.3 1 0
quizapp/internal/database/database.go:266.17,268.3 1 5
quizapp/internal/database/database.go:269.17,272.3 2 0
quizapp/internal/database/database.go:269.17,272.3 2 1
quizapp/internal/database/database.go:269.2,269.17 1 0
quizapp/internal/database/database.go:269.2,269.17 1 6
quizapp/internal/database/database.go:276.2,289.16 4 0
quizapp/internal/database/database.go:276.2,289.16 4 5
quizapp/internal/database/database.go:289.16,292.3 2 0
quizapp/internal/database/database.go:289.16,292.3 2 1
quizapp/internal/database/database.go:293.15,294.48 1 0
quizapp/internal/database/database.go:293.15,294.48 1 4
quizapp/internal/database/database.go:293.2,293.15 1 0
quizapp/internal/database/database.go:293.2,293.15 1 4
quizapp/internal/database/database.go:294.48,296.4 1 0
quizapp/internal/database/database.go:299.2,300.46 2 0
quizapp/internal/database/database.go:299.2,300.46 2 4
quizapp/internal/database/database.go:300.46,303.3 2 0
quizapp/internal/database/database.go:304.2,304.32 1 0
quizapp/internal/database/database.go:304.2,304.32 1 4
quizapp/internal/database/database.go:304.32,306.3 1 0
quizapp/internal/database/database.go:304.32,306.3 1 4
quizapp/internal/database/database.go:306.8,308.3 1 0
quizapp/internal/database/database.go:309.2,309.12 1 0
quizapp/internal/database/database.go:309.2,309.12 1 4
quizapp/internal/database/database.go:313.65,315.16 2 0
quizapp/internal/database/database.go:313.65,315.16 2 7
quizapp/internal/database/database.go:315.16,318.3 2 0
quizapp/internal/database/database.go:320.2,328.16 4 0
quizapp/internal/database/database.go:320.2,328.16 4 7
quizapp/internal/database/database.go:328.16,331.3 2 0
quizapp/internal/database/database.go:334.2,335.16 2 0
quizapp/internal/database/database.go:334.2,335.16 2 7
quizapp/internal/database/database.go:335.16,338.3 2 0
quizapp/internal/database/database.go:340.2,349.39 5 0
quizapp/internal/database/database.go:340.2,349.39 5 7
quizapp/internal/database/database.go:349.39,351.22 2 0
quizapp/internal/database/database.go:349.39,351.22 2 741
quizapp/internal/database/database.go:351.22,352.12 1 0
quizapp/internal/database/database.go:356.3,356.68 1 0
quizapp/internal/database/database.go:356.3,356.68 1 741
quizapp/internal/database/database.go:356.68,358.12 2 0
quizapp/internal/database/database.go:356.68,358.12 2 519
quizapp/internal/database/database.go:361.3,362.21 2 0
quizapp/internal/database/database.go:361.3,362.21 2 222
quizapp/internal/database/database.go:362.21,364.39 1 0
quizapp/internal/database/database.go:362.21,364.39 1 1
quizapp/internal/database/database.go:364.39,367.5 2 0
quizapp/internal/database/database.go:371.2,374.44 2 0
quizapp/internal/database/database.go:371.2,374.44 2 7
quizapp/internal/database/database.go:374.44,376.21 2 0
quizapp/internal/database/database.go:374.44,376.21 2 519
quizapp/internal/database/database.go:376.21,378.75 1 0
quizapp/internal/database/database.go:376.21,378.75 1 3
quizapp/internal/database/database.go:378.75,381.5 2 0
quizapp/internal/database/database.go:385.2,385.12 1 0
quizapp/internal/database/database.go:385.2,385.12 1 7
quizapp/internal/database/database.go:389.64,396.16 4 0
quizapp/internal/database/database.go:389.64,396.16 4 16
quizapp/internal/database/database.go:396.16,398.3 1 0
quizapp/internal/database/database.go:400.2,402.6 2 0
quizapp/internal/database/database.go:400.2,402.6 2 16
quizapp/internal/database/database.go:402.6,404.56 2 0
quizapp/internal/database/database.go:402.6,404.56 2 52
quizapp/internal/database/database.go:404.56,407.4 2 0
quizapp/internal/database/database.go:404.56,407.4 2 16
quizapp/internal/database/database.go:410.3,411.30 2 0
quizapp/internal/database/database.go:410.3,411.30 2 36
quizapp/internal/database/database.go:411.30,416.4 3 0
quizapp/internal/database/database.go:417.3,417.25 1 0
quizapp/internal/database/database.go:417.3,417.25 1 36
quizapp/internal/database/database.go:422.69,433.29 6 0
quizapp/internal/database/database.go:422.69,433.29 6 8
quizapp/internal/database/database.go:433.29,437.17 2 0
quizapp/internal/database/database.go:433.29,437.17 2 4080
quizapp/internal/database/database.go:437.17,438.12 1 0
quizapp/internal/database/database.go:437.17,438.12 1 10
quizapp/internal/database/database.go:442.3,442.36 1 0
quizapp/internal/database/database.go:442.3,442.36 1 4070
quizapp/internal/database/database.go:442.36,444.12 2 0
quizapp/internal/database/database.go:446.3,446.36 1 0
quizapp/internal/database/database.go:446.3,446.36 1 4070
quizapp/internal/database/database.go:446.36,448.12 2 0
quizapp/internal/database/database.go:450.16,451.12 1 0
quizapp/internal/database/database.go:450.3,450.16 1 0
quizapp/internal/database/database.go:450.3,450.16 1 4070
quizapp/internal/database/database.go:455.3,455.36 1 0
quizapp/internal/database/database.go:455.3,455.36 1 4070
quizapp/internal/database/database.go:455.36,456.12 1 0
quizapp/internal/database/database.go:455.36,456.12 1 564
quizapp/internal/database/database.go:46.56,50.2 1 0
quizapp/internal/database/database.go:46.56,50.2 1 18
quizapp/internal/database/database.go:460.3,460.68 1 0
quizapp/internal/database/database.go:460.3,460.68 1 3506
quizapp/internal/database/database.go:460.68,462.4 1 0
quizapp/internal/database/database.go:464.3,464.44 1 0
quizapp/internal/database/database.go:464.3,464.44 1 3506
quizapp/internal/database/database.go:468.2,472.34 4 0
quizapp/internal/database/database.go:468.2,472.34 4 8
quizapp/internal/database/database.go:472.34,474.17 2 0
quizapp/internal/database/database.go:472.34,474.17 2 898
quizapp/internal/database/database.go:474.17,476.4 1 0
quizapp/internal/database/database.go:474.17,476.4 1 888
quizapp/internal/database/database.go:479.2,480.15 2 0
quizapp/internal/database/database.go:479.2,480.15 2 8
quizapp/internal/database/database.go:484.55,488.43 3 0
quizapp/internal/database/database.go:484.55,488.43 3 5
quizapp/internal/database/database.go:488.43,490.3 1 0
quizapp/internal/database/database.go:492.2,492.56 1 0
quizapp/internal/database/database.go:492.2,492.56 1 5
quizapp/internal/database/database.go:496.56,500.2 3 0
quizapp/internal/database/database.go:496.56,500.2 3 4
quizapp/internal/database/database.go:503.68,510.16 4 0
quizapp/internal/database/database.go:503.68,510.16 4 9
quizapp/internal/database/database.go:510.16,512.3 1 0
quizapp/internal/database/database.go:514.2,516.6 2 0
quizapp/internal/database/database.go:514.2,516.6 2 9
quizapp/internal/database/database.go:516.6,518.60 2 0
quizapp/internal/database/database.go:516.6,518.60 2 31
quizapp/internal/database/database.go:518.60,521.4 2 0
quizapp/internal/database/database.go:518.60,521.4 2 8
quizapp/internal/database/database.go:524.3,525.30 2 0
quizapp/internal/database/database.go:524.3,525.30 2 23
quizapp/internal/database/database.go:525.30,530.4 3 0
quizapp/internal/database/database.go:525.30,530.4 3 1
quizapp/internal/database/database.go:531.3,531.25 1 0
quizapp/internal/database/database.go:531.3,531.25 1 22
quizapp/internal/database/database.go:56.52,64.62 2 0
quizapp/internal/database/database.go:56.52,64.62 2 11
quizapp/internal/database/database.go:64.62,66.3 1 0
quizapp/internal/database/database.go:64.62,66.3 1 11
quizapp/internal/database/database.go:68.2,68.15 1 0
quizapp/internal/database/database.go:68.2,68.15 1 11
quizapp/internal/database/database.go:72.76,84.2 6 0
quizapp/internal/database/database.go:72.76,84.2 6 4
quizapp/internal/database/database.go:87.96,100.16 5 0
quizapp/internal/database/database.go:87.96,100.16 5 4
quizapp/internal/di/container.go:102.2,102.21 1 0
quizapp/internal/di/container.go:102.2,102.21 1 55
quizapp/internal/di/container.go:106.72,109.16 3 0
quizapp/internal/di/container.go:106.72,109.16 3 54
quizapp/internal/di/container.go:109.16,111.3 1 0
quizapp/internal/di/container.go:109.16,111.3 1 2
quizapp/internal/di/container.go:113.2,114.9 2 0
quizapp/internal/di/container.go:113.2,114.9 2 52
quizapp/internal/di/container.go:114.9,116.3 1 0
quizapp/internal/di/container.go:114.9,116.3 1 1
quizapp/internal/di/container.go:117.2,117.19 1 0
quizapp/internal/di/container.go:117.2,117.19 1 51
quizapp/internal/di/container.go:121.85,123.2 1 0
quizapp/internal/di/container.go:121.85,123.2 1 19
quizapp/internal/di/container.go:126.93,128.2 1 0
quizapp/internal/di/container.go:126.93,128.2 1 13
quizapp/internal/di/container.go:131.93,133.2 1 0
quizapp/internal/di/container.go:131.93,133.2 1 3
quizapp/internal/di/container.go:136.81,138.2 1 0
quizapp/internal/di/container.go:136.81,138.2 1 2
quizapp/internal/di/container.go:141.89,143.2 1 0
quizapp/internal/di/container.go:141.89,143.2 1 2
quizapp/internal/di/container.go:146.103,148.2 1 0
quizapp/internal/di/container.go:146.103,148.2 1 2
quizapp/internal/di/container.go:151.87,153.2 1 0
quizapp/internal/di/container.go:151.87,153.2 1 1
quizapp/internal/di/container.go:156.79,158.16 2 0
quizapp/internal/di/container.go:156.79,158.16 2 2
quizapp/internal/di/container.go:158.16,160.3 1 0
quizapp/internal/di/container.go:161.2,162.9 2 0
quizapp/internal/di/container.go:161.2,162.9 2 2
quizapp/internal/di/container.go:162.9,164.3 1 0
quizapp/internal/di/container.go:165.2,165.26 1 0
quizapp/internal/di/container.go:165.2,165.26 1 2
quizapp/internal/di/container.go:169.105,171.2 1 0
quizapp/internal/di/container.go:169.105,171.2 1 2
quizapp/internal/di/container.go:174.101,176.2 1 0
quizapp/internal/di/container.go:174.101,176.2 1 1
quizapp/internal/di/container.go:179.87,181.2 1 0
quizapp/internal/di/container.go:179.87,181.2 1 2
quizapp/internal/di/container.go:184.99,186.2 1 0
quizapp/internal/di/container.go:184.99,186.2 1 1
quizapp/internal/di/container.go:189.93,191.2 1 0
quizapp/internal/di/container.go:189.93,191.2 1 1
quizapp/internal/di/container.go:194.97,196.2 1 0
quizapp/internal/di/container.go:194.97,196.2 1 1
quizapp/internal/di/container.go:199.101,201.2 1 0
quizapp/internal/di/container.go:199.101,201.2 1 1
quizapp/internal/di/container.go:204.97,206.2 1 0
quizapp/internal/di/container.go:204.97,206.2 1 1
quizapp/internal/di/container.go:209.115,211.2 1 0
quizapp/internal/di/container.go:214.51,216.2 1 0
quizapp/internal/di/container.go:214.51,216.2 1 14
quizapp/internal/di/container.go:219.56,221.2 1 0
quizapp/internal/di/container.go:219.56,221.2 1 13
quizapp/internal/di/container.go:224.63,226.2 1 0
quizapp/internal/di/container.go:224.63,226.2 1 13
quizapp/internal/di/container.go:229.65,234.2 3 0
quizapp/internal/di/container.go:229.65,234.2 3 4
quizapp/internal/di/container.go:237.72,239.41 1 0
quizapp/internal/di/container.go:237.72,239.41 1 8
quizapp/internal/di/container.go:239.41,240.88 1 0
quizapp/internal/di/container.go:239.41,240.88 1 127
quizapp/internal/di/container.go:240.88,242.56 2 0
quizapp/internal/di/container.go:240.88,242.56 2 1
quizapp/internal/di/container.go:242.56,244.5 1 0
quizapp/internal/di/container.go:242.56,244.5 1 1
quizapp/internal/di/container.go:245.4,245.96 1 0
quizapp/internal/di/container.go:248.2,248.12 1 0
quizapp/internal/di/container.go:248.2,248.12 1 7
quizapp/internal/di/container.go:252.64,256.32 2 0
quizapp/internal/di/container.go:252.64,256.32 2 5
quizapp/internal/di/container.go:256.32,257.99 1 0
quizapp/internal/di/container.go:256.32,257.99 1 73
quizapp/internal/di/container.go:257.99,259.57 2 0
quizapp/internal/di/container.go:257.99,259.57 2 5
quizapp/internal/di/container.go:259.57,262.5 2 0
quizapp/internal/di/container.go:259.57,262.5 2 1
quizapp/internal/di/container.go:262.10,264.5 1 0
quizapp/internal/di/container.go:262.10,264.5 1 4
quizapp/internal/di/container.go:269.2,269.50 1 0
quizapp/internal/di/container.go:269.2,269.50 1 5
quizapp/internal/di/container.go:269.50,270.50 1 0
quizapp/internal/di/container.go:269.50,270.50 1 9
quizapp/internal/di/container.go:270.50,272.4 1 0
quizapp/internal/di/container.go:270.50,272.4 1 1
quizapp/internal/di/container.go:275.2,275.21 1 0
quizapp/internal/di/container.go:275.2,275.21 1 5
quizapp/internal/di/container.go:275.21,277.3 1 0
quizapp/internal/di/container.go:275.21,277.3 1 1
quizapp/internal/di/container.go:278.2,278.12 1 0
quizapp/internal/di/container.go:278.2,278.12 1 4
quizapp/internal/di/container.go:282.67,363.33 37 0
quizapp/internal/di/container.go:282.67,363.33 37 7
quizapp/internal/di/container.go:363.33,363.47 1 0
quizapp/internal/di/container.go:363.33,363.47 1 4
quizapp/internal/di/container.go:368.72,370.16 2 0
quizapp/internal/di/container.go:368.72,370.16 2 4
quizapp/internal/di/container.go:370.16,372.3 1 0
quizapp/internal/di/container.go:370.16,372.3 1 1
quizapp/internal/di/container.go:374.2,374.105 1 0
quizapp/internal/di/container.go:374.2,374.105 1 3
quizapp/internal/di/container.go:56.94,62.2 1 0
quizapp/internal/di/container.go:56.94,62.2 1 10
quizapp/internal/di/container.go:65.67,72.16 5 0
quizapp/internal/di/container.go:65.67,72.16 5 8
quizapp/internal/di/container.go:72.16,74.3 1 0
quizapp/internal/di/container.go:72.16,74.3 1 1
quizapp/internal/di/container.go:75.2,76.76 2 0
quizapp/internal/di/container.go:75.2,76.76 2 7
quizapp/internal/di/container.go:76.76,78.3 1 0
quizapp/internal/di/container.go:76.76,78.3 1 4
quizapp/internal/di/container.go:81.2,84.48 2 0
quizapp/internal/di/container.go:81.2,84.48 2 7
quizapp/internal/di/container.go:84.48,88.3 2 0
quizapp/internal/di/container.go:90.2,90.12 1 0
quizapp/internal/di/container.go:90.2,90.12 1 7
quizapp/internal/di/container.go:94.74,99.13 4 0
quizapp/internal/di/container.go:94.74,99.13 4 58
quizapp/internal/di/container.go:99.13,101.3 1 0
quizapp/internal/di/container.go:99.13,101.3 1 3
quizapp/internal/handlers/admin_handler.go:100.14,105.24 5 0
quizapp/internal/handlers/admin_handler.go:100.2,100.14 1 0
quizapp/internal/handlers/admin_handler.go:1002.51,1005.3 2 0
quizapp/internal/handlers/admin_handler.go:1008.2,1008.31 1 0
quizapp/internal/handlers/admin_handler.go:1008.2,1008.31 1 2
quizapp/internal/handlers/admin_handler.go:1008.31,1011.3 2 0
quizapp/internal/handlers/admin_handler.go:1014.2,1015.16 2 0
quizapp/internal/handlers/admin_handler.go:1014.2,1015.16 2 2
quizapp/internal/handlers/admin_handler.go:1015.16,1019.36 2 0
quizapp/internal/handlers/admin_handler.go:1015.16,1019.36 2 1
quizapp/internal/handlers/admin_handler.go:1019.36,1022.4 2 0
quizapp/internal/handlers/admin_handler.go:1019.36,1022.4 2 1
quizapp/internal/handlers/admin_handler.go:1024.3,1025.9 2 0
quizapp/internal/handlers/admin_handler.go:1028.2,1029.16 2 0
quizapp/internal/handlers/admin_handler.go:1028.2,1029.16 2 1
quizapp/internal/handlers/admin_handler.go:1029.16,1036.3 3 0
quizapp/internal/handlers/admin_handler.go:1038.2,1038.88 1 0
quizapp/internal/handlers/admin_handler.go:1038.2,1038.88 1 1
quizapp/internal/handlers/admin_handler.go:1042.55,1045.16 3 0
quizapp/internal/handlers/admin_handler.go:1042.55,1045.16 3 1
quizapp/internal/handlers/admin_handler.go:1045.16,1048.3 2 0
quizapp/internal/handlers/admin_handler.go:105.24,107.4 1 0
quizapp/internal/handlers/admin_handler.go:1050.2,1051.16 2 0
quizapp/internal/handlers/admin_handler.go:1050.2,1051.16 2 1
quizapp/internal/handlers/admin_handler.go:1051.16,1055.64 2 0
quizapp/internal/handlers/admin_handler.go:1055.64,1058.4 2 0
quizapp/internal/handlers/admin_handler.go:1060.3,1061.9 2 0
quizapp/internal/handlers/admin_handler.go:1064.2,1064.74 1 0
quizapp/internal/handlers/admin_handler.go:1064.2,1064.74 1 1
quizapp/internal/handlers/admin_handler.go:1068.62,1070.21 2 0
quizapp/internal/handlers/admin_handler.go:1068.62,1070.21 2 1
quizapp/internal/handlers/admin_handler.go:1070.21,1073.3 2 0
quizapp/internal/handlers/admin_handler.go:1075.2,1076.16 2 0
quizapp/internal/handlers/admin_handler.go:1075.2,1076.16 2 1
quizapp/internal/handlers/admin_handler.go:1076.16,1079.3 2 0
quizapp/internal/handlers/admin_handler.go:108.28,110.4 1 0
quizapp/internal/handlers/admin_handler.go:108.3,108.28 1 0
quizapp/internal/handlers/admin_handler.go:1082.2,1098.16 7 0
quizapp/internal/handlers/admin_handler.go:1082.2,1098.16 7 1
quizapp/internal/handlers/admin_handler.go:1098.16,1106.3 3 0
quizapp/internal/handlers/admin_handler.go:1108.2,1109.16 2 0
quizapp/internal/handlers/admin_handler.go:1108.2,1109.16 2 1
quizapp/internal/handlers/admin_handler.go:1109.16,1112.3 2 0
quizapp/internal/handlers/admin_handler.go:1114.2,1115.48 1 0
quizapp/internal/handlers/admin_handler.go:1114.2,1115.48 1 1
quizapp/internal/handlers/admin_handler.go:1115.48,1117.32 2 0
quizapp/internal/handlers/admin_handler.go:1115.48,1117.32 2 1
quizapp/internal/handlers/admin_handler.go:1117.32,1119.19 2 0
quizapp/internal/handlers/admin_handler.go:1119.19,1121.33 1 0
quizapp/internal/handlers/admin_handler.go:112.2,112.24 1 0
quizapp/internal/handlers/admin_handler.go:1121.33,1122.41 1 0
quizapp/internal/handlers/admin_handler.go:1122.41,1124.9 1 0
quizapp/internal/handlers/admin_handler.go:1125.8,1125.16 1 0
quizapp/internal/handlers/admin_handler.go:1129.6,1130.14 2 0
quizapp/internal/handlers/admin_handler.go:1132.5,1132.25 1 0
quizapp/internal/handlers/admin_handler.go:1134.4,1134.14 1 0
quizapp/internal/handlers/admin_handler.go:1134.4,1134.14 1 1
quizapp/internal/handlers/admin_handler.go:1147.56,1160.21 10 0
quizapp/internal/handlers/admin_handler.go:116.60,122.16 4 0
quizapp/internal/handlers/admin_handler.go:1160.21,1162.17 2 0
quizapp/internal/handlers/admin_handler.go:1162.17,1165.4 2 0
quizapp/internal/handlers/admin_handler.go:1166.3,1166.16 1 0
quizapp/internal/handlers/admin_handler.go:1170.2,1181.16 2 0
quizapp/internal/handlers/admin_handler.go:1181.16,1189.3 3 0
quizapp/internal/handlers/admin_handler.go:1192.2,1193.16 2 0
quizapp/internal/handlers/admin_handler.go:1193.16,1196.3 2 0
quizapp/internal/handlers/admin_handler.go:1198.2,1199.48 1 0
quizapp/internal/handlers/admin_handler.go:1199.48,1201.32 2 0
quizapp/internal/handlers/admin_handler.go:1201.32,1203.19 2 0
quizapp/internal/handlers/admin_handler.go:1203.19,1205.33 1 0
quizapp/internal/handlers/admin_handler.go:1205.33,1206.41 1 0
quizapp/internal/handlers/admin_handler.go:1206.41,1208.9 1 0
quizapp/internal/handlers/admin_handler.go:1209.8,1209.16 1 0
quizapp/internal/handlers/admin_handler.go:1213.6,1214.14 2 0
quizapp/internal/handlers/admin_handler.go:1216.5,1216.25 1 0
quizapp/internal/handlers/admin_handler.go:1218.4,1218.14 1 0
quizapp/internal/handlers/admin_handler.go:122.16,126.3 3 0
quizapp/internal/handlers/admin_handler.go:1231.70,1250.16 8 0
quizapp/internal/handlers/admin_handler.go:1231.70,1250.16 8 1
quizapp/internal/handlers/admin_handler.go:1250.16,1258.3 3 0
quizapp/internal/handlers/admin_handler.go:1261.2,1262.16 2 0
quizapp/internal/handlers/admin_handler.go:1261.2,1262.16 2 1
quizapp/internal/handlers/admin_handler.go:1262.16,1265.3 2 0
quizapp/internal/handlers/admin_handler.go:1267.2,1268.48 1 0
quizapp/internal/handlers/admin_handler.go:1267.2,1268.48 1 1
quizapp/internal/handlers/admin_handler.go:1268.48,1270.32 2 0
quizapp/internal/handlers/admin_handler.go:1268.48,1270.32 2 1
quizapp/internal/handlers/admin_handler.go:1270.32,1272.19 2 0
quizapp/internal/handlers/admin_handler.go:1270.32,1272.19 2 1
quizapp/internal/handlers/admin_handler.go:1272.19,1274.33 1 0
quizapp/internal/handlers/admin_handler.go:1274.33,1275.41 1 0
quizapp/internal/handlers/admin_handler.go:1275.41,1277.9 1 0
quizapp/internal/handlers/admin_handler.go:1278.8,1278.16 1 0
quizapp/internal/handlers/admin_handler.go:1282.6,1283.14 2 0
quizapp/internal/handlers/admin_handler.go:1285.5,1285.25 1 0
quizapp/internal/handlers/admin_handler.go:1285.5,1285.25 1 1
quizapp/internal/handlers/admin_handler.go:1287.4,1287.14 1 0
quizapp/internal/handlers/admin_handler.go:1287.4,1287.14 1 1
quizapp/internal/handlers/admin_handler.go:129.2,133.16 3 0
quizapp/internal/handlers/admin_handler.go:1300.61,1305.16 5 0
quizapp/internal/handlers/admin_handler.go:1300.61,1305.16 5 1
[...]
quizapp/internal/worker/worker.go:1994.3,1999.42 4 0
quizapp/internal/worker/worker.go:1994.3,1999.42 4 1
quizapp/internal/worker/worker.go:2001.2,2002.38 2 2
quizapp/internal/worker/worker.go:2001.2,2002.38 2 3
quizapp/internal/worker/worker.go:2006.215,2020.17 4 3
quizapp/internal/worker/worker.go:2006.215,2020.17 4 4
quizapp/internal/worker/worker.go:202.2,214.16 4 2
quizapp/internal/worker/worker.go:2020.17,2022.3 1 1
quizapp/internal/worker/worker.go:2020.17,2022.3 1 2
quizapp/internal/worker/worker.go:2023.2,2029.30 5 3
quizapp/internal/worker/worker.go:2023.2,2029.30 5 4
quizapp/internal/worker/worker.go:2029.30,2031.21 1 4
quizapp/internal/worker/worker.go:2029.30,2031.21 1 5
quizapp/internal/worker/worker.go:2031.21,2039.4 7 3
quizapp/internal/worker/worker.go:2031.21,2039.4 7 4
quizapp/internal/worker/worker.go:2040.3,2040.64 1 4
quizapp/internal/worker/worker.go:2040.3,2040.64 1 5
quizapp/internal/worker/worker.go:2040.64,2048.4 1 0
quizapp/internal/worker/worker.go:2048.9,2050.85 1 4
quizapp/internal/worker/worker.go:2048.9,2050.85 1 5
quizapp/internal/worker/worker.go:2050.85,2056.5 1 0
quizapp/internal/worker/worker.go:2056.10,2058.5 1 4
quizapp/internal/worker/worker.go:2056.10,2058.5 1 5
quizapp/internal/worker/worker.go:2061.2,2061.20 1 3
quizapp/internal/worker/worker.go:2061.2,2061.20 1 4
quizapp/internal/worker/worker.go:2061.20,2063.18 2 3
quizapp/internal/worker/worker.go:2061.20,2063.18 2 4
quizapp/internal/worker/worker.go:2063.18,2065.4 1 1
quizapp/internal/worker/worker.go:2063.18,2065.4 1 2
quizapp/internal/worker/worker.go:2066.3,2066.67 1 3
quizapp/internal/worker/worker.go:2066.3,2066.67 1 4
quizapp/internal/worker/worker.go:2068.2,2068.19 1 3
quizapp/internal/worker/worker.go:2068.2,2068.19 1 4
quizapp/internal/worker/worker.go:2071.50,2075.2 3 18
quizapp/internal/worker/worker.go:2071.50,2075.2 3 8
quizapp/internal/worker/worker.go:2078.99,2094.56 5 120
quizapp/internal/worker/worker.go:2078.99,2094.56 5 127
quizapp/internal/worker/worker.go:2094.56,2096.3 1 10
quizapp/internal/worker/worker.go:2100.51,2105.13 4 7
quizapp/internal/worker/worker.go:2105.13,2107.3 1 4
quizapp/internal/worker/worker.go:2109.2,2109.48 1 3
quizapp/internal/worker/worker.go:2113.86,2125.13 6 5
quizapp/internal/worker/worker.go:2113.86,2125.13 6 6
quizapp/internal/worker/worker.go:2125.13,2128.3 2 3
quizapp/internal/worker/worker.go:2125.13,2128.3 2 4
quizapp/internal/worker/worker.go:2130.2,2135.27 4 5
quizapp/internal/worker/worker.go:2130.2,2135.27 4 6
quizapp/internal/worker/worker.go:2135.27,2137.3 1 0
quizapp/internal/worker/worker.go:2138.2,2150.4 3 5
quizapp/internal/worker/worker.go:2138.2,2150.4 3 6
quizapp/internal/worker/worker.go:214.16,223.3 4 0
quizapp/internal/worker/worker.go:2154.86,2166.47 6 2
quizapp/internal/worker/worker.go:2154.86,2166.47 6 3
quizapp/internal/worker/worker.go:2166.47,2174.3 3 1
quizapp/internal/worker/worker.go:2178.153,2180.20 2 3
quizapp/internal/worker/worker.go:2178.153,2180.20 2 4
quizapp/internal/worker/worker.go:2180.20,2181.33 1 2
quizapp/internal/worker/worker.go:2180.20,2181.33 1 3
quizapp/internal/worker/worker.go:2181.33,2183.4 1 2
quizapp/internal/worker/worker.go:2184.3,2184.34 1 2
quizapp/internal/worker/worker.go:2184.3,2184.34 1 3
quizapp/internal/worker/worker.go:2184.34,2186.4 1 2
quizapp/internal/worker/worker.go:2187.29,2189.4 1 1
quizapp/internal/worker/worker.go:2187.3,2187.29 1 2
quizapp/internal/worker/worker.go:2187.3,2187.29 1 3
quizapp/internal/worker/worker.go:2190.3,2190.34 1 2
quizapp/internal/worker/worker.go:2190.3,2190.34 1 3
quizapp/internal/worker/worker.go:2190.34,2192.4 1 1
quizapp/internal/worker/worker.go:2190.34,2192.4 1 2
quizapp/internal/worker/worker.go:2193.3,2193.39 1 2
quizapp/internal/worker/worker.go:2193.3,2193.39 1 3
quizapp/internal/worker/worker.go:2193.39,2195.4 1 1
quizapp/internal/worker/worker.go:2196.3,2196.37 1 2
quizapp/internal/worker/worker.go:2196.3,2196.37 1 3
quizapp/internal/worker/worker.go:2196.37,2198.4 1 1
quizapp/internal/worker/worker.go:2199.3,2199.32 1 2
quizapp/internal/worker/worker.go:2199.3,2199.32 1 3
quizapp/internal/worker/worker.go:2199.32,2201.4 1 1
quizapp/internal/worker/worker.go:2199.32,2201.4 1 2
quizapp/internal/worker/worker.go:2203.2,2204.28 2 3
quizapp/internal/worker/worker.go:2203.2,2204.28 2 4
quizapp/internal/worker/worker.go:2204.28,2206.3 1 2
quizapp/internal/worker/worker.go:2204.28,2206.3 1 3
quizapp/internal/worker/worker.go:2206.8,2208.3 1 1
quizapp/internal/worker/worker.go:2209.2,2209.167 1 3
quizapp/internal/worker/worker.go:2209.2,2209.167 1 4
quizapp/internal/worker/worker.go:2241.96,2253.16 4 0
quizapp/internal/worker/worker.go:2241.96,2253.16 4 1
quizapp/internal/worker/worker.go:225.2,232.29 4 2
quizapp/internal/worker/worker.go:2253.16,2259.3 3 0
quizapp/internal/worker/worker.go:2260.2,2263.4 1 0
quizapp/internal/worker/worker.go:2260.2,2263.4 1 1
quizapp/internal/worker/worker.go:2267.121,2268.25 1 8
quizapp/internal/worker/worker.go:2267.121,2268.25 1 9
quizapp/internal/worker/worker.go:2268.25,2270.3 1 1
quizapp/internal/worker/worker.go:2271.2,2273.74 2 7
quizapp/internal/worker/worker.go:2271.2,2273.74 2 8
quizapp/internal/worker/worker.go:2273.74,2275.3 1 2
quizapp/internal/worker/worker.go:2277.2,2277.46 1 7
quizapp/internal/worker/worker.go:2277.2,2277.46 1 8
quizapp/internal/worker/worker.go:2277.46,2279.3 1 2
quizapp/internal/worker/worker.go:2281.2,2281.39 1 7
quizapp/internal/worker/worker.go:2281.2,2281.39 1 8
quizapp/internal/worker/worker.go:2281.39,2283.54 2 2
quizapp/internal/worker/worker.go:2283.54,2285.4 1 2
quizapp/internal/worker/worker.go:2286.3,2286.87 1 2
quizapp/internal/worker/worker.go:2289.2,2289.41 1 7
quizapp/internal/worker/worker.go:2289.2,2289.41 1 8
quizapp/internal/worker/worker.go:2289.41,2291.3 1 4
quizapp/internal/worker/worker.go:2289.41,2291.3 1 5
quizapp/internal/worker/worker.go:2293.2,2293.20 1 7
quizapp/internal/worker/worker.go:2293.2,2293.20 1 8
quizapp/internal/worker/worker.go:2293.20,2295.34 2 0
quizapp/internal/worker/worker.go:2293.20,2295.34 2 1
quizapp/internal/worker/worker.go:2295.34,2297.4 1 0
quizapp/internal/worker/worker.go:2298.3,2298.33 1 0
quizapp/internal/worker/worker.go:2298.3,2298.33 1 1
quizapp/internal/worker/worker.go:2298.33,2300.4 1 0
quizapp/internal/worker/worker.go:2301.3,2301.37 1 0
quizapp/internal/worker/worker.go:2301.3,2301.37 1 1
quizapp/internal/worker/worker.go:2301.37,2303.4 1 0
quizapp/internal/worker/worker.go:2304.29,2306.4 1 0
quizapp/internal/worker/worker.go:2304.3,2304.29 1 0
quizapp/internal/worker/worker.go:2304.3,2304.29 1 1
quizapp/internal/worker/worker.go:2307.3,2307.31 1 0
quizapp/internal/worker/worker.go:2307.3,2307.31 1 1
quizapp/internal/worker/worker.go:2307.31,2309.4 1 0
quizapp/internal/worker/worker.go:2312.2,2312.23 1 7
quizapp/internal/worker/worker.go:2312.2,2312.23 1 8
quizapp/internal/worker/worker.go:2312.23,2314.3 1 0
quizapp/internal/worker/worker.go:2316.2,2316.36 1 7
quizapp/internal/worker/worker.go:2316.2,2316.36 1 8
quizapp/internal/worker/worker.go:232.29,238.70 4 1
quizapp/internal/worker/worker.go:2320.159,2323.16 2 0
quizapp/internal/worker/worker.go:2320.159,2323.16 2 1
quizapp/internal/worker/worker.go:2323.16,2330.3 2 0
quizapp/internal/worker/worker.go:2333.2,2334.16 2 0
quizapp/internal/worker/worker.go:2333.2,2334.16 2 1
quizapp/internal/worker/worker.go:2334.16,2341.3 2 0
quizapp/internal/worker/worker.go:2344.2,2345.33 2 0
quizapp/internal/worker/worker.go:2344.2,2345.33 2 1
quizapp/internal/worker/worker.go:2345.33,2346.61 1 0
quizapp/internal/worker/worker.go:2346.61,2348.4 1 0
quizapp/internal/worker/worker.go:2352.2,2353.16 2 0
quizapp/internal/worker/worker.go:2352.2,2353.16 2 1
quizapp/internal/worker/worker.go:2353.16,2360.3 2 0
quizapp/internal/worker/worker.go:2363.2,2364.16 2 0
quizapp/internal/worker/worker.go:2363.2,2364.16 2 1
quizapp/internal/worker/worker.go:2364.16,2371.3 2 0
quizapp/internal/worker/worker.go:2374.2,2375.16 2 0
quizapp/internal/worker/worker.go:2374.2,2375.16 2 1
quizapp/internal/worker/worker.go:2375.16,2382.3 2 0
quizapp/internal/worker/worker.go:238.70,246.4 4 0
quizapp/internal/worker/worker.go:2385.2,2395.3 2 0
quizapp/internal/worker/worker.go:2385.2,2395.3 2 1
quizapp/internal/worker/worker.go:2399.82,2405.2 1 0
quizapp/internal/worker/worker.go:2408.161,2410.2 1 12
quizapp/internal/worker/worker.go:2408.161,2410.2 1 8
quizapp/internal/worker/worker.go:2413.160,2415.2 1 14
quizapp/internal/worker/worker.go:2413.160,2415.2 1 9
quizapp/internal/worker/worker.go:2418.169,2420.2 1 12
quizapp/internal/worker/worker.go:2418.169,2420.2 1 8
quizapp/internal/worker/worker.go:246.9,248.4 1 1
quizapp/internal/worker/worker.go:251.140,255.4 1 0
quizapp/internal/worker/worker.go:251.3,251.140 1 1
quizapp/internal/worker/worker.go:258.3,258.85 1 1
quizapp/internal/worker/worker.go:258.85,263.4 1 0
quizapp/internal/worker/worker.go:266.2,279.12 3 2
quizapp/internal/worker/worker.go:283.92,289.16 4 3
quizapp/internal/worker/worker.go:289.16,292.3 2 0
quizapp/internal/worker/worker.go:294.2,297.29 3 3
quizapp/internal/worker/worker.go:297.29,299.51 1 9
quizapp/internal/worker/worker.go:299.51,300.12 1 2
quizapp/internal/worker/worker.go:304.3,305.17 2 7
quizapp/internal/worker/worker.go:305.17,311.12 2 0
quizapp/internal/worker/worker.go:315.3,315.50 1 7
quizapp/internal/worker/worker.go:315.50,316.12 1 3
quizapp/internal/worker/worker.go:320.3,320.41 1 4
quizapp/internal/worker/worker.go:320.41,322.33 2 2
quizapp/internal/worker/worker.go:322.33,323.13 1 2
quizapp/internal/worker/worker.go:327.3,327.46 1 2
quizapp/internal/worker/worker.go:330.2,335.27 2 3
quizapp/internal/worker/worker.go:341.78,353.16 5 11
quizapp/internal/worker/worker.go:341.78,353.16 5 6
quizapp/internal/worker/worker.go:353.16,357.3 3 0
quizapp/internal/worker/worker.go:359.2,359.21 1 11
quizapp/internal/worker/worker.go:359.2,359.21 1 6
quizapp/internal/worker/worker.go:359.21,364.3 2 1
quizapp/internal/worker/worker.go:359.21,364.3 2 4
quizapp/internal/worker/worker.go:366.2,373.29 4 5
quizapp/internal/worker/worker.go:366.2,373.29 4 7
quizapp/internal/worker/worker.go:373.29,376.56 2 7
quizapp/internal/worker/worker.go:373.29,376.56 2 9
quizapp/internal/worker/worker.go:376.56,378.4 1 0
quizapp/internal/worker/worker.go:376.56,378.4 1 2
quizapp/internal/worker/worker.go:381.3,382.17 2 7
quizapp/internal/worker/worker.go:381.3,382.17 2 9
quizapp/internal/worker/worker.go:382.17,390.4 2 0
quizapp/internal/worker/worker.go:393.3,398.19 4 7
quizapp/internal/worker/worker.go:393.3,398.19 4 9
quizapp/internal/worker/worker.go:398.19,401.4 1 0
quizapp/internal/worker/worker.go:407.3,408.60 2 7
quizapp/internal/worker/worker.go:407.3,408.60 2 9
quizapp/internal/worker/worker.go:408.60,410.4 1 0
quizapp/internal/worker/worker.go:408.60,410.4 1 2
quizapp/internal/worker/worker.go:411.26,418.4 2 7
quizapp/internal/worker/worker.go:411.26,418.4 2 9
quizapp/internal/worker/worker.go:411.3,411.26 1 7
quizapp/internal/worker/worker.go:411.3,411.26 1 9
quizapp/internal/worker/worker.go:419.3,419.33 1 7
quizapp/internal/worker/worker.go:419.3,419.33 1 9
quizapp/internal/worker/worker.go:419.33,422.92 2 56
quizapp/internal/worker/worker.go:419.33,422.92 2 72
quizapp/internal/worker/worker.go:422.92,430.5 2 16
quizapp/internal/worker/worker.go:430.10,432.5 1 40
quizapp/internal/worker/worker.go:430.10,432.5 1 56
quizapp/internal/worker/worker.go:436.2,441.12 2 5
quizapp/internal/worker/worker.go:436.2,441.12 2 7
quizapp/internal/worker/worker.go:446.96,452.16 4 10
quizapp/internal/worker/worker.go:446.96,452.16 4 15
quizapp/internal/worker/worker.go:452.16,455.3 2 1
quizapp/internal/worker/worker.go:457.2,459.29 2 14
quizapp/internal/worker/worker.go:457.2,459.29 2 9
quizapp/internal/worker/worker.go:459.29,461.75 1 16
quizapp/internal/worker/worker.go:459.29,461.75 1 19
quizapp/internal/worker/worker.go:461.75,466.12 2 3
quizapp/internal/worker/worker.go:469.3,469.65 1 13
quizapp/internal/worker/worker.go:469.3,469.65 1 16
quizapp/internal/worker/worker.go:469.65,474.12 2 3
quizapp/internal/worker/worker.go:478.3,478.52 1 10
quizapp/internal/worker/worker.go:478.3,478.52 1 13
quizapp/internal/worker/worker.go:478.52,483.12 2 0
quizapp/internal/worker/worker.go:478.52,483.12 2 1
quizapp/internal/worker/worker.go:486.3,486.46 1 10
quizapp/internal/worker/worker.go:486.3,486.46 1 12
quizapp/internal/worker/worker.go:489.2,494.27 2 14
quizapp/internal/worker/worker.go:489.2,494.27 2 9
quizapp/internal/worker/worker.go:498.77,510.16 5 0
quizapp/internal/worker/worker.go:498.77,510.16 5 3
quizapp/internal/worker/worker.go:510.16,514.3 3 0
quizapp/internal/worker/worker.go:516.2,516.21 1 0
quizapp/internal/worker/worker.go:516.2,516.21 1 3
quizapp/internal/worker/worker.go:516.21,521.3 2 0
quizapp/internal/worker/worker.go:516.21,521.3 2 3
quizapp/internal/worker/worker.go:523.2,530.29 4 0
quizapp/internal/worker/worker.go:530.29,533.56 2 0
quizapp/internal/worker/worker.go:533.56,535.4 1 0
quizapp/internal/worker/worker.go:538.3,539.17 2 0
quizapp/internal/worker/worker.go:539.17,547.4 2 0
quizapp/internal/worker/worker.go:550.3,555.17 4 0
quizapp/internal/worker/worker.go:555.17,557.50 1 0
quizapp/internal/worker/worker.go:557.50,564.13 2 0
quizapp/internal/worker/worker.go:566.4,572.6 2 0
quizapp/internal/worker/worker.go:573.9,575.4 1 0
quizapp/internal/worker/worker.go:578.2,583.12 2 0
quizapp/internal/worker/worker.go:587.94,593.16 4 0
quizapp/internal/worker/worker.go:587.94,593.16 4 3
quizapp/internal/worker/worker.go:593.16,596.3 2 0
quizapp/internal/worker/worker.go:598.2,600.29 2 0
quizapp/internal/worker/worker.go:598.2,600.29 2 3
quizapp/internal/worker/worker.go:600.29,602.75 1 0
quizapp/internal/worker/worker.go:600.29,602.75 1 1
quizapp/internal/worker/worker.go:602.75,603.12 1 0
quizapp/internal/worker/worker.go:606.3,606.65 1 0
quizapp/internal/worker/worker.go:606.3,606.65 1 1
quizapp/internal/worker/worker.go:606.65,607.12 1 0
quizapp/internal/worker/worker.go:611.3,611.52 1 0
quizapp/internal/worker/worker.go:611.3,611.52 1 1
quizapp/internal/worker/worker.go:611.52,612.12 1 0
quizapp/internal/worker/worker.go:611.52,612.12 1 1
quizapp/internal/worker/worker.go:615.3,615.46 1 0
quizapp/internal/worker/worker.go:618.2,623.27 2 0
quizapp/internal/worker/worker.go:618.2,623.27 2 3
quizapp/internal/worker/worker.go:627.72,633.40 3 2
quizapp/internal/worker/worker.go:627.72,633.40 3 5
quizapp/internal/worker/worker.go:633.40,636.3 2 0
quizapp/internal/worker/worker.go:639.2,644.33 4 2
quizapp/internal/worker/worker.go:639.2,644.33 4 5
quizapp/internal/worker/worker.go:644.33,646.3 1 0
quizapp/internal/worker/worker.go:644.33,646.3 1 3
quizapp/internal/worker/worker.go:649.2,650.16 2 2
quizapp/internal/worker/worker.go:650.16,653.3 2 0
quizapp/internal/worker/worker.go:655.2,662.29 4 2
quizapp/internal/worker/worker.go:662.29,665.56 2 2
quizapp/internal/worker/worker.go:665.56,667.4 1 0
quizapp/internal/worker/worker.go:669.3,670.17 2 2
quizapp/internal/worker/worker.go:670.17,672.4 1 0
quizapp/internal/worker/worker.go:674.3,679.17 4 2
quizapp/internal/worker/worker.go:679.17,685.12 3 0
quizapp/internal/worker/worker.go:688.18,690.12 1 0
quizapp/internal/worker/worker.go:688.3,688.18 1 2
quizapp/internal/worker/worker.go:694.3,695.10 2 2
quizapp/internal/worker/worker.go:695.10,699.12 2 0
quizapp/internal/worker/worker.go:702.3,703.17 2 2
quizapp/internal/worker/worker.go:703.17,709.12 3 0
quizapp/internal/worker/worker.go:712.18,713.12 1 1
quizapp/internal/worker/worker.go:712.3,712.18 1 2
quizapp/internal/worker/worker.go:716.3,716.83 1 1
quizapp/internal/worker/worker.go:716.83,722.4 2 0
quizapp/internal/worker/worker.go:722.9,724.4 1 1
quizapp/internal/worker/worker.go:727.2,732.12 2 2
quizapp/internal/worker/worker.go:736.96,742.16 4 2
quizapp/internal/worker/worker.go:742.16,745.3 2 0
quizapp/internal/worker/worker.go:747.2,749.29 2 2
quizapp/internal/worker/worker.go:749.29,751.51 1 2
quizapp/internal/worker/worker.go:751.51,752.12 1 0
quizapp/internal/worker/worker.go:756.3,756.39 1 2
quizapp/internal/worker/worker.go:756.39,757.12 1 0
quizapp/internal/worker/worker.go:760.3,760.46 1 2
quizapp/internal/worker/worker.go:763.2,768.27 2 2
quizapp/internal/worker/worker.go:772.626,773.20 1 59
quizapp/internal/worker/worker.go:772.626,773.20 1 80
quizapp/internal/worker/worker.go:773.20,775.3 1 1
quizapp/internal/worker/worker.go:777.2,781.23 3 59
quizapp/internal/worker/worker.go:777.2,781.23 3 80
quizapp/internal/worker/worker.go:781.23,783.3 1 59
quizapp/internal/worker/worker.go:785.2,810.35 2 59
quizapp/internal/worker/worker.go:785.2,810.35 2 80
quizapp/internal/worker/worker.go:810.35,812.3 1 0
quizapp/internal/worker/worker.go:815.2,817.10 2 59
quizapp/internal/worker/worker.go:815.2,817.10 2 80
quizapp/internal/worker/worker.go:821.53,823.18 2 63
quizapp/internal/worker/worker.go:821.53,823.18 2 84
quizapp/internal/worker/worker.go:823.18,825.3 1 60
quizapp/internal/worker/worker.go:823.18,825.3 1 81
quizapp/internal/worker/worker.go:826.2,827.16 2 3
quizapp/internal/worker/worker.go:827.16,829.3 1 1
quizapp/internal/worker/worker.go:830.2,830.12 1 2
quizapp/internal/worker/worker.go:834.45,854.6 10 0
quizapp/internal/worker/worker.go:834.45,854.6 10 1
quizapp/internal/worker/worker.go:854.6,855.10 1 0
quizapp/internal/worker/worker.go:854.6,855.10 1 1
quizapp/internal/worker/worker.go:856.21,863.10 5 0
quizapp/internal/worker/worker.go:856.21,863.10 5 1
quizapp/internal/worker/worker.go:865.19,866.14 1 0
quizapp/internal/worker/worker.go:868.26,873.14 3 0
quizapp/internal/worker/worker.go:879.58,880.35 1 1
quizapp/internal/worker/worker.go:879.58,880.35 1 2
quizapp/internal/worker/worker.go:880.35,884.67 2 1
quizapp/internal/worker/worker.go:884.67,888.4 1 0
quizapp/internal/worker/worker.go:888.9,892.4 1 1
quizapp/internal/worker/worker.go:897.69,900.16 3 1
quizapp/internal/worker/worker.go:897.69,900.16 3 2
quizapp/internal/worker/worker.go:900.16,904.3 1 0
quizapp/internal/worker/worker.go:904.25,906.3 1 0
quizapp/internal/worker/worker.go:904.8,904.25 1 1
quizapp/internal/worker/worker.go:904.8,904.25 1 2
quizapp/internal/worker/worker.go:906.8,908.17 2 1
quizapp/internal/worker/worker.go:906.8,908.17 2 2
quizapp/internal/worker/worker.go:908.17,913.4 1 0
quizapp/internal/worker/worker.go:913.46,915.4 1 1
quizapp/internal/worker/worker.go:913.9,913.46 1 1
quizapp/internal/worker/worker.go:913.9,913.46 1 2
quizapp/internal/worker/worker.go:917.2,917.22 1 1
quizapp/internal/worker/worker.go:917.2,917.22 1 2
quizapp/internal/worker/worker.go:920.53,924.6 3 0
quizapp/internal/worker/worker.go:920.53,924.6 3 2
quizapp/internal/worker/worker.go:924.6,925.10 1 0
quizapp/internal/worker/worker.go:924.6,925.10 1 2
quizapp/internal/worker/worker.go:926.21,927.10 1 0
quizapp/internal/worker/worker.go:926.21,927.10 1 2
quizapp/internal/worker/worker.go:928.19,929.26 1 0
quizapp/internal/worker/worker.go:935.55,936.73 1 1
quizapp/internal/worker/worker.go:936.73,940.3 1 0
quizapp/internal/worker/worker.go:944.43,954.12 5 0
quizapp/internal/worker/worker.go:944.43,954.12 5 4
quizapp/internal/worker/worker.go:954.12,958.3 3 0
quizapp/internal/worker/worker.go:954.12,958.3 3 1
quizapp/internal/worker/worker.go:960.2,965.64 4 0
quizapp/internal/worker/worker.go:960.2,965.64 4 3
quizapp/internal/worker/worker.go:965.64,969.3 1 0
quizapp/internal/worker/worker.go:972.2,972.56 1 0
quizapp/internal/worker/worker.go:972.2,972.56 1 3
quizapp/internal/worker/worker.go:972.56,976.3 1 0
quizapp/internal/worker/worker.go:979.2,979.54 1 0
quizapp/internal/worker/worker.go:979.2,979.54 1 3
quizapp/internal/worker/worker.go:979.54,983.3 1 0
quizapp/internal/worker/worker.go:986.2,986.63 1 0
quizapp/internal/worker/worker.go:986.2,986.63 1 3
quizapp/internal/worker/worker.go:986.63,990.3 1 0
quizapp/internal/worker/worker.go:993.2,993.58 1 0
quizapp/internal/worker/worker.go:993.2,993.58 1 3
quizapp/internal/worker/worker.go:993.58,997.3 1 0
